<?xml version="1.0" encoding="UTF-8"?>
<testsuites name="ProAcc_Suite" time="1896.703" tests="29" failures="0" skips="0" errors="0">
   <testsuite name="ProAcc_Suite" tests="29" failures="0" errors="0" time="1896.703" skips="0" timestamp="2021-03-01 23:24:32" hostname="Group10 - Group10-PC" id="Test Suites/ProAcc_Suite">
      <properties>
         <property name="deviceName" value=""/>
         <property name="devicePlatform" value=""/>
         <property name="logFolder" value="C:\\Users\\Group10\\Desktop\\ProAcc_Test\\ProAcc_Test_New\\Reports\\20210301_232421\\ProAcc_Suite\\20210301_232421"/>
         <property name="logFiles" value="C:\\Users\\Group10\\Desktop\\ProAcc_Test\\ProAcc_Test_New\\Reports\\20210301_232421\\ProAcc_Suite\\20210301_232421\\execution0.log"/>
         <property name="attachments" value=""/>
         <property name="hostName" value="Group10 - Group10-PC"/>
         <property name="os" value="Windows 7 64bit"/>
         <property name="katalonVersion" value="7.9.1.208"/>
         <property name="browser" value="Chrome 88.0.4324.182"/>
         <property name="hostAddress" value="192.168.1.4"/>
         <property name="sessionId" value="5d13a038ad2503fbbe42f271374946ef"/>
         <property name="seleniumVersion" value="3.141.59"/>
         <property name="proxyInformation" value="ProxyInformation { proxyOption=NO_PROXY, proxyServerType=HTTP, username=, password=********, proxyServerAddress=, proxyServerPort=0, executionList=&quot;&quot;, isApplyToDesiredCapabilities=true }"/>
         <property name="platform" value="Windows 7"/>
      </properties>
      <testcase name="Test Cases/Tc_ProAcc_Login/Login" time="33.072" classname="Test Cases/Tc_ProAcc_Login/Login" status="PASSED">
         <system-out><![CDATA[2021-03-01 23:24:35 - [TEST_CASE][PASSED] - Test Cases/Tc_ProAcc_Login/Login: Test Cases/Tc_ProAcc_Login/Login

2021-03-01 23:24:36 - [TEST_STEP][PASSED] - runWithCucumberRunner(testRunner.Login_Runner): Run with 'testRunner.Login_Runner' was passed

2021-03-01 23:24:41 - [MESSAGE][INFO] - Starting 'Chrome' driver

2021-03-01 23:24:41 - [MESSAGE][INFO] - User set preference: ['prefs', '{download.default_directory=Include\Downloaded Files}']

2021-03-01 23:24:41 - [MESSAGE][INFO] - Action delay is set to 0 milliseconds

2021-03-01 23:24:46 - [MESSAGE][PASSED] - Browser is opened with url: ''

2021-03-01 23:24:46 - [MESSAGE][PASSED] - Current window maximized

2021-03-01 23:24:51 - [MESSAGE][PASSED] - Delayed 5 second(s)

2021-03-01 23:24:53 - [MESSAGE][PASSED] - Navigate to 'http://123.176.34.15:4041/PROACC2QA/' successfully

2021-03-01 23:24:55 - [MESSAGE][PASSED] - Text 'admin' is set on object 'Object Repository/ProAcc_Login/input_User Name_Username'

2021-03-01 23:24:57 - [MESSAGE][PASSED] - Delayed 2 second(s)

2021-03-01 23:24:58 - [MESSAGE][PASSED] - Text 'admin@12' is set on object 'Object Repository/ProAcc_Login/input_Password_Password'

2021-03-01 23:25:00 - [MESSAGE][PASSED] - Delayed 2 second(s)

2021-03-01 23:25:05 - [MESSAGE][PASSED] - Object: 'Object Repository/ProAcc_Login/button_Sign In' is clicked on

2021-03-01 23:25:08 - [MESSAGE][PASSED] - Delayed 3 second(s)

2021-03-01 23:25:08 - [MESSAGE][PASSED] - Run with 'testRunner.Login_Runner' was passed]]></system-out>
         <system-err><![CDATA[]]></system-err>
      </testcase>
      <testcase name="Test Cases/Tc_ProAcc_Admin/Tc_Customer" time="24.986" classname="Test Cases/Tc_ProAcc_Admin/Tc_Customer" status="PASSED">
         <system-out><![CDATA[2021-03-01 23:25:08 - [TEST_CASE][PASSED] - Test Cases/Tc_ProAcc_Admin/Tc_Customer: Test Cases/Tc_ProAcc_Admin/Tc_Customer

2021-03-01 23:25:09 - [TEST_STEP][PASSED] - runWithCucumberRunner(testRunner.Customer_Runner): Run with 'testRunner.Customer_Runner' was passed

2021-03-01 23:25:16 - [MESSAGE][PASSED] - Object: 'Object Repository/ProAcc_Admin/ProAcc_Customer/span_Configuration' is clicked on

2021-03-01 23:25:18 - [MESSAGE][PASSED] - Object: 'Object Repository/ProAcc_Admin/ProAcc_Customer/a_Customer' is clicked on

2021-03-01 23:25:20 - [MESSAGE][PASSED] - Delayed 2 second(s)

2021-03-01 23:25:21 - [MESSAGE][PASSED] - Object: 'Object Repository/ProAcc_Admin/ProAcc_Customer/button_Add Customer' is clicked on

2021-03-01 23:25:22 - [MESSAGE][PASSED] - Delayed 1 second(s)

2021-03-01 23:25:23 - [MESSAGE][PASSED] - Object: 'Object Repository/ProAcc_Admin/ProAcc_Customer/input_Customer Name_txtCompanyName' is clicked on

2021-03-01 23:25:26 - [MESSAGE][PASSED] - Text 'Cipla Industries' is set on object 'Object Repository/ProAcc_Admin/ProAcc_Customer/input_Customer Name_txtCompanyName'

2021-03-01 23:25:27 - [MESSAGE][PASSED] - All options with label 'Pharmaceuticals' are selected in object 'Object Repository/ProAcc_Admin/ProAcc_Customer/select_Select IndustrySector               _9609f9'  using regular expression

2021-03-01 23:25:29 - [MESSAGE][PASSED] - Text 'sai' is set on object 'Object Repository/ProAcc_Admin/ProAcc_Customer/input_Contact Person_txtContact'

2021-03-01 23:25:30 - [MESSAGE][PASSED] - Text 'Test@promantus.com' is set on object 'Object Repository/ProAcc_Admin/ProAcc_Customer/input_Email_txtCustomerEmail'

2021-03-01 23:25:32 - [MESSAGE][PASSED] - Text '7013955452' is set on object 'Object Repository/ProAcc_Admin/ProAcc_Customer/input_Phone_txtCustomerPhone'

2021-03-01 23:25:33 - [MESSAGE][PASSED] - Object: 'Object Repository/ProAcc_Admin/ProAcc_Customer/button_Save' is clicked on

2021-03-01 23:25:33 - [MESSAGE][PASSED] - Run with 'testRunner.Customer_Runner' was passed]]></system-out>
         <system-err><![CDATA[]]></system-err>
      </testcase>
      <testcase name="Test Cases/Tc_ProAcc_Admin/Tc_User" time="100.135" classname="Test Cases/Tc_ProAcc_Admin/Tc_User" status="PASSED">
         <system-out><![CDATA[2021-03-01 23:25:33 - [TEST_CASE][PASSED] - Test Cases/Tc_ProAcc_Admin/Tc_User: Test Cases/Tc_ProAcc_Admin/Tc_User

2021-03-01 23:25:34 - [TEST_STEP][PASSED] - runWithCucumberRunner(testRunner.Users_Runner): Run with 'testRunner.Users_Runner' was passed

2021-03-01 23:25:38 - [MESSAGE][PASSED] - Object: 'Object Repository/ProAcc_Admin/ProAcc_Users/usersetting' is clicked on

2021-03-01 23:25:39 - [MESSAGE][PASSED] - Object: 'Object Repository/ProAcc_Admin/ProAcc_Users/click_user' is clicked on

2021-03-01 23:25:40 - [MESSAGE][PASSED] - Delayed 1 second(s)

2021-03-01 23:25:41 - [MESSAGE][PASSED] - Delayed 1 second(s)

2021-03-01 23:25:42 - [MESSAGE][PASSED] - Object: 'Object Repository/ProAcc_Admin/ProAcc_Users/adduser' is clicked on

2021-03-01 23:25:44 - [MESSAGE][PASSED] - Text 'TestAdmin' is set on object 'Object Repository/ProAcc_Admin/ProAcc_Users/name'

2021-03-01 23:25:45 - [MESSAGE][PASSED] - Delayed 1 second(s)

2021-03-01 23:25:46 - [MESSAGE][PASSED] - Text 'TestAdmin' is set on object 'Object Repository/ProAcc_Admin/ProAcc_Users/loginid'

2021-03-01 23:25:47 - [MESSAGE][PASSED] - Delayed 1 second(s)

2021-03-01 23:25:48 - [MESSAGE][PASSED] - Text 'a12345@' is set on object 'Object Repository/ProAcc_Admin/ProAcc_Users/password'

2021-03-01 23:25:49 - [MESSAGE][PASSED] - Delayed 1 second(s)

2021-03-01 23:25:50 - [MESSAGE][PASSED] - Text 'a12345@' is set on object 'Object Repository/ProAcc_Admin/ProAcc_Users/confirmpassword'

2021-03-01 23:25:51 - [MESSAGE][PASSED] - Delayed 1 second(s)

2021-03-01 23:25:52 - [MESSAGE][PASSED] - Text '7013955452' is set on object 'Object Repository/ProAcc_Admin/ProAcc_Users/phone'

2021-03-01 23:25:53 - [MESSAGE][PASSED] - Delayed 1 second(s)

2021-03-01 23:25:54 - [MESSAGE][PASSED] - Text 'Test@promantus.com' is set on object 'Object Repository/ProAcc_Admin/ProAcc_Users/email'

2021-03-01 23:25:55 - [MESSAGE][PASSED] - Delayed 1 second(s)

2021-03-01 23:25:56 - [MESSAGE][PASSED] - All options with label 'Admin' are selected in object 'Object Repository/ProAcc_Admin/ProAcc_Users/usertypedrp'  using regular expression

2021-03-01 23:25:58 - [MESSAGE][PASSED] - Delayed 2 second(s)

2021-03-01 23:26:01 - [MESSAGE][PASSED] - Delayed 2 second(s)

2021-03-01 23:26:01 - [MESSAGE][PASSED] - Object: 'Object Repository/ProAcc_Admin/ProAcc_Users/btn_save' is clicked on

2021-03-01 23:26:03 - [MESSAGE][PASSED] - Delayed 2 second(s)

2021-03-01 23:26:04 - [MESSAGE][PASSED] - Object: 'Object Repository/ProAcc_Admin/ProAcc_Users/adduser' is clicked on

2021-03-01 23:26:05 - [MESSAGE][PASSED] - Text 'TestPM' is set on object 'Object Repository/ProAcc_Admin/ProAcc_Users/name'

2021-03-01 23:26:06 - [MESSAGE][PASSED] - Delayed 1 second(s)

2021-03-01 23:26:07 - [MESSAGE][PASSED] - Text 'TestPM' is set on object 'Object Repository/ProAcc_Admin/ProAcc_Users/loginid'

2021-03-01 23:26:08 - [MESSAGE][PASSED] - Delayed 1 second(s)

2021-03-01 23:26:09 - [MESSAGE][PASSED] - Text 'a12345@' is set on object 'Object Repository/ProAcc_Admin/ProAcc_Users/password'

2021-03-01 23:26:10 - [MESSAGE][PASSED] - Delayed 1 second(s)

2021-03-01 23:26:11 - [MESSAGE][PASSED] - Text 'a12345@' is set on object 'Object Repository/ProAcc_Admin/ProAcc_Users/confirmpassword'

2021-03-01 23:26:12 - [MESSAGE][PASSED] - Delayed 1 second(s)

2021-03-01 23:26:13 - [MESSAGE][PASSED] - Text '7013955452' is set on object 'Object Repository/ProAcc_Admin/ProAcc_Users/phone'

2021-03-01 23:26:14 - [MESSAGE][PASSED] - Delayed 1 second(s)

2021-03-01 23:26:15 - [MESSAGE][PASSED] - Text 'Test@promantus.com' is set on object 'Object Repository/ProAcc_Admin/ProAcc_Users/email'

2021-03-01 23:26:16 - [MESSAGE][PASSED] - Delayed 1 second(s)

2021-03-01 23:26:17 - [MESSAGE][PASSED] - All options with label 'Project Manager' are selected in object 'Object Repository/ProAcc_Admin/ProAcc_Users/usertypedrp'  using regular expression

2021-03-01 23:26:19 - [MESSAGE][PASSED] - Delayed 2 second(s)

2021-03-01 23:26:21 - [MESSAGE][PASSED] - Delayed 2 second(s)

2021-03-01 23:26:22 - [MESSAGE][PASSED] - Object: 'Object Repository/ProAcc_Admin/ProAcc_Users/btn_save' is clicked on

2021-03-01 23:26:24 - [MESSAGE][PASSED] - Delayed 2 second(s)

2021-03-01 23:26:24 - [MESSAGE][PASSED] - Object: 'Object Repository/ProAcc_Admin/ProAcc_Users/adduser' is clicked on

2021-03-01 23:26:26 - [MESSAGE][PASSED] - Text 'TestConsultant' is set on object 'Object Repository/ProAcc_Admin/ProAcc_Users/name'

2021-03-01 23:26:27 - [MESSAGE][PASSED] - Delayed 1 second(s)

2021-03-01 23:26:28 - [MESSAGE][PASSED] - Text 'TestConsultant' is set on object 'Object Repository/ProAcc_Admin/ProAcc_Users/loginid'

2021-03-01 23:26:29 - [MESSAGE][PASSED] - Delayed 1 second(s)

2021-03-01 23:26:30 - [MESSAGE][PASSED] - Text 'a12345@' is set on object 'Object Repository/ProAcc_Admin/ProAcc_Users/password'

2021-03-01 23:26:31 - [MESSAGE][PASSED] - Delayed 1 second(s)

2021-03-01 23:26:32 - [MESSAGE][PASSED] - Text 'a12345@' is set on object 'Object Repository/ProAcc_Admin/ProAcc_Users/confirmpassword'

2021-03-01 23:26:33 - [MESSAGE][PASSED] - Delayed 1 second(s)

2021-03-01 23:26:34 - [MESSAGE][PASSED] - Text '7013955452' is set on object 'Object Repository/ProAcc_Admin/ProAcc_Users/phone'

2021-03-01 23:26:35 - [MESSAGE][PASSED] - Delayed 1 second(s)

2021-03-01 23:26:36 - [MESSAGE][PASSED] - Text 'Test@promantus.com' is set on object 'Object Repository/ProAcc_Admin/ProAcc_Users/email'

2021-03-01 23:26:37 - [MESSAGE][PASSED] - Delayed 1 second(s)

2021-03-01 23:26:39 - [MESSAGE][PASSED] - All options with label 'Consultant' are selected in object 'Object Repository/ProAcc_Admin/ProAcc_Users/usertypedrp'  using regular expression

2021-03-01 23:26:41 - [MESSAGE][PASSED] - Delayed 2 second(s)

2021-03-01 23:26:42 - [MESSAGE][PASSED] - All options with label 'Functional Consultant' are selected in object 'Object Repository/ProAcc_Admin/ProAcc_Users/roledrp'  using regular expression

2021-03-01 23:26:43 - [MESSAGE][PASSED] - Delayed 1 second(s)

2021-03-01 23:26:45 - [MESSAGE][PASSED] - Delayed 2 second(s)

2021-03-01 23:26:47 - [MESSAGE][PASSED] - Object: 'Object Repository/ProAcc_Admin/ProAcc_Users/btn_save' is clicked on

2021-03-01 23:26:49 - [MESSAGE][PASSED] - Delayed 2 second(s)

2021-03-01 23:26:49 - [MESSAGE][PASSED] - Object: 'Object Repository/ProAcc_Admin/ProAcc_Users/adduser' is clicked on

2021-03-01 23:26:51 - [MESSAGE][PASSED] - Text 'TestCustomer' is set on object 'Object Repository/ProAcc_Admin/ProAcc_Users/name'

2021-03-01 23:26:52 - [MESSAGE][PASSED] - Delayed 1 second(s)

2021-03-01 23:26:53 - [MESSAGE][PASSED] - Text 'TestCustomer' is set on object 'Object Repository/ProAcc_Admin/ProAcc_Users/loginid'

2021-03-01 23:26:54 - [MESSAGE][PASSED] - Delayed 1 second(s)

2021-03-01 23:26:55 - [MESSAGE][PASSED] - Text 'a12345@' is set on object 'Object Repository/ProAcc_Admin/ProAcc_Users/password'

2021-03-01 23:26:56 - [MESSAGE][PASSED] - Delayed 1 second(s)

2021-03-01 23:26:57 - [MESSAGE][PASSED] - Text 'a12345@' is set on object 'Object Repository/ProAcc_Admin/ProAcc_Users/confirmpassword'

2021-03-01 23:26:58 - [MESSAGE][PASSED] - Delayed 1 second(s)

2021-03-01 23:26:59 - [MESSAGE][PASSED] - Text '7013955452' is set on object 'Object Repository/ProAcc_Admin/ProAcc_Users/phone'

2021-03-01 23:27:00 - [MESSAGE][PASSED] - Delayed 1 second(s)

2021-03-01 23:27:01 - [MESSAGE][PASSED] - Text 'Test@promantus.com' is set on object 'Object Repository/ProAcc_Admin/ProAcc_Users/email'

2021-03-01 23:27:02 - [MESSAGE][PASSED] - Delayed 1 second(s)

2021-03-01 23:27:03 - [MESSAGE][PASSED] - All options with label 'Customer' are selected in object 'Object Repository/ProAcc_Admin/ProAcc_Users/usertypedrp'  using regular expression

2021-03-01 23:27:05 - [MESSAGE][PASSED] - Delayed 2 second(s)

2021-03-01 23:27:06 - [MESSAGE][PASSED] - All options with label 'Functional Consultant' are selected in object 'Object Repository/ProAcc_Admin/ProAcc_Users/roledrp'  using regular expression

2021-03-01 23:27:07 - [MESSAGE][PASSED] - All options with label 'Cipla Industries' are selected in object 'Object Repository/ProAcc_Admin/ProAcc_Users/customerdrp'  using regular expression

2021-03-01 23:27:09 - [MESSAGE][PASSED] - Delayed 2 second(s)

2021-03-01 23:27:10 - [MESSAGE][PASSED] - Object: 'Object Repository/ProAcc_Admin/ProAcc_Users/btn_save' is clicked on

2021-03-01 23:27:12 - [MESSAGE][PASSED] - Delayed 2 second(s)

2021-03-01 23:27:13 - [MESSAGE][PASSED] - Delayed 1 second(s)

2021-03-01 23:27:13 - [MESSAGE][PASSED] - Run with 'testRunner.Users_Runner' was passed]]></system-out>
         <system-err><![CDATA[]]></system-err>
      </testcase>
      <testcase name="Test Cases/Tc_ProAcc_Admin/Tc_Projects" time="26.046" classname="Test Cases/Tc_ProAcc_Admin/Tc_Projects" status="PASSED">
         <system-out><![CDATA[2021-03-01 23:27:13 - [TEST_CASE][PASSED] - Test Cases/Tc_ProAcc_Admin/Tc_Projects: Test Cases/Tc_ProAcc_Admin/Tc_Projects

2021-03-01 23:27:14 - [TEST_STEP][PASSED] - runWithCucumberRunner(testRunner.Project_Runner): Run with 'testRunner.Project_Runner' was passed

2021-03-01 23:27:18 - [MESSAGE][PASSED] - Object: 'Object Repository/ProAcc_Admin/ProAcc_Project/click_config' is clicked on

2021-03-01 23:27:20 - [MESSAGE][PASSED] - Delayed 2 second(s)

2021-03-01 23:27:21 - [MESSAGE][PASSED] - Object: 'Object Repository/ProAcc_Admin/ProAcc_Project/click_AddnewPrj' is clicked on

2021-03-01 23:27:23 - [MESSAGE][PASSED] - Delayed 2 second(s)

2021-03-01 23:27:23 - [MESSAGE][PASSED] - Text 'TestProject' is set on object 'Object Repository/ProAcc_Admin/ProAcc_Project/btn_prjname'

2021-03-01 23:27:25 - [MESSAGE][PASSED] - Delayed 2 second(s)

2021-03-01 23:27:27 - [MESSAGE][PASSED] - All options with label 'TestPM' are selected in object 'Object Repository/ProAcc_Admin/ProAcc_Project/drp_prjmanager'  using regular expression

2021-03-01 23:27:29 - [MESSAGE][PASSED] - Delayed 2 second(s)

2021-03-01 23:27:30 - [MESSAGE][PASSED] - All options with label 'Cipla Industries' are selected in object 'Object Repository/ProAcc_Admin/ProAcc_Project/drp_customer'  using regular expression

2021-03-01 23:27:32 - [MESSAGE][PASSED] - Delayed 2 second(s)

2021-03-01 23:27:33 - [MESSAGE][PASSED] - All options with label 'MERGE' are selected in object 'Object Repository/ProAcc_Admin/ProAcc_Project/drp_scenario'  using regular expression

2021-03-01 23:27:35 - [MESSAGE][PASSED] - Delayed 2 second(s)

2021-03-01 23:27:36 - [MESSAGE][PASSED] - Text 'Pro acc Inprogress' is set on object 'Object Repository/ProAcc_Admin/ProAcc_Project/txt_description'

2021-03-01 23:27:38 - [MESSAGE][PASSED] - Delayed 2 second(s)

2021-03-01 23:27:39 - [MESSAGE][PASSED] - Object: 'Object Repository/ProAcc_Admin/ProAcc_Project/btn_save' is clicked on

2021-03-01 23:27:39 - [MESSAGE][PASSED] - Run with 'testRunner.Project_Runner' was passed]]></system-out>
         <system-err><![CDATA[]]></system-err>
      </testcase>
      <testcase name="Test Cases/Tc_ProAcc_Admin/Tc_Instance" time="9.699" classname="Test Cases/Tc_ProAcc_Admin/Tc_Instance" status="PASSED">
         <system-out><![CDATA[2021-03-01 23:27:39 - [TEST_CASE][PASSED] - Test Cases/Tc_ProAcc_Admin/Tc_Instance: Test Cases/Tc_ProAcc_Admin/Tc_Instance

2021-03-01 23:27:40 - [TEST_STEP][PASSED] - runWithCucumberRunner(testRunner.Instance_Runner): Run with 'testRunner.Instance_Runner' was passed

2021-03-01 23:27:44 - [MESSAGE][PASSED] - Object: 'Object Repository/ProAcc_Admin/ProAcc_Instance/Config_Btn' is clicked on

2021-03-01 23:27:45 - [MESSAGE][PASSED] - Object: 'Object Repository/ProAcc_Admin/ProAcc_Instance/AddInstance_Btn' is clicked on

2021-03-01 23:27:46 - [MESSAGE][PASSED] - Text 'TP1' is set on object 'Object Repository/ProAcc_Admin/ProAcc_Instance/InstanceName'

2021-03-01 23:27:47 - [MESSAGE][PASSED] - All options with label 'TestProject' are selected in object 'Object Repository/ProAcc_Admin/ProAcc_Instance/PrjName'  using regular expression

2021-03-01 23:27:48 - [MESSAGE][PASSED] - Text 'Testing Analysis' is set on object 'Object Repository/ProAcc_Admin/ProAcc_Instance/Description_Instance'

2021-03-01 23:27:49 - [MESSAGE][PASSED] - Object: 'Object Repository/ProAcc_Admin/ProAcc_Instance/BtnInstanceCreate' is clicked on

2021-03-01 23:27:49 - [MESSAGE][PASSED] - Run with 'testRunner.Instance_Runner' was passed]]></system-out>
         <system-err><![CDATA[]]></system-err>
      </testcase>
      <testcase name="Test Cases/Tc_ProAcc_Admin/Tc_Roles" time="13.834" classname="Test Cases/Tc_ProAcc_Admin/Tc_Roles" status="PASSED">
         <system-out><![CDATA[2021-03-01 23:27:49 - [TEST_CASE][PASSED] - Test Cases/Tc_ProAcc_Admin/Tc_Roles: Test Cases/Tc_ProAcc_Admin/Tc_Roles

2021-03-01 23:27:50 - [TEST_STEP][PASSED] - runWithCucumberRunner(testRunner.Role_Runner): Run with 'testRunner.Role_Runner' was passed

2021-03-01 23:27:53 - [MESSAGE][PASSED] - Object: 'Object Repository/ProAcc_Admin/ProAcc_Role/a_Roles' is clicked on

2021-03-01 23:27:54 - [MESSAGE][PASSED] - Object: 'Object Repository/ProAcc_Admin/ProAcc_Role/button_Add New Role' is clicked on

2021-03-01 23:27:57 - [MESSAGE][PASSED] - Delayed 3 second(s)

2021-03-01 23:27:58 - [MESSAGE][PASSED] - Text 'RoleTestPro' is set on object 'Object Repository/ProAcc_Admin/ProAcc_Role/input__RoleName'

2021-03-01 23:27:59 - [MESSAGE][PASSED] - Text 'Test Data' is set on object 'Object Repository/ProAcc_Admin/ProAcc_Role/textarea_Description_RoleDescription'

2021-03-01 23:28:00 - [MESSAGE][PASSED] - Object: 'Object Repository/ProAcc_Admin/ProAcc_Role/button_Save' is clicked on

2021-03-01 23:28:03 - [MESSAGE][PASSED] - Delayed 3 second(s)

2021-03-01 23:28:03 - [MESSAGE][PASSED] - Run with 'testRunner.Role_Runner' was passed]]></system-out>
         <system-err><![CDATA[]]></system-err>
      </testcase>
      <testcase name="Test Cases/Tc_ProAcc_Admin/Tc_PmTask" time="13.802" classname="Test Cases/Tc_ProAcc_Admin/Tc_PmTask" status="PASSED">
         <system-out><![CDATA[2021-03-01 23:28:03 - [TEST_CASE][PASSED] - Test Cases/Tc_ProAcc_Admin/Tc_PmTask: Test Cases/Tc_ProAcc_Admin/Tc_PmTask

2021-03-01 23:28:03 - [TEST_STEP][PASSED] - runWithCucumberRunner(testRunner.PmTask_Runner): Run with 'testRunner.PmTask_Runner' was passed

2021-03-01 23:28:07 - [MESSAGE][PASSED] - Object: 'Object Repository/ProAcc_Admin/Pm-Task/a_PM-Task' is clicked on

2021-03-01 23:28:08 - [MESSAGE][PASSED] - Object: 'Object Repository/ProAcc_Admin/Pm-Task/button_Add New PM Task' is clicked on

2021-03-01 23:28:10 - [MESSAGE][PASSED] - Delayed 2 second(s)

2021-03-01 23:28:10 - [MESSAGE][PASSED] - Object: 'Object Repository/ProAcc_Admin/Pm-Task/Select Task' is clicked on

2021-03-01 23:28:11 - [MESSAGE][PASSED] - Text 'Plan Project' is set on object 'Object Repository/ProAcc_Admin/Pm-Task/TaskCategory'

2021-03-01 23:28:12 - [MESSAGE][PASSED] - Keys 'CONTROL + ENTER + ' sent to object: 'Object Repository/ProAcc_Admin/Pm-Task/TaskCategory'

2021-03-01 23:28:13 - [MESSAGE][PASSED] - Text 'Task is going to be completed' is set on object 'Object Repository/ProAcc_Admin/Pm-Task/textarea__TaskName'

2021-03-01 23:28:15 - [MESSAGE][PASSED] - Delayed 2 second(s)

2021-03-01 23:28:16 - [MESSAGE][PASSED] - Text '11:00:00 AM' is set on object 'Object Repository/ProAcc_Admin/Pm-Task/input__ESTDHours'

2021-03-01 23:28:16 - [MESSAGE][PASSED] - Object: 'Object Repository/ProAcc_Admin/Pm-Task/button_Save' is clicked on

2021-03-01 23:28:17 - [MESSAGE][PASSED] - Run with 'testRunner.PmTask_Runner' was passed]]></system-out>
         <system-err><![CDATA[]]></system-err>
      </testcase>
      <testcase name="Test Cases/Tc_ProAcc_Admin/Tc_Activity" time="70.919" classname="Test Cases/Tc_ProAcc_Admin/Tc_Activity" status="PASSED">
         <system-out><![CDATA[2021-03-01 23:28:17 - [TEST_CASE][PASSED] - Test Cases/Tc_ProAcc_Admin/Tc_Activity: Test Cases/Tc_ProAcc_Admin/Tc_Activity

2021-03-01 23:28:17 - [TEST_STEP][PASSED] - runWithCucumberRunner(testRunner.Activity_Runner): Run with 'testRunner.Activity_Runner' was passed

2021-03-01 23:28:20 - [MESSAGE][PASSED] - Object: 'Object Repository/ProAcc_Admin/ProAcc_Activity/a_Activity' is clicked on

2021-03-01 23:28:22 - [MESSAGE][PASSED] - Object: 'Object Repository/ProAcc_Admin/ProAcc_Activity/button_Add Activity' is clicked on

2021-03-01 23:28:24 - [MESSAGE][PASSED] - Delayed 2 second(s)

2021-03-01 23:28:24 - [MESSAGE][PASSED] - Object: 'Object Repository/ProAcc_Admin/ProAcc_Activity/input__txtTask' is clicked on

2021-03-01 23:28:25 - [MESSAGE][PASSED] - Text 'Alexa_Assessment' is set on object 'Object Repository/ProAcc_Admin/ProAcc_Activity/input__txtTask'

2021-03-01 23:28:26 - [MESSAGE][PASSED] - All options with label 'Logistics' are selected in object 'Object Repository/ProAcc_Admin/ProAcc_Activity/Select Application Area'  using regular expression

2021-03-01 23:28:28 - [MESSAGE][PASSED] - All options with label 'Assessment' are selected in object 'Object Repository/ProAcc_Admin/ProAcc_Activity/Select Phase'  using regular expression

2021-03-01 23:28:29 - [MESSAGE][PASSED] - All options with label 'Basis Consultant' are selected in object 'Object Repository/ProAcc_Admin/ProAcc_Activity/Select Role'  using regular expression

2021-03-01 23:28:31 - [MESSAGE][PASSED] - All options with label 'Application Overview' are selected in object 'Object Repository/ProAcc_Admin/ProAcc_Activity/Select Building Block'  using regular expression

2021-03-01 23:28:31 - [MESSAGE][PASSED] - Text '12:22' is set on object 'Object Repository/ProAcc_Admin/ProAcc_Activity/input__txtEstimated'

2021-03-01 23:28:33 - [MESSAGE][PASSED] - All options with label 'Sequential' are selected in object 'Object Repository/ProAcc_Admin/ProAcc_Activity/Select Task Type'  using regular expression

2021-03-01 23:28:35 - [MESSAGE][PASSED] - Delayed 2 second(s)

2021-03-01 23:28:35 - [MESSAGE][PASSED] - Object: 'Object Repository/ProAcc_Admin/ProAcc_Activity/button_Save' is clicked on

2021-03-01 23:28:36 - [MESSAGE][PASSED] - Object: 'Object Repository/ProAcc_Admin/ProAcc_Activity/button_Save_1' is clicked on

2021-03-01 23:28:38 - [MESSAGE][PASSED] - Delayed 2 second(s)

2021-03-01 23:28:39 - [MESSAGE][PASSED] - Object: 'Object Repository/ProAcc_Admin/ProAcc_Activity/button_Add Activity' is clicked on

2021-03-01 23:28:41 - [MESSAGE][PASSED] - Delayed 2 second(s)

2021-03-01 23:28:41 - [MESSAGE][PASSED] - Object: 'Object Repository/ProAcc_Admin/ProAcc_Activity/input__txtTask' is clicked on

2021-03-01 23:28:42 - [MESSAGE][PASSED] - Text 'Alexa_Pre' is set on object 'Object Repository/ProAcc_Admin/ProAcc_Activity/input__txtTask'

2021-03-01 23:28:43 - [MESSAGE][PASSED] - All options with label 'Technical - BASIS' are selected in object 'Object Repository/ProAcc_Admin/ProAcc_Activity/Select Application Area'  using regular expression

2021-03-01 23:28:44 - [MESSAGE][PASSED] - All options with label 'Pre Conversion' are selected in object 'Object Repository/ProAcc_Admin/ProAcc_Activity/Select Phase'  using regular expression

2021-03-01 23:28:46 - [MESSAGE][PASSED] - All options with label 'Basis Consultant' are selected in object 'Object Repository/ProAcc_Admin/ProAcc_Activity/Select Role'  using regular expression

2021-03-01 23:28:47 - [MESSAGE][PASSED] - All options with label 'Application Overview' are selected in object 'Object Repository/ProAcc_Admin/ProAcc_Activity/Select Building Block'  using regular expression

2021-03-01 23:28:48 - [MESSAGE][PASSED] - Text '12:22' is set on object 'Object Repository/ProAcc_Admin/ProAcc_Activity/input__txtEstimated'

2021-03-01 23:28:49 - [MESSAGE][PASSED] - All options with label 'Sequential' are selected in object 'Object Repository/ProAcc_Admin/ProAcc_Activity/Select Task Type'  using regular expression

2021-03-01 23:28:51 - [MESSAGE][PASSED] - Delayed 2 second(s)

2021-03-01 23:28:52 - [MESSAGE][PASSED] - Object: 'Object Repository/ProAcc_Admin/ProAcc_Activity/button_Save' is clicked on

2021-03-01 23:28:53 - [MESSAGE][PASSED] - Object: 'Object Repository/ProAcc_Admin/ProAcc_Activity/button_Save_1' is clicked on

2021-03-01 23:28:55 - [MESSAGE][PASSED] - Delayed 2 second(s)

2021-03-01 23:28:55 - [MESSAGE][PASSED] - Object: 'Object Repository/ProAcc_Admin/ProAcc_Activity/button_Add Activity' is clicked on

2021-03-01 23:28:57 - [MESSAGE][PASSED] - Delayed 2 second(s)

2021-03-01 23:28:58 - [MESSAGE][PASSED] - Object: 'Object Repository/ProAcc_Admin/ProAcc_Activity/input__txtTask' is clicked on

2021-03-01 23:28:59 - [MESSAGE][PASSED] - Text 'Alexa_Con' is set on object 'Object Repository/ProAcc_Admin/ProAcc_Activity/input__txtTask'

2021-03-01 23:29:00 - [MESSAGE][PASSED] - All options with label 'Technical - BASIS' are selected in object 'Object Repository/ProAcc_Admin/ProAcc_Activity/Select Application Area'  using regular expression

2021-03-01 23:29:02 - [MESSAGE][PASSED] - All options with label 'Conversion' are selected in object 'Object Repository/ProAcc_Admin/ProAcc_Activity/Select Phase'  using regular expression

2021-03-01 23:29:03 - [MESSAGE][PASSED] - All options with label 'Basis Consultant' are selected in object 'Object Repository/ProAcc_Admin/ProAcc_Activity/Select Role'  using regular expression

2021-03-01 23:29:04 - [MESSAGE][PASSED] - All options with label 'Application Overview' are selected in object 'Object Repository/ProAcc_Admin/ProAcc_Activity/Select Building Block'  using regular expression

2021-03-01 23:29:05 - [MESSAGE][PASSED] - Text '12:22' is set on object 'Object Repository/ProAcc_Admin/ProAcc_Activity/input__txtEstimated'

2021-03-01 23:29:06 - [MESSAGE][PASSED] - All options with label 'Sequential' are selected in object 'Object Repository/ProAcc_Admin/ProAcc_Activity/Select Task Type'  using regular expression

2021-03-01 23:29:08 - [MESSAGE][PASSED] - Delayed 2 second(s)

2021-03-01 23:29:09 - [MESSAGE][PASSED] - Object: 'Object Repository/ProAcc_Admin/ProAcc_Activity/button_Save' is clicked on

2021-03-01 23:29:10 - [MESSAGE][PASSED] - Object: 'Object Repository/ProAcc_Admin/ProAcc_Activity/button_Save_1' is clicked on

2021-03-01 23:29:12 - [MESSAGE][PASSED] - Delayed 2 second(s)

2021-03-01 23:29:12 - [MESSAGE][PASSED] - Object: 'Object Repository/ProAcc_Admin/ProAcc_Activity/button_Add Activity' is clicked on

2021-03-01 23:29:14 - [MESSAGE][PASSED] - Delayed 2 second(s)

2021-03-01 23:29:14 - [MESSAGE][PASSED] - Object: 'Object Repository/ProAcc_Admin/ProAcc_Activity/input__txtTask' is clicked on

2021-03-01 23:29:15 - [MESSAGE][PASSED] - Text 'Alexa_Post' is set on object 'Object Repository/ProAcc_Admin/ProAcc_Activity/input__txtTask'

2021-03-01 23:29:16 - [MESSAGE][PASSED] - All options with label 'Technical - BASIS' are selected in object 'Object Repository/ProAcc_Admin/ProAcc_Activity/Select Application Area'  using regular expression

2021-03-01 23:29:17 - [MESSAGE][PASSED] - All options with label 'Post Conversion' are selected in object 'Object Repository/ProAcc_Admin/ProAcc_Activity/Select Phase'  using regular expression

2021-03-01 23:29:19 - [MESSAGE][PASSED] - All options with label 'Basis Consultant' are selected in object 'Object Repository/ProAcc_Admin/ProAcc_Activity/Select Role'  using regular expression

2021-03-01 23:29:20 - [MESSAGE][PASSED] - All options with label 'Application Overview' are selected in object 'Object Repository/ProAcc_Admin/ProAcc_Activity/Select Building Block'  using regular expression

2021-03-01 23:29:21 - [MESSAGE][PASSED] - Text '12:22' is set on object 'Object Repository/ProAcc_Admin/ProAcc_Activity/input__txtEstimated'

2021-03-01 23:29:22 - [MESSAGE][PASSED] - All options with label 'Sequential' are selected in object 'Object Repository/ProAcc_Admin/ProAcc_Activity/Select Task Type'  using regular expression

2021-03-01 23:29:24 - [MESSAGE][PASSED] - Delayed 2 second(s)

2021-03-01 23:29:24 - [MESSAGE][PASSED] - Object: 'Object Repository/ProAcc_Admin/ProAcc_Activity/button_Save' is clicked on

2021-03-01 23:29:25 - [MESSAGE][PASSED] - Object: 'Object Repository/ProAcc_Admin/ProAcc_Activity/button_Save_1' is clicked on

2021-03-01 23:29:27 - [MESSAGE][PASSED] - Delayed 2 second(s)

2021-03-01 23:29:27 - [MESSAGE][PASSED] - Run with 'testRunner.Activity_Runner' was passed]]></system-out>
         <system-err><![CDATA[]]></system-err>
      </testcase>
      <testcase name="Test Cases/Tc_ProAcc_PM/Tc_PmTaskMonitor" time="54.284" classname="Test Cases/Tc_ProAcc_PM/Tc_PmTaskMonitor" status="PASSED">
         <system-out><![CDATA[2021-03-01 23:29:27 - [TEST_CASE][PASSED] - Test Cases/Tc_ProAcc_PM/Tc_PmTaskMonitor: Test Cases/Tc_ProAcc_PM/Tc_PmTaskMonitor

2021-03-01 23:29:28 - [TEST_STEP][PASSED] - runWithCucumberRunner(testRunner.PmTaskMonitor_Runner): Run with 'testRunner.PmTaskMonitor_Runner' was passed

2021-03-01 23:29:31 - [MESSAGE][WARNING] - A browser is already opened. Closing browser and opening a new one

2021-03-01 23:29:33 - [MESSAGE][INFO] - Starting 'Chrome' driver

2021-03-01 23:29:33 - [MESSAGE][INFO] - User set preference: ['prefs', '{download.default_directory=Include\Downloaded Files}']

2021-03-01 23:29:33 - [MESSAGE][INFO] - Action delay is set to 0 milliseconds

2021-03-01 23:29:37 - [MESSAGE][PASSED] - Browser is opened with url: ''

2021-03-01 23:29:37 - [MESSAGE][PASSED] - Current window maximized

2021-03-01 23:29:42 - [MESSAGE][PASSED] - Delayed 5 second(s)

2021-03-01 23:29:43 - [MESSAGE][PASSED] - Navigate to 'http://123.176.34.15:4041/PROACC2QA/' successfully

2021-03-01 23:29:44 - [MESSAGE][PASSED] - Text 'TestPM' is set on object 'Object Repository/ProAcc_Login/input_User Name_Username'

2021-03-01 23:29:46 - [MESSAGE][PASSED] - Delayed 2 second(s)

2021-03-01 23:29:46 - [MESSAGE][PASSED] - Text 'a12345@' is set on object 'Object Repository/ProAcc_Login/input_Password_Password'

2021-03-01 23:29:49 - [MESSAGE][PASSED] - Object: 'Object Repository/ProAcc_Login/button_Sign In' is clicked on

2021-03-01 23:29:51 - [MESSAGE][PASSED] - Object: 'Object Repository/ProAcc_Pm/ProAcc_PmTaskMonitor/span_PM' is clicked on

2021-03-01 23:29:52 - [MESSAGE][PASSED] - Object: 'Object Repository/ProAcc_Pm/ProAcc_PmTaskMonitor/a_Click' is clicked on

2021-03-01 23:29:53 - [MESSAGE][PASSED] - All options with label 'TestProject' are selected in object 'Object Repository/ProAcc_Pm/ProAcc_PmTaskMonitor/select_Select Project'  using regular expression

2021-03-01 23:29:54 - [MESSAGE][PASSED] - Object: 'Object Repository/ProAcc_Pm/ProAcc_ResourceAllocation/Pull_Data_Btn' is clicked on

2021-03-01 23:29:56 - [MESSAGE][PASSED] - Object: 'Object Repository/ProAcc_Pm/ProAcc_PmTaskMonitor/i_Yet To Start_EditPMtask' is clicked on

2021-03-01 23:29:57 - [MESSAGE][PASSED] - Text '2:00' is set on object 'Object Repository/ProAcc_Pm/ProAcc_PmTaskMonitor/input_Actual Hours HHMM_txtAct'

2021-03-01 23:29:58 - [MESSAGE][PASSED] - All options with value '1' are selected in object 'Object Repository/ProAcc_Pm/ProAcc_PmTaskMonitor/select_CompletedWork In ProgressNot Applica_e58779'  using regular expression

2021-03-01 23:29:58 - [MESSAGE][PASSED] - Text 'Test' is set on object 'Object Repository/ProAcc_Pm/ProAcc_PmTaskMonitor/input_Comments_txtPMTaskComments'

2021-03-01 23:29:59 - [MESSAGE][PASSED] - Object: 'Object Repository/ProAcc_Pm/ProAcc_PmTaskMonitor/Save' is clicked on

2021-03-01 23:30:00 - [MESSAGE][PASSED] - Object: 'Object Repository/ProAcc_Pm/ProAcc_PmTaskMonitor/i_Yet To Start_EditPMtask' is clicked on

2021-03-01 23:30:01 - [MESSAGE][PASSED] - Text '2:00' is set on object 'Object Repository/ProAcc_Pm/ProAcc_PmTaskMonitor/input_Actual Hours HHMM_txtAct'

2021-03-01 23:30:02 - [MESSAGE][PASSED] - All options with value '1' are selected in object 'Object Repository/ProAcc_Pm/ProAcc_PmTaskMonitor/select_CompletedWork In ProgressNot Applica_e58779'  using regular expression

2021-03-01 23:30:02 - [MESSAGE][PASSED] - Text 'Test' is set on object 'Object Repository/ProAcc_Pm/ProAcc_PmTaskMonitor/input_Comments_txtPMTaskComments'

2021-03-01 23:30:03 - [MESSAGE][PASSED] - Object: 'Object Repository/ProAcc_Pm/ProAcc_PmTaskMonitor/Save' is clicked on

2021-03-01 23:30:04 - [MESSAGE][PASSED] - Object: 'Object Repository/ProAcc_Pm/ProAcc_PmTaskMonitor/i_Yet To Start_EditPMtask' is clicked on

2021-03-01 23:30:05 - [MESSAGE][PASSED] - Text '2:00' is set on object 'Object Repository/ProAcc_Pm/ProAcc_PmTaskMonitor/input_Actual Hours HHMM_txtAct'

2021-03-01 23:30:06 - [MESSAGE][PASSED] - All options with value '1' are selected in object 'Object Repository/ProAcc_Pm/ProAcc_PmTaskMonitor/select_CompletedWork In ProgressNot Applica_e58779'  using regular expression

2021-03-01 23:30:07 - [MESSAGE][PASSED] - Text 'Test' is set on object 'Object Repository/ProAcc_Pm/ProAcc_PmTaskMonitor/input_Comments_txtPMTaskComments'

2021-03-01 23:30:07 - [MESSAGE][PASSED] - Object: 'Object Repository/ProAcc_Pm/ProAcc_PmTaskMonitor/Save' is clicked on

2021-03-01 23:30:09 - [MESSAGE][PASSED] - Object: 'Object Repository/ProAcc_Pm/ProAcc_PmTaskMonitor/i_Yet To Start_EditPMtask' is clicked on

2021-03-01 23:30:09 - [MESSAGE][PASSED] - Text '2:00' is set on object 'Object Repository/ProAcc_Pm/ProAcc_PmTaskMonitor/input_Actual Hours HHMM_txtAct'

2021-03-01 23:30:10 - [MESSAGE][PASSED] - All options with value '1' are selected in object 'Object Repository/ProAcc_Pm/ProAcc_PmTaskMonitor/select_CompletedWork In ProgressNot Applica_e58779'  using regular expression

2021-03-01 23:30:11 - [MESSAGE][PASSED] - Text 'Test' is set on object 'Object Repository/ProAcc_Pm/ProAcc_PmTaskMonitor/input_Comments_txtPMTaskComments'

2021-03-01 23:30:12 - [MESSAGE][PASSED] - Object: 'Object Repository/ProAcc_Pm/ProAcc_PmTaskMonitor/Save' is clicked on

2021-03-01 23:30:13 - [MESSAGE][PASSED] - Object: 'Object Repository/ProAcc_Pm/ProAcc_PmTaskMonitor/i_Yet To Start_EditPMtask' is clicked on

2021-03-01 23:30:14 - [MESSAGE][PASSED] - Text '2:00' is set on object 'Object Repository/ProAcc_Pm/ProAcc_PmTaskMonitor/input_Actual Hours HHMM_txtAct'

2021-03-01 23:30:15 - [MESSAGE][PASSED] - All options with value '1' are selected in object 'Object Repository/ProAcc_Pm/ProAcc_PmTaskMonitor/select_CompletedWork In ProgressNot Applica_e58779'  using regular expression

2021-03-01 23:30:16 - [MESSAGE][PASSED] - Text 'Test' is set on object 'Object Repository/ProAcc_Pm/ProAcc_PmTaskMonitor/input_Comments_txtPMTaskComments'

2021-03-01 23:30:17 - [MESSAGE][PASSED] - Object: 'Object Repository/ProAcc_Pm/ProAcc_PmTaskMonitor/Save' is clicked on

2021-03-01 23:30:18 - [MESSAGE][PASSED] - Object: 'Object Repository/ProAcc_Pm/ProAcc_PmTaskMonitor/i_Yet To Start_EditPMtask' is clicked on

2021-03-01 23:30:19 - [MESSAGE][PASSED] - Text '2:00' is set on object 'Object Repository/ProAcc_Pm/ProAcc_PmTaskMonitor/input_Actual Hours HHMM_txtAct'

2021-03-01 23:30:20 - [MESSAGE][PASSED] - All options with value '1' are selected in object 'Object Repository/ProAcc_Pm/ProAcc_PmTaskMonitor/select_CompletedWork In ProgressNot Applica_e58779'  using regular expression

2021-03-01 23:30:21 - [MESSAGE][PASSED] - Text 'Test' is set on object 'Object Repository/ProAcc_Pm/ProAcc_PmTaskMonitor/input_Comments_txtPMTaskComments'

2021-03-01 23:30:22 - [MESSAGE][PASSED] - Object: 'Object Repository/ProAcc_Pm/ProAcc_PmTaskMonitor/Save' is clicked on

2021-03-01 23:30:22 - [MESSAGE][PASSED] - Run with 'testRunner.PmTaskMonitor_Runner' was passed]]></system-out>
         <system-err><![CDATA[]]></system-err>
      </testcase>
      <testcase name="Test Cases/Tc_ProAcc_PM/Tc_PmFileUpload" time="19.215" classname="Test Cases/Tc_ProAcc_PM/Tc_PmFileUpload" status="PASSED">
         <system-out><![CDATA[2021-03-01 23:30:22 - [TEST_CASE][PASSED] - Test Cases/Tc_ProAcc_PM/Tc_PmFileUpload: Test Cases/Tc_ProAcc_PM/Tc_PmFileUpload

2021-03-01 23:30:22 - [TEST_STEP][PASSED] - runWithCucumberRunner(testRunner.PmFileUpload_Runner): Run with 'testRunner.PmFileUpload_Runner' was passed

2021-03-01 23:30:25 - [MESSAGE][PASSED] - Object: 'Object Repository/ProAcc_Pm/PmFileUpload/PmFileUpload_Click' is clicked on

2021-03-01 23:30:27 - [MESSAGE][PASSED] - All options with label 'TestProject' are selected in object 'Object Repository/ProAcc_Pm/PmFileUpload/Select Project'  using regular expression

2021-03-01 23:30:29 - [MESSAGE][PASSED] - Delayed 2 second(s)

2021-03-01 23:30:30 - [MESSAGE][PASSED] - All options with label 'TP1' are selected in object 'Object Repository/ProAcc_Pm/PmFileUpload/Select Instance'  using regular expression

2021-03-01 23:30:32 - [MESSAGE][PASSED] - Delayed 2 second(s)

2021-03-01 23:30:32 - [MESSAGE][PASSED] - File 'C:/Users/Group10/Desktop/ProAcc_Test/ProAcc_Test_New/Include/ProAcc_InputFile/SAP Readiness Check.pdf' sent to object: 'Object Repository/ProAcc_Pm/PmFileUpload/Comprehensive_Choose File'

2021-03-01 23:30:33 - [MESSAGE][PASSED] - File 'C:/Users/Group10/Desktop/ProAcc_Test/ProAcc_Test_New/Include/ProAcc_InputFile/SAP Readiness Check.pdf' sent to object: 'Object Repository/ProAcc_Pm/PmFileUpload/CustomCode_File'

2021-03-01 23:30:33 - [MESSAGE][PASSED] - File 'C:/Users/Group10/Desktop/ProAcc_Test/ProAcc_Test_New/Include/ProAcc_InputFile/SAP Readiness Check.pdf' sent to object: 'Object Repository/ProAcc_Pm/PmFileUpload/Landscape_File'

2021-03-01 23:30:33 - [MESSAGE][PASSED] - File 'C:/Users/Group10/Desktop/ProAcc_Test/ProAcc_Test_New/Include/ProAcc_InputFile/SAP Readiness Check.pdf' sent to object: 'Object Repository/ProAcc_Pm/PmFileUpload/License_File'

2021-03-01 23:30:35 - [MESSAGE][PASSED] - Delayed 2 second(s)

2021-03-01 23:30:36 - [MESSAGE][PASSED] - Object: 'Object Repository/ProAcc_Pm/PmFileUpload/Add_update_Button' is clicked on

2021-03-01 23:30:41 - [MESSAGE][PASSED] - Delayed 5 second(s)

2021-03-01 23:30:41 - [MESSAGE][PASSED] - Run with 'testRunner.PmFileUpload_Runner' was passed]]></system-out>
         <system-err><![CDATA[]]></system-err>
      </testcase>
      <testcase name="Test Cases/Tc_ProAcc_PM/Tc_ResourceAllocation" time="35.445" classname="Test Cases/Tc_ProAcc_PM/Tc_ResourceAllocation" status="PASSED">
         <system-out><![CDATA[2021-03-01 23:30:41 - [TEST_CASE][PASSED] - Test Cases/Tc_ProAcc_PM/Tc_ResourceAllocation: Test Cases/Tc_ProAcc_PM/Tc_ResourceAllocation

2021-03-01 23:30:42 - [TEST_STEP][PASSED] - runWithCucumberRunner(testRunner.ResourceAllocation_pm_Runner): Run with 'testRunner.ResourceAllocation_pm_Runner' was passed

2021-03-01 23:30:45 - [MESSAGE][WARNING] - A browser is already opened. Closing browser and opening a new one

2021-03-01 23:30:46 - [MESSAGE][INFO] - Starting 'Chrome' driver

2021-03-01 23:30:46 - [MESSAGE][INFO] - User set preference: ['prefs', '{download.default_directory=Include\Downloaded Files}']

2021-03-01 23:30:46 - [MESSAGE][INFO] - Action delay is set to 0 milliseconds

2021-03-01 23:30:49 - [MESSAGE][PASSED] - Browser is opened with url: ''

2021-03-01 23:30:49 - [MESSAGE][PASSED] - Current window maximized

2021-03-01 23:30:54 - [MESSAGE][PASSED] - Delayed 5 second(s)

2021-03-01 23:30:55 - [MESSAGE][PASSED] - Navigate to 'http://123.176.34.15:4041/PROACC2QA/' successfully

2021-03-01 23:30:56 - [MESSAGE][PASSED] - Text 'TestPM' is set on object 'Object Repository/ProAcc_Login/input_User Name_Username'

2021-03-01 23:30:58 - [MESSAGE][PASSED] - Delayed 2 second(s)

2021-03-01 23:30:58 - [MESSAGE][PASSED] - Text 'a12345@' is set on object 'Object Repository/ProAcc_Login/input_Password_Password'

2021-03-01 23:31:01 - [MESSAGE][PASSED] - Object: 'Object Repository/ProAcc_Login/button_Sign In' is clicked on

2021-03-01 23:31:03 - [MESSAGE][PASSED] - Object: 'Object Repository/ProAcc_Pm/ProAcc_ResourceAllocation/span_Task Monitoring' is clicked on

2021-03-01 23:31:04 - [MESSAGE][PASSED] - Object: 'Object Repository/ProAcc_Pm/ProAcc_ResourceAllocation/a_Click' is clicked on

2021-03-01 23:31:06 - [MESSAGE][PASSED] - Delayed 2 second(s)

2021-03-01 23:31:07 - [MESSAGE][PASSED] - Object: 'Object Repository/ProAcc_Pm/ProAcc_ResourceAllocation/Select_Project' is clicked on

2021-03-01 23:31:08 - [MESSAGE][PASSED] - All options with label 'TestProject' are selected in object 'Object Repository/ProAcc_Pm/ProAcc_ResourceAllocation/Select_Project'  using regular expression

2021-03-01 23:31:09 - [MESSAGE][PASSED] - All options with label 'TP1' are selected in object 'Object Repository/ProAcc_Pm/ProAcc_ResourceAllocation/Select Instance'  using regular expression

2021-03-01 23:31:10 - [MESSAGE][PASSED] - Object: 'Object Repository/ProAcc_Pm/ProAcc_ResourceAllocation/Pull_Data_Btn' is clicked on

2021-03-01 23:31:11 - [MESSAGE][PASSED] - Object: 'Object Repository/ProAcc_Pm/ProAcc_ResourceAllocation/button_Bulk Allocation' is clicked on

2021-03-01 23:31:12 - [MESSAGE][PASSED] - Object: 'Object Repository/ProAcc_Pm/ProAcc_ResourceAllocation/BulkBtn_Cancel' is clicked on

2021-03-01 23:31:13 - [MESSAGE][PASSED] - Object: 'Object Repository/ProAcc_Pm/ProAcc_ResourceAllocation/button_Bulk Allocation' is clicked on

2021-03-01 23:31:13 - [MESSAGE][PASSED] - Text of object '' is: 'Basis Consultant'

2021-03-01 23:31:14 - [MESSAGE][PASSED] - All options with label 'Basis Consultant' are selected in object 'Object Repository/ProAcc_Pm/ProAcc_ResourceAllocation/Select RoleBasis'  using regular expression

2021-03-01 23:31:15 - [MESSAGE][PASSED] - Text of object '' is: 'Seena '

2021-03-01 23:31:16 - [MESSAGE][PASSED] - All options with label 'Seena ' are selected in object 'Object Repository/ProAcc_Pm/ProAcc_ResourceAllocation/Select Ownercon'  using regular expression

2021-03-01 23:31:16 - [MESSAGE][PASSED] - Object: 'Object Repository/ProAcc_Pm/ProAcc_ResourceAllocation/button_Save' is clicked on

2021-03-01 23:31:16 - [MESSAGE][PASSED] - Run with 'testRunner.ResourceAllocation_pm_Runner' was passed]]></system-out>
         <system-err><![CDATA[]]></system-err>
      </testcase>
      <testcase name="Test Cases/Tc_ProAcc_PM/Tc_ProgressMonitor" time="46.449" classname="Test Cases/Tc_ProAcc_PM/Tc_ProgressMonitor" status="PASSED">
         <system-out><![CDATA[2021-03-01 23:31:16 - [TEST_CASE][PASSED] - Test Cases/Tc_ProAcc_PM/Tc_ProgressMonitor: Test Cases/Tc_ProAcc_PM/Tc_ProgressMonitor

2021-03-01 23:31:17 - [TEST_STEP][PASSED] - runWithCucumberRunner(testRunner.Progressmonitor_pm): Run with 'testRunner.Progressmonitor_pm' was passed

2021-03-01 23:31:21 - [MESSAGE][PASSED] - Object: 'Object Repository/ProAcc_Pm/ProAcc_ResourceAllocation/ProgressMonitor' is clicked on

2021-03-01 23:31:24 - [MESSAGE][PASSED] - Text of object '' is: 'Seena'

2021-03-01 23:31:25 - [MESSAGE][PASSED] - Text of object '' is: 'Seena'

2021-03-01 23:31:29 - [MESSAGE][PASSED] - Object: 'Object Repository/ProAcc_Pm/ProAcc_ProjectMonitor/Mail_Icon' is clicked on

2021-03-01 23:31:30 - [MESSAGE][PASSED] - Text 'sainath@promantus.com' is set on object 'Object Repository/ProAcc_Pm/ProAcc_ProjectMonitor/input__Emailid'

2021-03-01 23:31:31 - [MESSAGE][PASSED] - Text 'Test' is set on object 'Object Repository/ProAcc_Pm/ProAcc_ProjectMonitor/input__Subject'

2021-03-01 23:31:32 - [MESSAGE][PASSED] - Text 'Testing' is set on object 'Object Repository/ProAcc_Pm/ProAcc_ProjectMonitor/textarea__Body'

2021-03-01 23:31:32 - [MESSAGE][PASSED] - Object: 'Object Repository/ProAcc_Pm/ProAcc_ProjectMonitor/button_Send Mail' is clicked on

2021-03-01 23:31:35 - [MESSAGE][PASSED] - Object: 'Object Repository/ProAcc_Pm/ProAcc_ProjectMonitor/button_Add Activity' is clicked on

2021-03-01 23:31:35 - [MESSAGE][PASSED] - Object: 'Object Repository/ProAcc_Admin/ProAcc_Activity/input__txtTask' is clicked on

2021-03-01 23:31:36 - [MESSAGE][PASSED] - Text 'sai_Ass' is set on object 'Object Repository/ProAcc_Admin/ProAcc_Activity/input__txtTask'

2021-03-01 23:31:36 - [MESSAGE][PASSED] - Object: 'Object Repository/ProAcc_Admin/ProAcc_Activity/Select Application Area' is clicked on

2021-03-01 23:31:38 - [MESSAGE][PASSED] - All options with label 'Testing' are selected in object 'Object Repository/ProAcc_Admin/ProAcc_Activity/Select Application Area'  using regular expression

2021-03-01 23:31:40 - [MESSAGE][PASSED] - All options with label 'Basis Consultant' are selected in object 'Object Repository/ProAcc_Admin/ProAcc_Activity/Select Role'  using regular expression

2021-03-01 23:31:40 - [MESSAGE][PASSED] - Object: 'Object Repository/ProAcc_Pm/ProAcc_ProjectMonitor/Select_Owner' is clicked on

2021-03-01 23:31:41 - [MESSAGE][PASSED] - All options with label 'Seena' are selected in object 'Object Repository/ProAcc_Pm/ProAcc_ProjectMonitor/Select_Owner' 

2021-03-01 23:31:42 - [MESSAGE][PASSED] - All options with label 'Assessment Reports' are selected in object 'Object Repository/ProAcc_Admin/ProAcc_Activity/Select Building Block'  using regular expression

2021-03-01 23:31:43 - [MESSAGE][PASSED] - Text '11:23' is set on object 'Object Repository/ProAcc_Admin/ProAcc_Activity/input__txtEstimated'

2021-03-01 23:31:44 - [MESSAGE][PASSED] - All options with label 'Sequential' are selected in object 'Object Repository/ProAcc_Admin/ProAcc_Activity/Select Task Type'  using regular expression

2021-03-01 23:31:46 - [MESSAGE][PASSED] - Delayed 2 second(s)

2021-03-01 23:31:47 - [MESSAGE][PASSED] - Object: 'Object Repository/ProAcc_Pm/ProAcc_ProjectMonitor/button_CreateActivity' is clicked on

2021-03-01 23:31:48 - [MESSAGE][PASSED] - Object: 'Object Repository/ProAcc_Pm/ProAcc_ProjectMonitor/btnSeq' is clicked on

2021-03-01 23:31:50 - [MESSAGE][PASSED] - Delayed 2 second(s)

2021-03-01 23:31:51 - [MESSAGE][PASSED] - Object: 'Object Repository/ProAcc_Pm/ProAcc_ProjectMonitor/i_Yet To Start_Edittask' is clicked on

2021-03-01 23:31:54 - [MESSAGE][PASSED] - All options with value '3' are selected in object 'Object Repository/ProAcc_Pm/ProAcc_ProjectMonitor/select_Not Applicable'  using regular expression

2021-03-01 23:31:55 - [MESSAGE][PASSED] - Object: 'Object Repository/ProAcc_Pm/ProAcc_ProjectMonitor/button_Save' is clicked on

2021-03-01 23:31:56 - [MESSAGE][PASSED] - Text 'Test' is set on object 'Object Repository/ProAcc_Pm/ProAcc_ProjectMonitor/textarea_Add Comments_Comments'

2021-03-01 23:31:57 - [MESSAGE][PASSED] - Object: 'Object Repository/ProAcc_Pm/ProAcc_ProjectMonitor/button_SaveComments' is clicked on

2021-03-01 23:31:59 - [MESSAGE][PASSED] - Delayed 2 second(s)

2021-03-01 23:32:01 - [MESSAGE][PASSED] - Text 'sai_Ass' is set on object 'Object Repository/ProAcc_Pm/ProAcc_ProjectMonitor/Search_Task'

2021-03-01 23:32:03 - [MESSAGE][PASSED] - Delayed 2 second(s)

2021-03-01 23:32:03 - [MESSAGE][PASSED] - Run with 'testRunner.Progressmonitor_pm' was passed]]></system-out>
         <system-err><![CDATA[]]></system-err>
      </testcase>
      <testcase name="Test Cases/Tc_ProAcc_Consultant/Tc_ProgressMonitorConsultant_Assessment" time="107.894" classname="Test Cases/Tc_ProAcc_Consultant/Tc_ProgressMonitorConsultant_Assessment" status="PASSED">
         <system-out><![CDATA[2021-03-01 23:32:03 - [TEST_CASE][PASSED] - Test Cases/Tc_ProAcc_Consultant/Tc_ProgressMonitorConsultant_Assessment: Test Cases/Tc_ProAcc_Consultant/Tc_ProgressMonitorConsultant_Assessment

2021-03-01 23:32:04 - [TEST_STEP][PASSED] - runWithCucumberRunner(testRunner.ProgressMonitorConsultant_Runner): Run with 'testRunner.ProgressMonitorConsultant_Runner' was passed

2021-03-01 23:32:12 - [MESSAGE][PASSED] - Delayed 5 second(s)

2021-03-01 23:32:13 - [MESSAGE][WARNING] - A browser is already opened. Closing browser and opening a new one

2021-03-01 23:32:15 - [MESSAGE][INFO] - Starting 'Chrome' driver

2021-03-01 23:32:15 - [MESSAGE][INFO] - User set preference: ['prefs', '{download.default_directory=Include\Downloaded Files}']

2021-03-01 23:32:15 - [MESSAGE][INFO] - Action delay is set to 0 milliseconds

2021-03-01 23:32:21 - [MESSAGE][PASSED] - Browser is opened with url: ''

2021-03-01 23:32:22 - [MESSAGE][PASSED] - Current window maximized

2021-03-01 23:32:24 - [MESSAGE][PASSED] - Navigate to 'http://123.176.34.15:4041/ProAcc2QA' successfully

2021-03-01 23:32:25 - [MESSAGE][PASSED] - Text 'Seena' is set on object 'Object Repository/ProAcc_Login/input_User Name_Username'

2021-03-01 23:32:26 - [MESSAGE][PASSED] - Text 'a12345@' is set on object 'Object Repository/ProAcc_Login/input_Password_Password'

2021-03-01 23:32:30 - [MESSAGE][PASSED] - Object: 'Object Repository/ProAcc_Login/button_Sign In' is clicked on

2021-03-01 23:32:32 - [MESSAGE][PASSED] - Delayed 2 second(s)

2021-03-01 23:32:32 - [MESSAGE][PASSED] - Text of object '' is: 'Consultant'

2021-03-01 23:32:35 - [MESSAGE][PASSED] - Object: '' is clicked on

2021-03-01 23:32:35 - [MESSAGE][PASSED] - Object: 'Object Repository/ProAcc_Consultant/ProgressMonitor/report_Btn' is clicked on

2021-03-01 23:32:37 - [MESSAGE][PASSED] - All options with label 'Assessment' are selected in object 'Object Repository/ProAcc_Pm/ProAcc_ResourceAllocation/PhaseName'  using regular expression

2021-03-01 23:32:39 - [MESSAGE][PASSED] - Delayed 2 second(s)

2021-03-01 23:32:39 - [MESSAGE][PASSED] - Text of object '' is: 'Consultant'

2021-03-01 23:32:40 - [MESSAGE][PASSED] - All options with label 'Cipla Industries' are selected in object 'Object Repository/ProAcc_Consultant/ProgressMonitor/Select_Customer'  using regular expression

2021-03-01 23:32:42 - [MESSAGE][PASSED] - All options with label 'TestProject' are selected in object 'Object Repository/ProAcc_Consultant/ProgressMonitor/Select_Project'  using regular expression

2021-03-01 23:32:43 - [MESSAGE][PASSED] - All options with label 'TP1' are selected in object 'Object Repository/ProAcc_Consultant/ProgressMonitor/Select_Instance'  using regular expression

2021-03-01 23:32:45 - [MESSAGE][PASSED] - Delayed 2 second(s)

2021-03-01 23:32:45 - [MESSAGE][PASSED] - Object: 'Object Repository/ProAcc_Consultant/ProgressMonitor/edit' is clicked on

2021-03-01 23:32:47 - [MESSAGE][PASSED] - Delayed 2 second(s)

2021-03-01 23:32:50 - [MESSAGE][PASSED] - Delayed 3 second(s)

2021-03-01 23:32:51 - [MESSAGE][PASSED] - Delayed 1 second(s)

2021-03-01 23:32:52 - [MESSAGE][PASSED] - Delayed 1 second(s)

2021-03-01 23:32:53 - [MESSAGE][PASSED] - Delayed 1 second(s)

2021-03-01 23:32:55 - [MESSAGE][PASSED] - Delayed 1 second(s)

2021-03-01 23:32:59 - [MESSAGE][PASSED] - Delayed 3 second(s)

2021-03-01 23:33:01 - [MESSAGE][PASSED] - Delayed 2 second(s)

2021-03-01 23:33:02 - [MESSAGE][WARNING] - A browser is already opened. Closing browser and opening a new one

2021-03-01 23:33:05 - [MESSAGE][INFO] - Starting 'Chrome' driver

2021-03-01 23:33:05 - [MESSAGE][INFO] - User set preference: ['prefs', '{download.default_directory=Include\Downloaded Files}']

2021-03-01 23:33:05 - [MESSAGE][INFO] - Action delay is set to 0 milliseconds

2021-03-01 23:33:09 - [MESSAGE][PASSED] - Browser is opened with url: ''

2021-03-01 23:33:09 - [MESSAGE][PASSED] - Current window maximized

2021-03-01 23:33:10 - [MESSAGE][PASSED] - Navigate to 'http://123.176.34.15:4041/ProAcc2QA' successfully

2021-03-01 23:33:11 - [MESSAGE][PASSED] - Text 'Seena' is set on object 'Object Repository/ProAcc_Login/input_User Name_Username'

2021-03-01 23:33:12 - [MESSAGE][PASSED] - Text 'a12345@' is set on object 'Object Repository/ProAcc_Login/input_Password_Password'

2021-03-01 23:33:17 - [MESSAGE][PASSED] - Object: 'Object Repository/ProAcc_Login/button_Sign In' is clicked on

2021-03-01 23:33:19 - [MESSAGE][PASSED] - Delayed 2 second(s)

2021-03-01 23:33:19 - [MESSAGE][PASSED] - Text of object '' is: 'Consultant'

2021-03-01 23:33:22 - [MESSAGE][PASSED] - Object: '' is clicked on

2021-03-01 23:33:22 - [MESSAGE][PASSED] - Object: 'Object Repository/ProAcc_Consultant/ProgressMonitor/report_Btn' is clicked on

2021-03-01 23:33:24 - [MESSAGE][PASSED] - All options with label 'Assessment' are selected in object 'Object Repository/ProAcc_Pm/ProAcc_ResourceAllocation/PhaseName'  using regular expression

2021-03-01 23:33:26 - [MESSAGE][PASSED] - Delayed 2 second(s)

2021-03-01 23:33:26 - [MESSAGE][PASSED] - Text of object '' is: 'Consultant'

2021-03-01 23:33:28 - [MESSAGE][PASSED] - All options with label 'Cipla Industries' are selected in object 'Object Repository/ProAcc_Consultant/ProgressMonitor/Select_Customer'  using regular expression

2021-03-01 23:33:30 - [MESSAGE][PASSED] - All options with label 'TestProject' are selected in object 'Object Repository/ProAcc_Consultant/ProgressMonitor/Select_Project'  using regular expression

2021-03-01 23:33:31 - [MESSAGE][PASSED] - All options with label 'TP1' are selected in object 'Object Repository/ProAcc_Consultant/ProgressMonitor/Select_Instance'  using regular expression

2021-03-01 23:33:34 - [MESSAGE][PASSED] - Delayed 2 second(s)

2021-03-01 23:33:34 - [MESSAGE][PASSED] - Object: 'Object Repository/ProAcc_Consultant/ProgressMonitor/edit' is clicked on

2021-03-01 23:33:36 - [MESSAGE][PASSED] - Delayed 2 second(s)

2021-03-01 23:33:39 - [MESSAGE][PASSED] - Delayed 3 second(s)

2021-03-01 23:33:40 - [MESSAGE][PASSED] - Delayed 1 second(s)

2021-03-01 23:33:41 - [MESSAGE][PASSED] - Delayed 1 second(s)

2021-03-01 23:33:42 - [MESSAGE][PASSED] - Delayed 1 second(s)

2021-03-01 23:33:44 - [MESSAGE][PASSED] - Delayed 1 second(s)

2021-03-01 23:33:48 - [MESSAGE][PASSED] - Delayed 3 second(s)

2021-03-01 23:33:50 - [MESSAGE][PASSED] - Delayed 2 second(s)

2021-03-01 23:33:51 - [MESSAGE][PASSED] - Run with 'testRunner.ProgressMonitorConsultant_Runner' was passed]]></system-out>
         <system-err><![CDATA[]]></system-err>
      </testcase>
      <testcase name="Test Cases/Tc_ProAcc_Consultant/Tc_CreateAnalysis" time="60.45" classname="Test Cases/Tc_ProAcc_Consultant/Tc_CreateAnalysis" status="PASSED">
         <system-out><![CDATA[2021-03-01 23:33:51 - [TEST_CASE][PASSED] - Test Cases/Tc_ProAcc_Consultant/Tc_CreateAnalysis: Test Cases/Tc_ProAcc_Consultant/Tc_CreateAnalysis

2021-03-01 23:33:52 - [TEST_STEP][PASSED] - runWithCucumberRunner(testRunner.CreateAnalysis_Runner): Run with 'testRunner.CreateAnalysis_Runner' was passed

2021-03-01 23:33:56 - [MESSAGE][WARNING] - A browser is already opened. Closing browser and opening a new one

2021-03-01 23:33:57 - [MESSAGE][INFO] - Starting 'Chrome' driver

2021-03-01 23:33:57 - [MESSAGE][INFO] - User set preference: ['prefs', '{download.default_directory=Include\Downloaded Files}']

2021-03-01 23:33:57 - [MESSAGE][INFO] - Action delay is set to 0 milliseconds

2021-03-01 23:34:02 - [MESSAGE][PASSED] - Browser is opened with url: ''

2021-03-01 23:34:02 - [MESSAGE][PASSED] - Current window maximized

2021-03-01 23:34:07 - [MESSAGE][PASSED] - Delayed 5 second(s)

2021-03-01 23:34:08 - [MESSAGE][PASSED] - Navigate to 'http://123.176.34.15:4041/PROACC2QA/' successfully

2021-03-01 23:34:10 - [MESSAGE][PASSED] - Text 'seena' is set on object 'Object Repository/ProAcc_Login/input_User Name_Username'

2021-03-01 23:34:11 - [MESSAGE][PASSED] - Text 'a12345@' is set on object 'Object Repository/ProAcc_Login/input_Password_Password'

2021-03-01 23:34:16 - [MESSAGE][PASSED] - Object: 'Object Repository/ProAcc_Login/button_Sign In' is clicked on

2021-03-01 23:34:18 - [MESSAGE][PASSED] - Delayed 2 second(s)

2021-03-01 23:34:19 - [MESSAGE][PASSED] - Object: 'Object Repository/ProAcc_Consultant/ProAcc_CreateAnalysis/CreateAnalysis_Click' is clicked on

2021-03-01 23:34:20 - [MESSAGE][PASSED] - Object: 'Object Repository/ProAcc_Consultant/ProgressMonitor/report_Btn' is clicked on

2021-03-01 23:34:22 - [MESSAGE][PASSED] - All options with label 'Cipla Industries' are selected in object 'Object Repository/ProAcc_Consultant/ProgressMonitor/Select_Customer'  using regular expression

2021-03-01 23:34:23 - [MESSAGE][PASSED] - All options with label 'TestProject' are selected in object 'Object Repository/ProAcc_Consultant/ProgressMonitor/Select_Project'  using regular expression

2021-03-01 23:34:26 - [MESSAGE][PASSED] - All options with label 'TP1' are selected in object 'Object Repository/ProAcc_Consultant/ProgressMonitor/Select_Instance'  using regular expression

2021-03-01 23:34:26 - [MESSAGE][PASSED] - File 'C:/Users/Group10/Desktop/ProAcc_Test/ProAcc_Test_New/Include/ProAcc_InputFile/Activities.xlsx' sent to object: 'Object Repository/ProAcc_Consultant/ProAcc_CreateAnalysis/FileUpload_Btn'

2021-03-01 23:34:28 - [MESSAGE][PASSED] - Delayed 2 second(s)

2021-03-01 23:34:29 - [MESSAGE][PASSED] - File 'C:/Users/Group10/Desktop/ProAcc_Test/ProAcc_Test_New/Include/ProAcc_InputFile/Bwextractors.xlsx' sent to object: 'Object Repository/ProAcc_Consultant/ProAcc_CreateAnalysis/FileUpload_Btn'

2021-03-01 23:34:31 - [MESSAGE][PASSED] - Delayed 2 second(s)

2021-03-01 23:34:31 - [MESSAGE][PASSED] - File 'C:/Users/Group10/Desktop/ProAcc_Test/ProAcc_Test_New/Include/ProAcc_InputFile/CustomCode.xlsx' sent to object: 'Object Repository/ProAcc_Consultant/ProAcc_CreateAnalysis/FileUpload_Btn'

2021-03-01 23:34:33 - [MESSAGE][PASSED] - Delayed 2 second(s)

2021-03-01 23:34:34 - [MESSAGE][PASSED] - File 'C:/Users/Group10/Desktop/ProAcc_Test/ProAcc_Test_New/Include/ProAcc_InputFile/HanaDatabaseTables.xlsx' sent to object: 'Object Repository/ProAcc_Consultant/ProAcc_CreateAnalysis/FileUpload_Btn'

2021-03-01 23:34:36 - [MESSAGE][PASSED] - Delayed 2 second(s)

2021-03-01 23:34:36 - [MESSAGE][PASSED] - File 'C:/Users/Group10/Desktop/ProAcc_Test/ProAcc_Test_New/Include/ProAcc_InputFile/RecommendedFioriApps.xlsx' sent to object: 'Object Repository/ProAcc_Consultant/ProAcc_CreateAnalysis/FileUpload_Btn'

2021-03-01 23:34:38 - [MESSAGE][PASSED] - Delayed 2 second(s)

2021-03-01 23:34:39 - [MESSAGE][PASSED] - File 'C:/Users/Group10/Desktop/ProAcc_Test/ProAcc_Test_New/Include/ProAcc_InputFile/RelevantSimplificationItems.xlsx' sent to object: 'Object Repository/ProAcc_Consultant/ProAcc_CreateAnalysis/FileUpload_Btn'

2021-03-01 23:34:41 - [MESSAGE][PASSED] - Delayed 2 second(s)

2021-03-01 23:34:41 - [MESSAGE][PASSED] - File 'C:/Users/Group10/Desktop/ProAcc_Test/ProAcc_Test_New/Include/ProAcc_InputFile/SAP Readiness Check.pdf' sent to object: 'Object Repository/ProAcc_Consultant/ProAcc_CreateAnalysis/FileUpload_Btn'

2021-03-01 23:34:43 - [MESSAGE][PASSED] - Delayed 2 second(s)

2021-03-01 23:34:44 - [MESSAGE][PASSED] - Object: 'Object Repository/ProAcc_Consultant/ProAcc_CreateAnalysis/ReadinessCheck_Checkbox' is clicked on

2021-03-01 23:34:44 - [MESSAGE][PASSED] - Object: 'Object Repository/ProAcc_Consultant/ProAcc_CreateAnalysis/AcknowldgeCheck_Checkbox' is clicked on

2021-03-01 23:34:45 - [MESSAGE][PASSED] - Object: 'Object Repository/ProAcc_Consultant/ProAcc_CreateAnalysis/StartAnalysis' is clicked on

2021-03-01 23:34:51 - [MESSAGE][PASSED] - Delayed 6 second(s)

2021-03-01 23:34:51 - [MESSAGE][PASSED] - Run with 'testRunner.CreateAnalysis_Runner' was passed]]></system-out>
         <system-err><![CDATA[]]></system-err>
      </testcase>
      <testcase name="Test Cases/Tc_ProAcc_PM/Tc_ResourceAllocation_PreConversion" time="49.943" classname="Test Cases/Tc_ProAcc_PM/Tc_ResourceAllocation_PreConversion" status="PASSED">
         <system-out><![CDATA[2021-03-01 23:34:51 - [TEST_CASE][PASSED] - Test Cases/Tc_ProAcc_PM/Tc_ResourceAllocation_PreConversion: Test Cases/Tc_ProAcc_PM/Tc_ResourceAllocation_PreConversion

2021-03-01 23:34:52 - [TEST_STEP][PASSED] - runWithCucumberRunner(phase_runner.ResourceAllocation_PreConversion_Runner): Run with 'phase_runner.ResourceAllocation_PreConversion_Runner' was passed

2021-03-01 23:34:55 - [MESSAGE][WARNING] - A browser is already opened. Closing browser and opening a new one

2021-03-01 23:34:56 - [MESSAGE][INFO] - Starting 'Chrome' driver

2021-03-01 23:34:56 - [MESSAGE][INFO] - User set preference: ['prefs', '{download.default_directory=Include\Downloaded Files}']

2021-03-01 23:34:56 - [MESSAGE][INFO] - Action delay is set to 0 milliseconds

2021-03-01 23:35:01 - [MESSAGE][PASSED] - Browser is opened with url: ''

2021-03-01 23:35:01 - [MESSAGE][PASSED] - Current window maximized

2021-03-01 23:35:06 - [MESSAGE][PASSED] - Delayed 5 second(s)

2021-03-01 23:35:07 - [MESSAGE][PASSED] - Navigate to 'http://123.176.34.15:4041/PROACC2QA/' successfully

2021-03-01 23:35:09 - [MESSAGE][PASSED] - Text 'TestPM' is set on object 'Object Repository/ProAcc_Login/input_User Name_Username'

2021-03-01 23:35:11 - [MESSAGE][PASSED] - Delayed 2 second(s)

2021-03-01 23:35:12 - [MESSAGE][PASSED] - Text 'a12345@' is set on object 'Object Repository/ProAcc_Login/input_Password_Password'

2021-03-01 23:35:16 - [MESSAGE][PASSED] - Object: 'Object Repository/ProAcc_Login/button_Sign In' is clicked on

2021-03-01 23:35:17 - [MESSAGE][PASSED] - Object: 'Object Repository/ProAcc_Pm/ProAcc_ResourceAllocation/span_Task Monitoring' is clicked on

2021-03-01 23:35:19 - [MESSAGE][PASSED] - Object: 'Object Repository/ProAcc_Pm/ProAcc_ResourceAllocation/a_Click' is clicked on

2021-03-01 23:35:21 - [MESSAGE][PASSED] - Delayed 2 second(s)

2021-03-01 23:35:24 - [MESSAGE][PASSED] - All options with label 'Pre Conversion' are selected in object 'Object Repository/ProAcc_Pm/ProAcc_ResourceAllocation/PhaseName'  using regular expression

2021-03-01 23:35:25 - [MESSAGE][PASSED] - Object: 'Object Repository/ProAcc_Pm/ProAcc_ResourceAllocation/Select_Project' is clicked on

2021-03-01 23:35:27 - [MESSAGE][PASSED] - All options with label 'TestProject' are selected in object 'Object Repository/ProAcc_Pm/ProAcc_ResourceAllocation/Select_Project'  using regular expression

2021-03-01 23:35:30 - [MESSAGE][PASSED] - All options with label 'TP1' are selected in object 'Object Repository/ProAcc_Pm/ProAcc_ResourceAllocation/Select Instance'  using regular expression

2021-03-01 23:35:32 - [MESSAGE][PASSED] - Object: 'Object Repository/ProAcc_Pm/ProAcc_ResourceAllocation/Pull_Data_Btn' is clicked on

2021-03-01 23:35:34 - [MESSAGE][PASSED] - Object: 'Object Repository/ProAcc_Pm/ProAcc_ResourceAllocation/button_Bulk Allocation' is clicked on

2021-03-01 23:35:36 - [MESSAGE][PASSED] - Object: 'Object Repository/ProAcc_Pm/ProAcc_ResourceAllocation/BulkBtn_Cancel' is clicked on

2021-03-01 23:35:36 - [MESSAGE][PASSED] - Object: 'Object Repository/ProAcc_Pm/ProAcc_ResourceAllocation/button_Bulk Allocation' is clicked on

2021-03-01 23:35:37 - [MESSAGE][PASSED] - Text of object '' is: 'Basis Consultant'

2021-03-01 23:35:38 - [MESSAGE][PASSED] - All options with label 'Basis Consultant' are selected in object 'Object Repository/ProAcc_Pm/ProAcc_ResourceAllocation/Select RoleBasis'  using regular expression

2021-03-01 23:35:39 - [MESSAGE][PASSED] - Text of object '' is: 'Seena '

2021-03-01 23:35:40 - [MESSAGE][PASSED] - All options with label 'Seena ' are selected in object 'Object Repository/ProAcc_Pm/ProAcc_ResourceAllocation/Select Ownercon'  using regular expression

2021-03-01 23:35:41 - [MESSAGE][PASSED] - Object: 'Object Repository/ProAcc_Pm/ProAcc_ResourceAllocation/button_Save' is clicked on

2021-03-01 23:35:41 - [MESSAGE][PASSED] - Run with 'phase_runner.ResourceAllocation_PreConversion_Runner' was passed]]></system-out>
         <system-err><![CDATA[]]></system-err>
      </testcase>
      <testcase name="Test Cases/Tc_ProAcc_PM/Tc_ProgressMonitor_PreConversion" time="100.654" classname="Test Cases/Tc_ProAcc_PM/Tc_ProgressMonitor_PreConversion" status="PASSED">
         <system-out><![CDATA[2021-03-01 23:35:41 - [TEST_CASE][PASSED] - Test Cases/Tc_ProAcc_PM/Tc_ProgressMonitor_PreConversion: Test Cases/Tc_ProAcc_PM/Tc_ProgressMonitor_PreConversion

2021-03-01 23:35:42 - [TEST_STEP][PASSED] - runWithCucumberRunner(phase_runner.ProgressMonitor_Pm_PreCon_Runner): Run with 'phase_runner.ProgressMonitor_Pm_PreCon_Runner' was passed

2021-03-01 23:35:49 - [MESSAGE][PASSED] - Object: 'Object Repository/ProAcc_Pm/ProAcc_ResourceAllocation/ProgressMonitor' is clicked on

2021-03-01 23:35:54 - [MESSAGE][PASSED] - Text of object '' is: 'Seena'

2021-03-01 23:35:55 - [MESSAGE][PASSED] - Text of object '' is: 'Seena'

2021-03-01 23:36:53 - [MESSAGE][PASSED] - Text of object '' is: 'Seena'

2021-03-01 23:36:54 - [MESSAGE][PASSED] - Text of object '' is: 'Seena'

2021-03-01 23:36:54 - [MESSAGE][PASSED] - Object: 'Object Repository/ProAcc_Pm/ProAcc_ProjectMonitor/Mail_Icon' is clicked on

2021-03-01 23:36:55 - [MESSAGE][PASSED] - Text 'sainath@promantus.com' is set on object 'Object Repository/ProAcc_Pm/ProAcc_ProjectMonitor/input__Emailid'

2021-03-01 23:36:56 - [MESSAGE][PASSED] - Text 'Test' is set on object 'Object Repository/ProAcc_Pm/ProAcc_ProjectMonitor/input__Subject'

2021-03-01 23:36:57 - [MESSAGE][PASSED] - Text 'Testing' is set on object 'Object Repository/ProAcc_Pm/ProAcc_ProjectMonitor/textarea__Body'

2021-03-01 23:36:57 - [MESSAGE][PASSED] - Object: 'Object Repository/ProAcc_Pm/ProAcc_ProjectMonitor/button_Send Mail' is clicked on

2021-03-01 23:36:58 - [MESSAGE][PASSED] - Object: 'Object Repository/ProAcc_Pm/ProAcc_ProjectMonitor/button_Add Activity' is clicked on

2021-03-01 23:36:59 - [MESSAGE][PASSED] - Object: 'Object Repository/ProAcc_Admin/ProAcc_Activity/input__txtTask' is clicked on

2021-03-01 23:37:00 - [MESSAGE][PASSED] - Text 'Sai_Pre' is set on object 'Object Repository/ProAcc_Admin/ProAcc_Activity/input__txtTask'

2021-03-01 23:37:00 - [MESSAGE][PASSED] - Object: 'Object Repository/ProAcc_Admin/ProAcc_Activity/Select Application Area' is clicked on

2021-03-01 23:37:01 - [MESSAGE][PASSED] - All options with label 'Testing' are selected in object 'Object Repository/ProAcc_Admin/ProAcc_Activity/Select Application Area'  using regular expression

2021-03-01 23:37:03 - [MESSAGE][PASSED] - All options with label 'Basis Consultant' are selected in object 'Object Repository/ProAcc_Admin/ProAcc_Activity/Select Role'  using regular expression

2021-03-01 23:37:03 - [MESSAGE][PASSED] - Object: 'Object Repository/ProAcc_Pm/ProAcc_ProjectMonitor/Select_Owner' is clicked on

2021-03-01 23:37:04 - [MESSAGE][PASSED] - All options with label 'Seena' are selected in object 'Object Repository/ProAcc_Pm/ProAcc_ProjectMonitor/Select_Owner' 

2021-03-01 23:37:05 - [MESSAGE][PASSED] - All options with label 'Assessment Reports' are selected in object 'Object Repository/ProAcc_Admin/ProAcc_Activity/Select Building Block'  using regular expression

2021-03-01 23:37:06 - [MESSAGE][PASSED] - Text '11:23' is set on object 'Object Repository/ProAcc_Admin/ProAcc_Activity/input__txtEstimated'

2021-03-01 23:37:07 - [MESSAGE][PASSED] - All options with label 'Sequential' are selected in object 'Object Repository/ProAcc_Admin/ProAcc_Activity/Select Task Type'  using regular expression

2021-03-01 23:37:09 - [MESSAGE][PASSED] - Delayed 2 second(s)

2021-03-01 23:37:10 - [MESSAGE][PASSED] - Object: 'Object Repository/ProAcc_Pm/ProAcc_ProjectMonitor/button_CreateActivity' is clicked on

2021-03-01 23:37:10 - [MESSAGE][PASSED] - Object: 'Object Repository/ProAcc_Pm/ProAcc_ProjectMonitor/btnSeq' is clicked on

2021-03-01 23:37:12 - [MESSAGE][PASSED] - Delayed 2 second(s)

2021-03-01 23:37:13 - [MESSAGE][PASSED] - Object: 'Object Repository/ProAcc_Pm/ProAcc_ProjectMonitor/i_Yet To Start_Edittask' is clicked on

2021-03-01 23:37:15 - [MESSAGE][PASSED] - All options with value '3' are selected in object 'Object Repository/ProAcc_Pm/ProAcc_ProjectMonitor/select_Not Applicable'  using regular expression

2021-03-01 23:37:15 - [MESSAGE][PASSED] - Object: 'Object Repository/ProAcc_Pm/ProAcc_ProjectMonitor/button_Save' is clicked on

2021-03-01 23:37:16 - [MESSAGE][PASSED] - Text 'Test' is set on object 'Object Repository/ProAcc_Pm/ProAcc_ProjectMonitor/textarea_Add Comments_Comments'

2021-03-01 23:37:17 - [MESSAGE][PASSED] - Object: 'Object Repository/ProAcc_Pm/ProAcc_ProjectMonitor/button_SaveComments' is clicked on

2021-03-01 23:37:19 - [MESSAGE][PASSED] - Delayed 2 second(s)

2021-03-01 23:37:20 - [MESSAGE][PASSED] - Text 'Sai_Pre' is set on object 'Object Repository/ProAcc_Pm/ProAcc_ProjectMonitor/Search_Task'

2021-03-01 23:37:22 - [MESSAGE][PASSED] - Delayed 2 second(s)

2021-03-01 23:37:22 - [MESSAGE][PASSED] - Run with 'phase_runner.ProgressMonitor_Pm_PreCon_Runner' was passed]]></system-out>
         <system-err><![CDATA[]]></system-err>
      </testcase>
      <testcase name="Test Cases/Tc_ProAcc_Consultant/Tc_ProgressMonitorConsultant_PreConversion" time="173.311" classname="Test Cases/Tc_ProAcc_Consultant/Tc_ProgressMonitorConsultant_PreConversion" status="PASSED">
         <system-out><![CDATA[2021-03-01 23:37:22 - [TEST_CASE][PASSED] - Test Cases/Tc_ProAcc_Consultant/Tc_ProgressMonitorConsultant_PreConversion: Test Cases/Tc_ProAcc_Consultant/Tc_ProgressMonitorConsultant_PreConversion

2021-03-01 23:37:22 - [TEST_STEP][PASSED] - runWithCucumberRunner(phase_runner.ProgressMonitor_Consultant_PreCon_Runner): Run with 'phase_runner.ProgressMonitor_Consultant_PreCon_Runner' was passed

2021-03-01 23:37:29 - [MESSAGE][PASSED] - Delayed 5 second(s)

2021-03-01 23:37:30 - [MESSAGE][WARNING] - A browser is already opened. Closing browser and opening a new one

2021-03-01 23:37:31 - [MESSAGE][INFO] - Starting 'Chrome' driver

2021-03-01 23:37:31 - [MESSAGE][INFO] - User set preference: ['prefs', '{download.default_directory=Include\Downloaded Files}']

2021-03-01 23:37:31 - [MESSAGE][INFO] - Action delay is set to 0 milliseconds

2021-03-01 23:37:34 - [MESSAGE][PASSED] - Browser is opened with url: ''

2021-03-01 23:37:34 - [MESSAGE][PASSED] - Current window maximized

2021-03-01 23:37:36 - [MESSAGE][PASSED] - Navigate to 'http://123.176.34.15:4041/ProAcc2QA' successfully

2021-03-01 23:37:37 - [MESSAGE][PASSED] - Text 'Seena' is set on object 'Object Repository/ProAcc_Login/input_User Name_Username'

2021-03-01 23:37:37 - [MESSAGE][PASSED] - Text 'a12345@' is set on object 'Object Repository/ProAcc_Login/input_Password_Password'

2021-03-01 23:37:41 - [MESSAGE][PASSED] - Object: 'Object Repository/ProAcc_Login/button_Sign In' is clicked on

2021-03-01 23:37:43 - [MESSAGE][PASSED] - Delayed 2 second(s)

2021-03-01 23:37:44 - [MESSAGE][PASSED] - Text of object '' is: 'Consultant'

2021-03-01 23:37:46 - [MESSAGE][PASSED] - Object: '' is clicked on

2021-03-01 23:37:46 - [MESSAGE][PASSED] - Object: 'Object Repository/ProAcc_Consultant/ProgressMonitor/report_Btn' is clicked on

2021-03-01 23:37:48 - [MESSAGE][PASSED] - All options with label 'Pre Conversion' are selected in object 'Object Repository/ProAcc_Pm/ProAcc_ResourceAllocation/PhaseName'  using regular expression

2021-03-01 23:37:50 - [MESSAGE][PASSED] - Delayed 2 second(s)

2021-03-01 23:37:50 - [MESSAGE][PASSED] - Text of object '' is: 'Consultant'

2021-03-01 23:37:51 - [MESSAGE][PASSED] - All options with label 'Cipla Industries' are selected in object 'Object Repository/ProAcc_Consultant/ProgressMonitor/Select_Customer'  using regular expression

2021-03-01 23:37:52 - [MESSAGE][PASSED] - All options with label 'TestProject' are selected in object 'Object Repository/ProAcc_Consultant/ProgressMonitor/Select_Project'  using regular expression

2021-03-01 23:37:53 - [MESSAGE][PASSED] - All options with label 'TP1' are selected in object 'Object Repository/ProAcc_Consultant/ProgressMonitor/Select_Instance'  using regular expression

2021-03-01 23:37:55 - [MESSAGE][PASSED] - Delayed 2 second(s)

2021-03-01 23:37:56 - [MESSAGE][PASSED] - Object: 'Object Repository/ProAcc_Consultant/ProgressMonitor/edit' is clicked on

2021-03-01 23:37:58 - [MESSAGE][PASSED] - Delayed 2 second(s)

2021-03-01 23:38:01 - [MESSAGE][PASSED] - Delayed 3 second(s)

2021-03-01 23:38:02 - [MESSAGE][PASSED] - Delayed 1 second(s)

2021-03-01 23:38:03 - [MESSAGE][PASSED] - Delayed 1 second(s)

2021-03-01 23:38:04 - [MESSAGE][PASSED] - Delayed 1 second(s)

2021-03-01 23:38:05 - [MESSAGE][PASSED] - Delayed 1 second(s)

2021-03-01 23:38:09 - [MESSAGE][PASSED] - Delayed 3 second(s)

2021-03-01 23:38:11 - [MESSAGE][PASSED] - Delayed 2 second(s)

2021-03-01 23:38:12 - [MESSAGE][WARNING] - A browser is already opened. Closing browser and opening a new one

2021-03-01 23:38:14 - [MESSAGE][INFO] - Starting 'Chrome' driver

2021-03-01 23:38:14 - [MESSAGE][INFO] - User set preference: ['prefs', '{download.default_directory=Include\Downloaded Files}']

2021-03-01 23:38:14 - [MESSAGE][INFO] - Action delay is set to 0 milliseconds

2021-03-01 23:38:16 - [MESSAGE][PASSED] - Browser is opened with url: ''

2021-03-01 23:38:16 - [MESSAGE][PASSED] - Current window maximized

2021-03-01 23:38:17 - [MESSAGE][PASSED] - Navigate to 'http://123.176.34.15:4041/ProAcc2QA' successfully

2021-03-01 23:38:18 - [MESSAGE][PASSED] - Text 'Seena' is set on object 'Object Repository/ProAcc_Login/input_User Name_Username'

2021-03-01 23:38:19 - [MESSAGE][PASSED] - Text 'a12345@' is set on object 'Object Repository/ProAcc_Login/input_Password_Password'

2021-03-01 23:38:22 - [MESSAGE][PASSED] - Object: 'Object Repository/ProAcc_Login/button_Sign In' is clicked on

2021-03-01 23:38:24 - [MESSAGE][PASSED] - Delayed 2 second(s)

2021-03-01 23:38:25 - [MESSAGE][PASSED] - Text of object '' is: 'Consultant'

2021-03-01 23:38:27 - [MESSAGE][PASSED] - Object: '' is clicked on

2021-03-01 23:38:27 - [MESSAGE][PASSED] - Object: 'Object Repository/ProAcc_Consultant/ProgressMonitor/report_Btn' is clicked on

2021-03-01 23:38:29 - [MESSAGE][PASSED] - All options with label 'Pre Conversion' are selected in object 'Object Repository/ProAcc_Pm/ProAcc_ResourceAllocation/PhaseName'  using regular expression

2021-03-01 23:38:31 - [MESSAGE][PASSED] - Delayed 2 second(s)

2021-03-01 23:38:31 - [MESSAGE][PASSED] - Text of object '' is: 'Consultant'

2021-03-01 23:38:32 - [MESSAGE][PASSED] - All options with label 'Cipla Industries' are selected in object 'Object Repository/ProAcc_Consultant/ProgressMonitor/Select_Customer'  using regular expression

2021-03-01 23:38:33 - [MESSAGE][PASSED] - All options with label 'TestProject' are selected in object 'Object Repository/ProAcc_Consultant/ProgressMonitor/Select_Project'  using regular expression

2021-03-01 23:38:35 - [MESSAGE][PASSED] - All options with label 'TP1' are selected in object 'Object Repository/ProAcc_Consultant/ProgressMonitor/Select_Instance'  using regular expression

2021-03-01 23:38:37 - [MESSAGE][PASSED] - Delayed 2 second(s)

2021-03-01 23:38:37 - [MESSAGE][PASSED] - Object: 'Object Repository/ProAcc_Consultant/ProgressMonitor/edit' is clicked on

2021-03-01 23:38:39 - [MESSAGE][PASSED] - Delayed 2 second(s)

2021-03-01 23:38:42 - [MESSAGE][PASSED] - Delayed 3 second(s)

2021-03-01 23:38:43 - [MESSAGE][PASSED] - Delayed 1 second(s)

2021-03-01 23:38:44 - [MESSAGE][PASSED] - Delayed 1 second(s)

2021-03-01 23:38:45 - [MESSAGE][PASSED] - Delayed 1 second(s)

2021-03-01 23:38:47 - [MESSAGE][PASSED] - Delayed 1 second(s)

2021-03-01 23:38:50 - [MESSAGE][PASSED] - Delayed 3 second(s)

2021-03-01 23:38:52 - [MESSAGE][PASSED] - Delayed 2 second(s)

2021-03-01 23:38:53 - [MESSAGE][WARNING] - A browser is already opened. Closing browser and opening a new one

2021-03-01 23:38:54 - [MESSAGE][INFO] - Starting 'Chrome' driver

2021-03-01 23:38:54 - [MESSAGE][INFO] - User set preference: ['prefs', '{download.default_directory=Include\Downloaded Files}']

2021-03-01 23:38:54 - [MESSAGE][INFO] - Action delay is set to 0 milliseconds

2021-03-01 23:38:57 - [MESSAGE][PASSED] - Browser is opened with url: ''

2021-03-01 23:38:57 - [MESSAGE][PASSED] - Current window maximized

2021-03-01 23:38:58 - [MESSAGE][PASSED] - Navigate to 'http://123.176.34.15:4041/ProAcc2QA' successfully

2021-03-01 23:38:59 - [MESSAGE][PASSED] - Text 'Seena' is set on object 'Object Repository/ProAcc_Login/input_User Name_Username'

2021-03-01 23:38:59 - [MESSAGE][PASSED] - Text 'a12345@' is set on object 'Object Repository/ProAcc_Login/input_Password_Password'

2021-03-01 23:39:03 - [MESSAGE][PASSED] - Object: 'Object Repository/ProAcc_Login/button_Sign In' is clicked on

2021-03-01 23:39:05 - [MESSAGE][PASSED] - Delayed 2 second(s)

2021-03-01 23:39:05 - [MESSAGE][PASSED] - Text of object '' is: 'Consultant'

2021-03-01 23:39:08 - [MESSAGE][PASSED] - Object: '' is clicked on

2021-03-01 23:39:09 - [MESSAGE][PASSED] - Object: 'Object Repository/ProAcc_Consultant/ProgressMonitor/report_Btn' is clicked on

2021-03-01 23:39:10 - [MESSAGE][PASSED] - All options with label 'Pre Conversion' are selected in object 'Object Repository/ProAcc_Pm/ProAcc_ResourceAllocation/PhaseName'  using regular expression

2021-03-01 23:39:12 - [MESSAGE][PASSED] - Delayed 2 second(s)

2021-03-01 23:39:12 - [MESSAGE][PASSED] - Text of object '' is: 'Consultant'

2021-03-01 23:39:14 - [MESSAGE][PASSED] - All options with label 'Cipla Industries' are selected in object 'Object Repository/ProAcc_Consultant/ProgressMonitor/Select_Customer'  using regular expression

2021-03-01 23:39:15 - [MESSAGE][PASSED] - All options with label 'TestProject' are selected in object 'Object Repository/ProAcc_Consultant/ProgressMonitor/Select_Project'  using regular expression

2021-03-01 23:39:16 - [MESSAGE][PASSED] - All options with label 'TP1' are selected in object 'Object Repository/ProAcc_Consultant/ProgressMonitor/Select_Instance'  using regular expression

2021-03-01 23:39:18 - [MESSAGE][PASSED] - Delayed 2 second(s)

2021-03-01 23:39:18 - [MESSAGE][PASSED] - Object: 'Object Repository/ProAcc_Consultant/ProgressMonitor/edit' is clicked on

2021-03-01 23:39:20 - [MESSAGE][PASSED] - Delayed 2 second(s)

2021-03-01 23:39:23 - [MESSAGE][PASSED] - Delayed 3 second(s)

2021-03-01 23:39:24 - [MESSAGE][PASSED] - Delayed 1 second(s)

2021-03-01 23:39:25 - [MESSAGE][PASSED] - Delayed 1 second(s)

2021-03-01 23:39:26 - [MESSAGE][PASSED] - Delayed 1 second(s)

2021-03-01 23:39:28 - [MESSAGE][PASSED] - Delayed 1 second(s)

2021-03-01 23:39:31 - [MESSAGE][PASSED] - Delayed 3 second(s)

2021-03-01 23:39:33 - [MESSAGE][PASSED] - Delayed 2 second(s)

2021-03-01 23:39:34 - [MESSAGE][WARNING] - A browser is already opened. Closing browser and opening a new one

2021-03-01 23:39:35 - [MESSAGE][INFO] - Starting 'Chrome' driver

2021-03-01 23:39:35 - [MESSAGE][INFO] - User set preference: ['prefs', '{download.default_directory=Include\Downloaded Files}']

2021-03-01 23:39:35 - [MESSAGE][INFO] - Action delay is set to 0 milliseconds

2021-03-01 23:39:38 - [MESSAGE][PASSED] - Browser is opened with url: ''

2021-03-01 23:39:38 - [MESSAGE][PASSED] - Current window maximized

2021-03-01 23:39:39 - [MESSAGE][PASSED] - Navigate to 'http://123.176.34.15:4041/ProAcc2QA' successfully

[...]

2021-03-01 23:52:55 - [MESSAGE][PASSED] - Navigate to 'http://123.176.34.15:4041/ProAcc2QA' successfully

2021-03-01 23:52:56 - [MESSAGE][PASSED] - Text 'Seena' is set on object 'Object Repository/ProAcc_Login/input_User Name_Username'

2021-03-01 23:52:57 - [MESSAGE][PASSED] - Text 'a12345@' is set on object 'Object Repository/ProAcc_Login/input_Password_Password'

2021-03-01 23:53:01 - [MESSAGE][PASSED] - Object: 'Object Repository/ProAcc_Login/button_Sign In' is clicked on

2021-03-01 23:53:03 - [MESSAGE][PASSED] - Delayed 2 second(s)

2021-03-01 23:53:03 - [MESSAGE][PASSED] - Text of object '' is: 'Consultant'

2021-03-01 23:53:06 - [MESSAGE][PASSED] - Object: '' is clicked on

2021-03-01 23:53:07 - [MESSAGE][PASSED] - Object: 'Object Repository/ProAcc_Consultant/ProgressMonitor/report_Btn' is clicked on

2021-03-01 23:53:08 - [MESSAGE][PASSED] - All options with label 'Post Conversion' are selected in object 'Object Repository/ProAcc_Pm/ProAcc_ResourceAllocation/PhaseName'  using regular expression

2021-03-01 23:53:10 - [MESSAGE][PASSED] - Delayed 2 second(s)

2021-03-01 23:53:10 - [MESSAGE][PASSED] - Text of object '' is: 'Consultant'

2021-03-01 23:53:11 - [MESSAGE][PASSED] - All options with label 'Cipla Industries' are selected in object 'Object Repository/ProAcc_Consultant/ProgressMonitor/Select_Customer'  using regular expression

2021-03-01 23:53:12 - [MESSAGE][PASSED] - All options with label 'TestProject' are selected in object 'Object Repository/ProAcc_Consultant/ProgressMonitor/Select_Project'  using regular expression

2021-03-01 23:53:14 - [MESSAGE][PASSED] - All options with label 'TP1' are selected in object 'Object Repository/ProAcc_Consultant/ProgressMonitor/Select_Instance'  using regular expression

2021-03-01 23:53:16 - [MESSAGE][PASSED] - Delayed 2 second(s)

2021-03-01 23:53:16 - [MESSAGE][PASSED] - Object: 'Object Repository/ProAcc_Consultant/ProgressMonitor/edit' is clicked on

2021-03-01 23:53:18 - [MESSAGE][PASSED] - Delayed 2 second(s)

2021-03-01 23:53:21 - [MESSAGE][PASSED] - Delayed 3 second(s)

2021-03-01 23:53:22 - [MESSAGE][PASSED] - Delayed 1 second(s)

2021-03-01 23:53:23 - [MESSAGE][PASSED] - Delayed 1 second(s)

2021-03-01 23:53:24 - [MESSAGE][PASSED] - Delayed 1 second(s)

2021-03-01 23:53:26 - [MESSAGE][PASSED] - Delayed 1 second(s)

2021-03-01 23:53:29 - [MESSAGE][PASSED] - Delayed 3 second(s)

2021-03-01 23:53:31 - [MESSAGE][PASSED] - Delayed 2 second(s)

2021-03-01 23:53:32 - [MESSAGE][WARNING] - A browser is already opened. Closing browser and opening a new one

2021-03-01 23:53:34 - [MESSAGE][INFO] - Starting 'Chrome' driver

2021-03-01 23:53:34 - [MESSAGE][INFO] - User set preference: ['prefs', '{download.default_directory=Include\Downloaded Files}']

2021-03-01 23:53:34 - [MESSAGE][INFO] - Action delay is set to 0 milliseconds

2021-03-01 23:53:37 - [MESSAGE][PASSED] - Browser is opened with url: ''

2021-03-01 23:53:37 - [MESSAGE][PASSED] - Current window maximized

2021-03-01 23:53:38 - [MESSAGE][PASSED] - Navigate to 'http://123.176.34.15:4041/ProAcc2QA' successfully

2021-03-01 23:53:39 - [MESSAGE][PASSED] - Text 'Abhi' is set on object 'Object Repository/ProAcc_Login/input_User Name_Username'

2021-03-01 23:53:39 - [MESSAGE][PASSED] - Text 'a12345@' is set on object 'Object Repository/ProAcc_Login/input_Password_Password'

2021-03-01 23:53:43 - [MESSAGE][PASSED] - Object: 'Object Repository/ProAcc_Login/button_Sign In' is clicked on

2021-03-01 23:53:45 - [MESSAGE][PASSED] - Delayed 2 second(s)

2021-03-01 23:53:46 - [MESSAGE][PASSED] - Text of object '' is: 'Consultant'

2021-03-01 23:53:48 - [MESSAGE][PASSED] - Object: '' is clicked on

2021-03-01 23:53:49 - [MESSAGE][PASSED] - Object: 'Object Repository/ProAcc_Consultant/ProgressMonitor/report_Btn' is clicked on

2021-03-01 23:53:50 - [MESSAGE][PASSED] - All options with label 'Post Conversion' are selected in object 'Object Repository/ProAcc_Pm/ProAcc_ResourceAllocation/PhaseName'  using regular expression

2021-03-01 23:53:52 - [MESSAGE][PASSED] - Delayed 2 second(s)

2021-03-01 23:53:52 - [MESSAGE][PASSED] - Text of object '' is: 'Consultant'

2021-03-01 23:53:53 - [MESSAGE][PASSED] - All options with label 'Cipla Industries' are selected in object 'Object Repository/ProAcc_Consultant/ProgressMonitor/Select_Customer'  using regular expression

2021-03-01 23:53:55 - [MESSAGE][PASSED] - All options with label 'TestProject' are selected in object 'Object Repository/ProAcc_Consultant/ProgressMonitor/Select_Project'  using regular expression

2021-03-01 23:53:56 - [MESSAGE][PASSED] - All options with label 'TP1' are selected in object 'Object Repository/ProAcc_Consultant/ProgressMonitor/Select_Instance'  using regular expression

2021-03-01 23:53:58 - [MESSAGE][PASSED] - Delayed 2 second(s)

2021-03-01 23:53:58 - [MESSAGE][PASSED] - Object: 'Object Repository/ProAcc_Consultant/ProgressMonitor/edit' is clicked on

2021-03-01 23:54:00 - [MESSAGE][PASSED] - Delayed 2 second(s)

2021-03-01 23:54:03 - [MESSAGE][PASSED] - Delayed 3 second(s)

2021-03-01 23:54:04 - [MESSAGE][PASSED] - Delayed 1 second(s)

2021-03-01 23:54:05 - [MESSAGE][PASSED] - Delayed 1 second(s)

2021-03-01 23:54:06 - [MESSAGE][PASSED] - Delayed 1 second(s)

2021-03-01 23:54:08 - [MESSAGE][PASSED] - Delayed 1 second(s)

2021-03-01 23:54:12 - [MESSAGE][PASSED] - Delayed 3 second(s)

2021-03-01 23:54:14 - [MESSAGE][PASSED] - Delayed 2 second(s)

2021-03-01 23:54:15 - [MESSAGE][PASSED] - Run with 'phase_runner.ProgressMonitor_Consultant_PostCon_Runner' was passed]]></system-out>
         <system-err><![CDATA[]]></system-err>
      </testcase>
      <testcase name="Test Cases/Tc_ProAcc_Delete/Activity_Delete" time="59.288" classname="Test Cases/Tc_ProAcc_Delete/Activity_Delete" status="PASSED">
         <system-out><![CDATA[2021-03-01 23:54:15 - [TEST_CASE][PASSED] - Test Cases/Tc_ProAcc_Delete/Activity_Delete: Test Cases/Tc_ProAcc_Delete/Activity_Delete

2021-03-01 23:54:15 - [TEST_STEP][PASSED] - runWithCucumberRunner(testRunner.DeleteActivity_Runner): Run with 'testRunner.DeleteActivity_Runner' was passed

2021-03-01 23:54:17 - [MESSAGE][WARNING] - A browser is already opened. Closing browser and opening a new one

2021-03-01 23:54:20 - [MESSAGE][INFO] - Starting 'Chrome' driver

2021-03-01 23:54:20 - [MESSAGE][INFO] - User set preference: ['prefs', '{download.default_directory=Include\Downloaded Files}']

2021-03-01 23:54:20 - [MESSAGE][INFO] - Action delay is set to 0 milliseconds

2021-03-01 23:54:23 - [MESSAGE][PASSED] - Browser is opened with url: ''

2021-03-01 23:54:23 - [MESSAGE][PASSED] - Current window maximized

2021-03-01 23:54:28 - [MESSAGE][PASSED] - Delayed 5 second(s)

2021-03-01 23:54:29 - [MESSAGE][PASSED] - Navigate to 'http://123.176.34.15:4041/PROACC2QA/' successfully

2021-03-01 23:54:30 - [MESSAGE][PASSED] - Text 'admin' is set on object 'Object Repository/ProAcc_Login/input_User Name_Username'

2021-03-01 23:54:30 - [MESSAGE][PASSED] - Text 'admin@12' is set on object 'Object Repository/ProAcc_Login/input_Password_Password'

2021-03-01 23:54:44 - [MESSAGE][PASSED] - Object: 'Object Repository/ProAcc_Admin/ProAcc_Activity/span_Configuration' is clicked on

2021-03-01 23:54:45 - [MESSAGE][PASSED] - Object: 'Object Repository/ProAcc_Admin/ProAcc_Activity/a_Activity' is clicked on

2021-03-01 23:54:47 - [MESSAGE][PASSED] - Delayed 2 second(s)

2021-03-01 23:54:49 - [MESSAGE][PASSED] - Delayed 1 second(s)

2021-03-01 23:54:49 - [MESSAGE][PASSED] - Text of object '' is: 'Alexa_Assessment'

2021-03-01 23:54:49 - [MESSAGE][PASSED] - Object: '' is clicked on

2021-03-01 23:54:50 - [MESSAGE][PASSED] - Object: 'Object Repository/ProAcc_Pm/ProAcc_ResourceAllocation/Pull_Data_Btn' is clicked on

2021-03-01 23:54:51 - [MESSAGE][PASSED] - Delayed 1 second(s)

2021-03-01 23:54:52 - [MESSAGE][PASSED] - Text of object '' is: 'Alexa_Pre'

2021-03-01 23:54:53 - [MESSAGE][PASSED] - Delayed 1 second(s)

2021-03-01 23:54:53 - [MESSAGE][PASSED] - Text of object '' is: 'Read Conversion Guide For SAP S/4HANA 1909 - 2883337 - Add. Info. On Converting To SAP S/4HANA Using SUM 2.0 SP08'

2021-03-01 23:54:54 - [MESSAGE][PASSED] - Delayed 1 second(s)

2021-03-01 23:54:54 - [MESSAGE][PASSED] - Text of object '' is: 'Pre-Checks- SAP Host Agent Version'

2021-03-01 23:54:55 - [MESSAGE][PASSED] - Delayed 1 second(s)

2021-03-01 23:54:56 - [MESSAGE][PASSED] - Text of object '' is: 'Deactivate SAP Business Functions (Example: SRM)'

2021-03-01 23:54:57 - [MESSAGE][PASSED] - Delayed 1 second(s)

2021-03-01 23:54:57 - [MESSAGE][PASSED] - Text of object '' is: 'Alexa_Con'

2021-03-01 23:54:58 - [MESSAGE][PASSED] - Delayed 1 second(s)

2021-03-01 23:54:58 - [MESSAGE][PASSED] - Text of object '' is: 'Conversion Of Your Data Into The New Data Structure Used By SAP S/4HANA'

2021-03-01 23:54:59 - [MESSAGE][PASSED] - Delayed 1 second(s)

2021-03-01 23:54:59 - [MESSAGE][PASSED] - Text of object '' is: 'Preprocessing Phase: (Ramp Down) Before Enter Into The Downtime No Jobs No Queues Lock Users'

2021-03-01 23:55:00 - [MESSAGE][PASSED] - Delayed 1 second(s)

2021-03-01 23:55:01 - [MESSAGE][PASSED] - Text of object '' is: 'Application Preparation Activities In Business Downtime (Row 156-164)'

2021-03-01 23:55:02 - [MESSAGE][PASSED] - Delayed 1 second(s)

2021-03-01 23:55:02 - [MESSAGE][PASSED] - Text of object '' is: 'Alexa_Post'

2021-03-01 23:55:03 - [MESSAGE][PASSED] - Delayed 1 second(s)

2021-03-01 23:55:04 - [MESSAGE][PASSED] - Text of object '' is: '2.9.3 Assign Number Ranges..........................................................................................................43'

2021-03-01 23:55:05 - [MESSAGE][PASSED] - Delayed 1 second(s)

2021-03-01 23:55:05 - [MESSAGE][PASSED] - Text of object '' is: '4.6.6 Enrich Balance Carryforward Based On Open Items................................................................76'

2021-03-01 23:55:06 - [MESSAGE][PASSED] - Delayed 1 second(s)

2021-03-01 23:55:06 - [MESSAGE][PASSED] - Text of object '' is: '4.10 Deactivate Reconciliation Ledger...............................................................................................77'

2021-03-01 23:55:07 - [MESSAGE][PASSED] - Delayed 1 second(s)

2021-03-01 23:55:07 - [MESSAGE][PASSED] - Text of object '' is: '10Steps2S4 – [ACT] Logistics Post Conversion Activities: 2. Business Partner And CVI'

2021-03-01 23:55:08 - [MESSAGE][PASSED] - Delayed 1 second(s)

2021-03-01 23:55:09 - [MESSAGE][PASSED] - Text of object '' is: '10Steps2S4 – [ACT] Logistics Post Conversion Activities: 3. MRP'

2021-03-01 23:55:10 - [MESSAGE][PASSED] - Delayed 1 second(s)

2021-03-01 23:55:10 - [MESSAGE][PASSED] - Text of object '' is: '10Steps2S4 – [ACT] Logistics Post Conversion Activities: 2. Business Partner And CVI- Post Conversion'

2021-03-01 23:55:11 - [MESSAGE][PASSED] - Delayed 1 second(s)

2021-03-01 23:55:11 - [MESSAGE][PASSED] - Text of object '' is: '10Steps2S4 - [PRE] Fiori Configuration'

2021-03-01 23:55:12 - [MESSAGE][PASSED] - Delayed 1 second(s)

2021-03-01 23:55:13 - [MESSAGE][PASSED] - Text of object '' is: '10Steps2S4 - [ACT] Fiori Configuration'

2021-03-01 23:55:14 - [MESSAGE][PASSED] - Delayed 1 second(s)

2021-03-01 23:55:14 - [MESSAGE][PASSED] - Text of object '' is: 'Integration Testing And UAT'

2021-03-01 23:55:14 - [MESSAGE][PASSED] - Run with 'testRunner.DeleteActivity_Runner' was passed]]></system-out>
         <system-err><![CDATA[]]></system-err>
      </testcase>
      <testcase name="Test Cases/Tc_ProAcc_Delete/PmTask_Delete" time="6.57" classname="Test Cases/Tc_ProAcc_Delete/PmTask_Delete" status="PASSED">
         <system-out><![CDATA[2021-03-01 23:55:14 - [TEST_CASE][PASSED] - Test Cases/Tc_ProAcc_Delete/PmTask_Delete: Test Cases/Tc_ProAcc_Delete/PmTask_Delete

2021-03-01 23:55:14 - [TEST_STEP][PASSED] - runWithCucumberRunner(testRunner.DeletePmTask_Runner): Run with 'testRunner.DeletePmTask_Runner' was passed

2021-03-01 23:55:17 - [MESSAGE][PASSED] - Object: 'Object Repository/ProAcc_Admin/ProAcc_Activity/span_Configuration' is clicked on

2021-03-01 23:55:18 - [MESSAGE][PASSED] - Object: 'Object Repository/ProAcc_Delete/PmTask_Delete/PmTask_Click' is clicked on

2021-03-01 23:55:19 - [MESSAGE][PASSED] - Text 'Plan Project' is set on object 'Object Repository/ProAcc_Delete/PmTask_Delete/Search_Pm'

2021-03-01 23:55:20 - [MESSAGE][PASSED] - Object: 'Object Repository/ProAcc_Delete/PmTask_Delete/Del_Btn' is clicked on

2021-03-01 23:55:20 - [MESSAGE][PASSED] - Object: 'Object Repository/ProAcc_Delete/Activity_Delete/Yes_Btn' is clicked on

2021-03-01 23:55:20 - [MESSAGE][PASSED] - Run with 'testRunner.DeletePmTask_Runner' was passed]]></system-out>
         <system-err><![CDATA[]]></system-err>
      </testcase>
      <testcase name="Test Cases/Tc_ProAcc_Delete/Instance_Delete" time="8.22" classname="Test Cases/Tc_ProAcc_Delete/Instance_Delete" status="PASSED">
         <system-out><![CDATA[2021-03-01 23:55:21 - [TEST_CASE][PASSED] - Test Cases/Tc_ProAcc_Delete/Instance_Delete: Test Cases/Tc_ProAcc_Delete/Instance_Delete

2021-03-01 23:55:21 - [TEST_STEP][PASSED] - runWithCucumberRunner(testRunner.DeleteInstance_Runner): Run with 'testRunner.DeleteInstance_Runner' was passed

2021-03-01 23:55:24 - [MESSAGE][PASSED] - Object: 'Object Repository/ProAcc_Admin/ProAcc_Activity/span_Configuration' is clicked on

2021-03-01 23:55:25 - [MESSAGE][PASSED] - Object: 'Object Repository/ProAcc_Delete/Project_Delete/Project_Click' is clicked on

2021-03-01 23:55:26 - [MESSAGE][PASSED] - All options with label 'Project' are selected in object 'Object Repository/ProAcc_Delete/Project_Delete/Drpdwn_Project'  using regular expression

2021-03-01 23:55:27 - [MESSAGE][PASSED] - Text 'TestProject' is set on object 'Object Repository/ProAcc_Delete/Project_Delete/Search_project'

2021-03-01 23:55:27 - [MESSAGE][PASSED] - Object: 'Object Repository/ProAcc_Delete/Instance_Delete/Prj_Click' is clicked on

2021-03-01 23:55:28 - [MESSAGE][PASSED] - Object: 'Object Repository/ProAcc_Delete/Instance_Delete/Del_Instance' is clicked on

2021-03-01 23:55:29 - [MESSAGE][PASSED] - Object: 'Object Repository/ProAcc_Delete/Activity_Delete/Yes_Btn' is clicked on

2021-03-01 23:55:29 - [MESSAGE][PASSED] - Run with 'testRunner.DeleteInstance_Runner' was passed]]></system-out>
         <system-err><![CDATA[]]></system-err>
      </testcase>
      <testcase name="Test Cases/Tc_ProAcc_Delete/Project_Delete" time="8.793" classname="Test Cases/Tc_ProAcc_Delete/Project_Delete" status="PASSED">
         <system-out><![CDATA[2021-03-01 23:55:29 - [TEST_CASE][PASSED] - Test Cases/Tc_ProAcc_Delete/Project_Delete: Test Cases/Tc_ProAcc_Delete/Project_Delete

2021-03-01 23:55:29 - [TEST_STEP][PASSED] - runWithCucumberRunner(testRunner.DeleteProject_Runner): Run with 'testRunner.DeleteProject_Runner' was passed

2021-03-01 23:55:32 - [MESSAGE][PASSED] - Object: 'Object Repository/ProAcc_Admin/ProAcc_Activity/span_Configuration' is clicked on

2021-03-01 23:55:34 - [MESSAGE][PASSED] - Object: 'Object Repository/ProAcc_Delete/Project_Delete/Project_Click' is clicked on

2021-03-01 23:55:36 - [MESSAGE][PASSED] - All options with label 'Project' are selected in object 'Object Repository/ProAcc_Delete/Project_Delete/Drpdwn_Project'  using regular expression

2021-03-01 23:55:37 - [MESSAGE][PASSED] - Text 'TestProject' is set on object 'Object Repository/ProAcc_Delete/Project_Delete/Search_project'

2021-03-01 23:55:37 - [MESSAGE][PASSED] - Object: 'Object Repository/ProAcc_Delete/Project_Delete/Del_Prj' is clicked on

2021-03-01 23:55:38 - [MESSAGE][PASSED] - Object: 'Object Repository/ProAcc_Delete/Activity_Delete/Yes_Btn' is clicked on

2021-03-01 23:55:38 - [MESSAGE][PASSED] - Run with 'testRunner.DeleteProject_Runner' was passed]]></system-out>
         <system-err><![CDATA[]]></system-err>
      </testcase>
      <testcase name="Test Cases/Tc_ProAcc_Delete/User_Delete" time="20.518" classname="Test Cases/Tc_ProAcc_Delete/User_Delete" status="PASSED">
         <system-out><![CDATA[2021-03-01 23:55:38 - [TEST_CASE][PASSED] - Test Cases/Tc_ProAcc_Delete/User_Delete: Test Cases/Tc_ProAcc_Delete/User_Delete

2021-03-01 23:55:38 - [TEST_STEP][PASSED] - runWithCucumberRunner(testRunner.DeleteUser_Runner): Run with 'testRunner.DeleteUser_Runner' was passed

2021-03-01 23:55:41 - [MESSAGE][PASSED] - Object: 'Object Repository/ProAcc_Delete/Customer_Delete/UserSetting_Btn' is clicked on

2021-03-01 23:55:42 - [MESSAGE][PASSED] - Object: 'Object Repository/ProAcc_Delete/User_Delete/User_Click' is clicked on

2021-03-01 23:55:44 - [MESSAGE][PASSED] - Delayed 1 second(s)

2021-03-01 23:55:44 - [MESSAGE][PASSED] - Text of object '' is: 'TestCustomer'

2021-03-01 23:55:45 - [MESSAGE][PASSED] - Delayed 1 second(s)

2021-03-01 23:55:45 - [MESSAGE][PASSED] - Text of object '' is: 'TestConsultant'

2021-03-01 23:55:46 - [MESSAGE][PASSED] - Delayed 1 second(s)

2021-03-01 23:55:47 - [MESSAGE][PASSED] - Text of object '' is: 'TestPM'

2021-03-01 23:55:48 - [MESSAGE][PASSED] - Delayed 1 second(s)

2021-03-01 23:55:48 - [MESSAGE][PASSED] - Text of object '' is: 'TestAdmin'

2021-03-01 23:55:48 - [MESSAGE][PASSED] - Object: '' is clicked on

2021-03-01 23:55:49 - [MESSAGE][PASSED] - Object: 'Object Repository/ProAcc_Pm/ProAcc_ResourceAllocation/Pull_Data_Btn' is clicked on

2021-03-01 23:55:50 - [MESSAGE][PASSED] - Delayed 1 second(s)

2021-03-01 23:55:50 - [MESSAGE][PASSED] - Text of object '' is: 'Abhi'

2021-03-01 23:55:51 - [MESSAGE][PASSED] - Delayed 1 second(s)

2021-03-01 23:55:51 - [MESSAGE][PASSED] - Text of object '' is: 'Vijay'

2021-03-01 23:55:52 - [MESSAGE][PASSED] - Delayed 1 second(s)

2021-03-01 23:55:53 - [MESSAGE][PASSED] - Text of object '' is: 'Govind'

2021-03-01 23:55:54 - [MESSAGE][PASSED] - Delayed 1 second(s)

2021-03-01 23:55:54 - [MESSAGE][PASSED] - Text of object '' is: 'Akhil'

2021-03-01 23:55:55 - [MESSAGE][PASSED] - Delayed 1 second(s)

2021-03-01 23:55:55 - [MESSAGE][PASSED] - Text of object '' is: 'Sainath'

2021-03-01 23:55:56 - [MESSAGE][PASSED] - Delayed 1 second(s)

2021-03-01 23:55:57 - [MESSAGE][PASSED] - Text of object '' is: 'Seena'

2021-03-01 23:55:58 - [MESSAGE][PASSED] - Delayed 1 second(s)

2021-03-01 23:55:58 - [MESSAGE][PASSED] - Text of object '' is: 'Kamal'

2021-03-01 23:55:58 - [MESSAGE][PASSED] - Run with 'testRunner.DeleteUser_Runner' was passed]]></system-out>
         <system-err><![CDATA[]]></system-err>
      </testcase>
      <testcase name="Test Cases/Tc_ProAcc_Delete/Customer_Delete" time="5.662" classname="Test Cases/Tc_ProAcc_Delete/Customer_Delete" status="PASSED">
         <system-out><![CDATA[2021-03-01 23:55:58 - [TEST_CASE][PASSED] - Test Cases/Tc_ProAcc_Delete/Customer_Delete: Test Cases/Tc_ProAcc_Delete/Customer_Delete

2021-03-01 23:55:58 - [TEST_STEP][PASSED] - runWithCucumberRunner(testRunner.DeleteCustomer_Runner): Run with 'testRunner.DeleteCustomer_Runner' was passed

2021-03-01 23:56:01 - [MESSAGE][PASSED] - Object: 'Object Repository/ProAcc_Delete/Customer_Delete/UserSetting_Btn' is clicked on

2021-03-01 23:56:02 - [MESSAGE][PASSED] - Object: 'Object Repository/ProAcc_Delete/Customer_Delete/Customer_Click' is clicked on

2021-03-01 23:56:03 - [MESSAGE][PASSED] - Text 'Cipla Industries' is set on object 'Object Repository/ProAcc_Delete/Customer_Delete/Search_Customer'

2021-03-01 23:56:03 - [MESSAGE][PASSED] - Object: 'Object Repository/ProAcc_Delete/Customer_Delete/Delete_Btn' is clicked on

2021-03-01 23:56:04 - [MESSAGE][PASSED] - Object: 'Object Repository/ProAcc_Delete/Activity_Delete/Yes_Btn' is clicked on

2021-03-01 23:56:04 - [MESSAGE][PASSED] - Run with 'testRunner.DeleteCustomer_Runner' was passed]]></system-out>
         <system-err><![CDATA[]]></system-err>
      </testcase>
      <system-out><![CDATA[2021-03-01 23:24:32 - [TEST_SUITE][PASSED] - ProAcc_Suite: Test Cases/Tc_ProAcc_Delete/Customer_Delete]]></system-out>
      <system-err><![CDATA[]]></system-err>
   </testsuite>
</testsuites>
