<?xml version="1.0" encoding="UTF-8"?>
<testsuites name="ProAcc_Suite" time="2259.37" tests="32" failures="1" skips="0" errors="0">
   <testsuite name="ProAcc_Suite" tests="32" failures="1" errors="0" time="2259.37" skips="0" timestamp="2021-03-02 23:35:13" hostname="Group10 - Group10-PC" id="Test Suites/ProAcc_Suite">
      <properties>
         <property name="deviceName" value=""/>
         <property name="devicePlatform" value=""/>
         <property name="logFolder" value="C:\\Users\\Group10\\Desktop\\ProAcc_Test\\ProAcc_Test_New\\Reports\\20210302_233508\\ProAcc_Suite\\20210302_233508"/>
         <property name="logFiles" value="C:\\Users\\Group10\\Desktop\\ProAcc_Test\\ProAcc_Test_New\\Reports\\20210302_233508\\ProAcc_Suite\\20210302_233508\\execution0.log"/>
         <property name="attachments" value="C:\\Users\\Group10\\Desktop\\ProAcc_Test\\ProAcc_Test_New\\Reports\\20210302_233508\\ProAcc_Suite\\20210302_233508\\1614709890356.png, C:\Users\Group10\Desktop\ProAcc_Test\ProAcc_Test_New\screenshots\Wed_Mar_03_00_01_30_IST_2021.png"/>
         <property name="hostName" value="Group10 - Group10-PC"/>
         <property name="os" value="Windows 7 64bit"/>
         <property name="katalonVersion" value="7.9.1.208"/>
         <property name="browser" value="Chrome 88.0.4324.182"/>
         <property name="hostAddress" value="192.168.1.4"/>
         <property name="sessionId" value="4c1f5f14f103f0416aeb4f32223d692d"/>
         <property name="seleniumVersion" value="3.141.59"/>
         <property name="proxyInformation" value="ProxyInformation { proxyOption=NO_PROXY, proxyServerType=HTTP, username=, password=********, proxyServerAddress=, proxyServerPort=0, executionList=&quot;&quot;, isApplyToDesiredCapabilities=true }"/>
         <property name="platform" value="Windows 7"/>
      </properties>
      <testcase name="Test Cases/Tc_ProAcc_Login/Login" time="25.973" classname="Test Cases/Tc_ProAcc_Login/Login" status="PASSED">
         <system-out><![CDATA[2021-03-02 23:35:15 - [TEST_CASE][PASSED] - Test Cases/Tc_ProAcc_Login/Login: Test Cases/Tc_ProAcc_Login/Login

2021-03-02 23:35:15 - [TEST_STEP][PASSED] - runWithCucumberRunner(testRunner.Login_Runner): Run with 'testRunner.Login_Runner' was passed

2021-03-02 23:35:19 - [MESSAGE][INFO] - Starting 'Chrome' driver

2021-03-02 23:35:19 - [MESSAGE][INFO] - User set preference: ['prefs', '{download.default_directory=Include\Downloaded Files}']

2021-03-02 23:35:19 - [MESSAGE][INFO] - Action delay is set to 0 milliseconds

2021-03-02 23:35:22 - [MESSAGE][PASSED] - Browser is opened with url: ''

2021-03-02 23:35:22 - [MESSAGE][PASSED] - Current window maximized

2021-03-02 23:35:27 - [MESSAGE][PASSED] - Delayed 5 second(s)

2021-03-02 23:35:28 - [MESSAGE][PASSED] - Navigate to 'http://123.176.34.15:4041/PROACC2QA/' successfully

2021-03-02 23:35:29 - [MESSAGE][PASSED] - Text 'admin' is set on object 'Object Repository/ProAcc_Login/input_User Name_Username'

2021-03-02 23:35:31 - [MESSAGE][PASSED] - Delayed 2 second(s)

2021-03-02 23:35:32 - [MESSAGE][PASSED] - Text 'admin@12' is set on object 'Object Repository/ProAcc_Login/input_Password_Password'

2021-03-02 23:35:34 - [MESSAGE][PASSED] - Delayed 2 second(s)

2021-03-02 23:35:38 - [MESSAGE][PASSED] - Object: 'Object Repository/ProAcc_Login/button_Sign In' is clicked on

2021-03-02 23:35:41 - [MESSAGE][PASSED] - Delayed 3 second(s)

2021-03-02 23:35:41 - [MESSAGE][PASSED] - Run with 'testRunner.Login_Runner' was passed]]></system-out>
         <system-err><![CDATA[]]></system-err>
      </testcase>
      <testcase name="Test Cases/Tc_ProAcc_Admin/Tc_Customer" time="15.07" classname="Test Cases/Tc_ProAcc_Admin/Tc_Customer" status="PASSED">
         <system-out><![CDATA[2021-03-02 23:35:41 - [TEST_CASE][PASSED] - Test Cases/Tc_ProAcc_Admin/Tc_Customer: Test Cases/Tc_ProAcc_Admin/Tc_Customer

2021-03-02 23:35:41 - [TEST_STEP][PASSED] - runWithCucumberRunner(testRunner.Customer_Runner): Run with 'testRunner.Customer_Runner' was passed

2021-03-02 23:35:44 - [MESSAGE][PASSED] - Object: 'Object Repository/ProAcc_Admin/ProAcc_Customer/span_Configuration' is clicked on

2021-03-02 23:35:45 - [MESSAGE][PASSED] - Object: 'Object Repository/ProAcc_Admin/ProAcc_Customer/a_Customer' is clicked on

2021-03-02 23:35:47 - [MESSAGE][PASSED] - Delayed 2 second(s)

2021-03-02 23:35:48 - [MESSAGE][PASSED] - Object: 'Object Repository/ProAcc_Admin/ProAcc_Customer/button_Add Customer' is clicked on

2021-03-02 23:35:49 - [MESSAGE][PASSED] - Delayed 1 second(s)

2021-03-02 23:35:49 - [MESSAGE][PASSED] - Object: 'Object Repository/ProAcc_Admin/ProAcc_Customer/input_Customer Name_txtCompanyName' is clicked on

2021-03-02 23:35:51 - [MESSAGE][PASSED] - Text 'Cipla Industries' is set on object 'Object Repository/ProAcc_Admin/ProAcc_Customer/input_Customer Name_txtCompanyName'

2021-03-02 23:35:52 - [MESSAGE][PASSED] - All options with label 'Pharmaceuticals' are selected in object 'Object Repository/ProAcc_Admin/ProAcc_Customer/select_Select IndustrySector               _9609f9'  using regular expression

2021-03-02 23:35:53 - [MESSAGE][PASSED] - Text 'sai' is set on object 'Object Repository/ProAcc_Admin/ProAcc_Customer/input_Contact Person_txtContact'

2021-03-02 23:35:54 - [MESSAGE][PASSED] - Text 'Test@promantus.com' is set on object 'Object Repository/ProAcc_Admin/ProAcc_Customer/input_Email_txtCustomerEmail'

2021-03-02 23:35:55 - [MESSAGE][PASSED] - Text '7013955452' is set on object 'Object Repository/ProAcc_Admin/ProAcc_Customer/input_Phone_txtCustomerPhone'

2021-03-02 23:35:56 - [MESSAGE][PASSED] - Object: 'Object Repository/ProAcc_Admin/ProAcc_Customer/button_Save' is clicked on

2021-03-02 23:35:56 - [MESSAGE][PASSED] - Run with 'testRunner.Customer_Runner' was passed]]></system-out>
         <system-err><![CDATA[]]></system-err>
      </testcase>
      <testcase name="Test Cases/Tc_ProAcc_Admin/Tc_User" time="92.342" classname="Test Cases/Tc_ProAcc_Admin/Tc_User" status="PASSED">
         <system-out><![CDATA[2021-03-02 23:35:56 - [TEST_CASE][PASSED] - Test Cases/Tc_ProAcc_Admin/Tc_User: Test Cases/Tc_ProAcc_Admin/Tc_User

2021-03-02 23:35:56 - [TEST_STEP][PASSED] - runWithCucumberRunner(testRunner.Users_Runner): Run with 'testRunner.Users_Runner' was passed

2021-03-02 23:35:59 - [MESSAGE][PASSED] - Object: 'Object Repository/ProAcc_Admin/ProAcc_Users/usersetting' is clicked on

2021-03-02 23:36:00 - [MESSAGE][PASSED] - Object: 'Object Repository/ProAcc_Admin/ProAcc_Users/click_user' is clicked on

2021-03-02 23:36:01 - [MESSAGE][PASSED] - Delayed 1 second(s)

2021-03-02 23:36:02 - [MESSAGE][PASSED] - Delayed 1 second(s)

2021-03-02 23:36:03 - [MESSAGE][PASSED] - Object: 'Object Repository/ProAcc_Admin/ProAcc_Users/adduser' is clicked on

2021-03-02 23:36:04 - [MESSAGE][PASSED] - Text 'TestAdmin' is set on object 'Object Repository/ProAcc_Admin/ProAcc_Users/name'

2021-03-02 23:36:05 - [MESSAGE][PASSED] - Delayed 1 second(s)

2021-03-02 23:36:06 - [MESSAGE][PASSED] - Text 'TestAdmin' is set on object 'Object Repository/ProAcc_Admin/ProAcc_Users/loginid'

2021-03-02 23:36:07 - [MESSAGE][PASSED] - Delayed 1 second(s)

2021-03-02 23:36:08 - [MESSAGE][PASSED] - Text 'a12345@' is set on object 'Object Repository/ProAcc_Admin/ProAcc_Users/password'

2021-03-02 23:36:09 - [MESSAGE][PASSED] - Delayed 1 second(s)

2021-03-02 23:36:10 - [MESSAGE][PASSED] - Text 'a12345@' is set on object 'Object Repository/ProAcc_Admin/ProAcc_Users/confirmpassword'

2021-03-02 23:36:11 - [MESSAGE][PASSED] - Delayed 1 second(s)

2021-03-02 23:36:12 - [MESSAGE][PASSED] - Text '7013955452' is set on object 'Object Repository/ProAcc_Admin/ProAcc_Users/phone'

2021-03-02 23:36:13 - [MESSAGE][PASSED] - Delayed 1 second(s)

2021-03-02 23:36:14 - [MESSAGE][PASSED] - Text 'Test@promantus.com' is set on object 'Object Repository/ProAcc_Admin/ProAcc_Users/email'

2021-03-02 23:36:15 - [MESSAGE][PASSED] - Delayed 1 second(s)

2021-03-02 23:36:16 - [MESSAGE][PASSED] - All options with label 'Admin' are selected in object 'Object Repository/ProAcc_Admin/ProAcc_Users/usertypedrp'  using regular expression

2021-03-02 23:36:18 - [MESSAGE][PASSED] - Delayed 2 second(s)

2021-03-02 23:36:20 - [MESSAGE][PASSED] - Delayed 2 second(s)

2021-03-02 23:36:20 - [MESSAGE][PASSED] - Object: 'Object Repository/ProAcc_Admin/ProAcc_Users/btn_save' is clicked on

2021-03-02 23:36:22 - [MESSAGE][PASSED] - Delayed 2 second(s)

2021-03-02 23:36:23 - [MESSAGE][PASSED] - Object: 'Object Repository/ProAcc_Admin/ProAcc_Users/adduser' is clicked on

2021-03-02 23:36:25 - [MESSAGE][PASSED] - Text 'TestPM' is set on object 'Object Repository/ProAcc_Admin/ProAcc_Users/name'

2021-03-02 23:36:26 - [MESSAGE][PASSED] - Delayed 1 second(s)

2021-03-02 23:36:26 - [MESSAGE][PASSED] - Text 'TestPM' is set on object 'Object Repository/ProAcc_Admin/ProAcc_Users/loginid'

2021-03-02 23:36:27 - [MESSAGE][PASSED] - Delayed 1 second(s)

2021-03-02 23:36:28 - [MESSAGE][PASSED] - Text 'a12345@' is set on object 'Object Repository/ProAcc_Admin/ProAcc_Users/password'

2021-03-02 23:36:29 - [MESSAGE][PASSED] - Delayed 1 second(s)

2021-03-02 23:36:30 - [MESSAGE][PASSED] - Text 'a12345@' is set on object 'Object Repository/ProAcc_Admin/ProAcc_Users/confirmpassword'

2021-03-02 23:36:31 - [MESSAGE][PASSED] - Delayed 1 second(s)

2021-03-02 23:36:32 - [MESSAGE][PASSED] - Text '7013955452' is set on object 'Object Repository/ProAcc_Admin/ProAcc_Users/phone'

2021-03-02 23:36:33 - [MESSAGE][PASSED] - Delayed 1 second(s)

2021-03-02 23:36:34 - [MESSAGE][PASSED] - Text 'Test@promantus.com' is set on object 'Object Repository/ProAcc_Admin/ProAcc_Users/email'

2021-03-02 23:36:35 - [MESSAGE][PASSED] - Delayed 1 second(s)

2021-03-02 23:36:36 - [MESSAGE][PASSED] - All options with label 'Project Manager' are selected in object 'Object Repository/ProAcc_Admin/ProAcc_Users/usertypedrp'  using regular expression

2021-03-02 23:36:38 - [MESSAGE][PASSED] - Delayed 2 second(s)

2021-03-02 23:36:40 - [MESSAGE][PASSED] - Delayed 2 second(s)

2021-03-02 23:36:41 - [MESSAGE][PASSED] - Object: 'Object Repository/ProAcc_Admin/ProAcc_Users/btn_save' is clicked on

2021-03-02 23:36:43 - [MESSAGE][PASSED] - Delayed 2 second(s)

2021-03-02 23:36:43 - [MESSAGE][PASSED] - Object: 'Object Repository/ProAcc_Admin/ProAcc_Users/adduser' is clicked on

2021-03-02 23:36:45 - [MESSAGE][PASSED] - Text 'TestConsultant' is set on object 'Object Repository/ProAcc_Admin/ProAcc_Users/name'

2021-03-02 23:36:46 - [MESSAGE][PASSED] - Delayed 1 second(s)

2021-03-02 23:36:47 - [MESSAGE][PASSED] - Text 'TestConsultant' is set on object 'Object Repository/ProAcc_Admin/ProAcc_Users/loginid'

2021-03-02 23:36:48 - [MESSAGE][PASSED] - Delayed 1 second(s)

2021-03-02 23:36:48 - [MESSAGE][PASSED] - Text 'a12345@' is set on object 'Object Repository/ProAcc_Admin/ProAcc_Users/password'

2021-03-02 23:36:49 - [MESSAGE][PASSED] - Delayed 1 second(s)

2021-03-02 23:36:50 - [MESSAGE][PASSED] - Text 'a12345@' is set on object 'Object Repository/ProAcc_Admin/ProAcc_Users/confirmpassword'

2021-03-02 23:36:51 - [MESSAGE][PASSED] - Delayed 1 second(s)

2021-03-02 23:36:52 - [MESSAGE][PASSED] - Text '7013955452' is set on object 'Object Repository/ProAcc_Admin/ProAcc_Users/phone'

2021-03-02 23:36:53 - [MESSAGE][PASSED] - Delayed 1 second(s)

2021-03-02 23:36:54 - [MESSAGE][PASSED] - Text 'Test@promantus.com' is set on object 'Object Repository/ProAcc_Admin/ProAcc_Users/email'

2021-03-02 23:36:55 - [MESSAGE][PASSED] - Delayed 1 second(s)

2021-03-02 23:36:56 - [MESSAGE][PASSED] - All options with label 'Consultant' are selected in object 'Object Repository/ProAcc_Admin/ProAcc_Users/usertypedrp'  using regular expression

2021-03-02 23:36:58 - [MESSAGE][PASSED] - Delayed 2 second(s)

2021-03-02 23:36:59 - [MESSAGE][PASSED] - All options with label 'Functional Consultant' are selected in object 'Object Repository/ProAcc_Admin/ProAcc_Users/roledrp'  using regular expression

2021-03-02 23:37:00 - [MESSAGE][PASSED] - Delayed 1 second(s)

2021-03-02 23:37:02 - [MESSAGE][PASSED] - Delayed 2 second(s)

2021-03-02 23:37:03 - [MESSAGE][PASSED] - Object: 'Object Repository/ProAcc_Admin/ProAcc_Users/btn_save' is clicked on

2021-03-02 23:37:05 - [MESSAGE][PASSED] - Delayed 2 second(s)

2021-03-02 23:37:05 - [MESSAGE][PASSED] - Object: 'Object Repository/ProAcc_Admin/ProAcc_Users/adduser' is clicked on

2021-03-02 23:37:07 - [MESSAGE][PASSED] - Text 'TestCustomer' is set on object 'Object Repository/ProAcc_Admin/ProAcc_Users/name'

2021-03-02 23:37:08 - [MESSAGE][PASSED] - Delayed 1 second(s)

2021-03-02 23:37:08 - [MESSAGE][PASSED] - Text 'TestCustomer' is set on object 'Object Repository/ProAcc_Admin/ProAcc_Users/loginid'

2021-03-02 23:37:09 - [MESSAGE][PASSED] - Delayed 1 second(s)

2021-03-02 23:37:10 - [MESSAGE][PASSED] - Text 'a12345@' is set on object 'Object Repository/ProAcc_Admin/ProAcc_Users/password'

2021-03-02 23:37:11 - [MESSAGE][PASSED] - Delayed 1 second(s)

2021-03-02 23:37:12 - [MESSAGE][PASSED] - Text 'a12345@' is set on object 'Object Repository/ProAcc_Admin/ProAcc_Users/confirmpassword'

2021-03-02 23:37:13 - [MESSAGE][PASSED] - Delayed 1 second(s)

2021-03-02 23:37:14 - [MESSAGE][PASSED] - Text '7013955452' is set on object 'Object Repository/ProAcc_Admin/ProAcc_Users/phone'

2021-03-02 23:37:15 - [MESSAGE][PASSED] - Delayed 1 second(s)

2021-03-02 23:37:16 - [MESSAGE][PASSED] - Text 'Test@promantus.com' is set on object 'Object Repository/ProAcc_Admin/ProAcc_Users/email'

2021-03-02 23:37:17 - [MESSAGE][PASSED] - Delayed 1 second(s)

2021-03-02 23:37:18 - [MESSAGE][PASSED] - All options with label 'Customer' are selected in object 'Object Repository/ProAcc_Admin/ProAcc_Users/usertypedrp'  using regular expression

2021-03-02 23:37:20 - [MESSAGE][PASSED] - Delayed 2 second(s)

2021-03-02 23:37:21 - [MESSAGE][PASSED] - All options with label 'Functional Consultant' are selected in object 'Object Repository/ProAcc_Admin/ProAcc_Users/roledrp'  using regular expression

2021-03-02 23:37:22 - [MESSAGE][PASSED] - All options with label 'Cipla Industries' are selected in object 'Object Repository/ProAcc_Admin/ProAcc_Users/customerdrp'  using regular expression

2021-03-02 23:37:24 - [MESSAGE][PASSED] - Delayed 2 second(s)

2021-03-02 23:37:25 - [MESSAGE][PASSED] - Object: 'Object Repository/ProAcc_Admin/ProAcc_Users/btn_save' is clicked on

2021-03-02 23:37:27 - [MESSAGE][PASSED] - Delayed 2 second(s)

2021-03-02 23:37:28 - [MESSAGE][PASSED] - Delayed 1 second(s)

2021-03-02 23:37:28 - [MESSAGE][PASSED] - Run with 'testRunner.Users_Runner' was passed]]></system-out>
         <system-err><![CDATA[]]></system-err>
      </testcase>
      <testcase name="Test Cases/Tc_ProAcc_Admin/Tc_Projects" time="23.872" classname="Test Cases/Tc_ProAcc_Admin/Tc_Projects" status="PASSED">
         <system-out><![CDATA[2021-03-02 23:37:28 - [TEST_CASE][PASSED] - Test Cases/Tc_ProAcc_Admin/Tc_Projects: Test Cases/Tc_ProAcc_Admin/Tc_Projects

2021-03-02 23:37:28 - [TEST_STEP][PASSED] - runWithCucumberRunner(testRunner.Project_Runner): Run with 'testRunner.Project_Runner' was passed

2021-03-02 23:37:32 - [MESSAGE][PASSED] - Object: 'Object Repository/ProAcc_Admin/ProAcc_Project/click_config' is clicked on

2021-03-02 23:37:34 - [MESSAGE][PASSED] - Delayed 2 second(s)

2021-03-02 23:37:34 - [MESSAGE][PASSED] - Object: 'Object Repository/ProAcc_Admin/ProAcc_Project/click_AddnewPrj' is clicked on

2021-03-02 23:37:36 - [MESSAGE][PASSED] - Delayed 2 second(s)

2021-03-02 23:37:37 - [MESSAGE][PASSED] - Text 'TestProject' is set on object 'Object Repository/ProAcc_Admin/ProAcc_Project/btn_prjname'

2021-03-02 23:37:39 - [MESSAGE][PASSED] - Delayed 2 second(s)

2021-03-02 23:37:40 - [MESSAGE][PASSED] - All options with label 'TestPM' are selected in object 'Object Repository/ProAcc_Admin/ProAcc_Project/drp_prjmanager'  using regular expression

2021-03-02 23:37:42 - [MESSAGE][PASSED] - Delayed 2 second(s)

2021-03-02 23:37:43 - [MESSAGE][PASSED] - All options with label 'Cipla Industries' are selected in object 'Object Repository/ProAcc_Admin/ProAcc_Project/drp_customer'  using regular expression

2021-03-02 23:37:45 - [MESSAGE][PASSED] - Delayed 2 second(s)

2021-03-02 23:37:46 - [MESSAGE][PASSED] - All options with label 'MERGE' are selected in object 'Object Repository/ProAcc_Admin/ProAcc_Project/drp_scenario'  using regular expression

2021-03-02 23:37:48 - [MESSAGE][PASSED] - Delayed 2 second(s)

2021-03-02 23:37:49 - [MESSAGE][PASSED] - Text 'Pro acc Inprogress' is set on object 'Object Repository/ProAcc_Admin/ProAcc_Project/txt_description'

2021-03-02 23:37:51 - [MESSAGE][PASSED] - Delayed 2 second(s)

2021-03-02 23:37:52 - [MESSAGE][PASSED] - Object: 'Object Repository/ProAcc_Admin/ProAcc_Project/btn_save' is clicked on

2021-03-02 23:37:52 - [MESSAGE][PASSED] - Run with 'testRunner.Project_Runner' was passed]]></system-out>
         <system-err><![CDATA[]]></system-err>
      </testcase>
      <testcase name="Test Cases/Tc_ProAcc_Admin/Tc_Instance" time="8.383" classname="Test Cases/Tc_ProAcc_Admin/Tc_Instance" status="PASSED">
         <system-out><![CDATA[2021-03-02 23:37:52 - [TEST_CASE][PASSED] - Test Cases/Tc_ProAcc_Admin/Tc_Instance: Test Cases/Tc_ProAcc_Admin/Tc_Instance

2021-03-02 23:37:52 - [TEST_STEP][PASSED] - runWithCucumberRunner(testRunner.Instance_Runner): Run with 'testRunner.Instance_Runner' was passed

2021-03-02 23:37:55 - [MESSAGE][PASSED] - Object: 'Object Repository/ProAcc_Admin/ProAcc_Instance/Config_Btn' is clicked on

2021-03-02 23:37:56 - [MESSAGE][PASSED] - Object: 'Object Repository/ProAcc_Admin/ProAcc_Instance/AddInstance_Btn' is clicked on

2021-03-02 23:37:57 - [MESSAGE][PASSED] - Text 'TP1' is set on object 'Object Repository/ProAcc_Admin/ProAcc_Instance/InstanceName'

2021-03-02 23:37:58 - [MESSAGE][PASSED] - All options with label 'TestProject' are selected in object 'Object Repository/ProAcc_Admin/ProAcc_Instance/PrjName'  using regular expression

2021-03-02 23:37:59 - [MESSAGE][PASSED] - Text 'Testing Analysis' is set on object 'Object Repository/ProAcc_Admin/ProAcc_Instance/Description_Instance'

2021-03-02 23:38:00 - [MESSAGE][PASSED] - Object: 'Object Repository/ProAcc_Admin/ProAcc_Instance/Radio_Btn' is clicked on

2021-03-02 23:38:00 - [MESSAGE][PASSED] - Object: 'Object Repository/ProAcc_Admin/ProAcc_Instance/BtnInstanceCreate' is clicked on

2021-03-02 23:38:00 - [MESSAGE][PASSED] - Run with 'testRunner.Instance_Runner' was passed]]></system-out>
         <system-err><![CDATA[]]></system-err>
      </testcase>
      <testcase name="Test Cases/Tc_ProAcc_Admin/Tc_Roles" time="11.77" classname="Test Cases/Tc_ProAcc_Admin/Tc_Roles" status="PASSED">
         <system-out><![CDATA[2021-03-02 23:38:00 - [TEST_CASE][PASSED] - Test Cases/Tc_ProAcc_Admin/Tc_Roles: Test Cases/Tc_ProAcc_Admin/Tc_Roles

2021-03-02 23:38:01 - [TEST_STEP][PASSED] - runWithCucumberRunner(testRunner.Role_Runner): Run with 'testRunner.Role_Runner' was passed

2021-03-02 23:38:03 - [MESSAGE][PASSED] - Object: 'Object Repository/ProAcc_Admin/ProAcc_Role/a_Roles' is clicked on

2021-03-02 23:38:04 - [MESSAGE][PASSED] - Object: 'Object Repository/ProAcc_Admin/ProAcc_Role/button_Add New Role' is clicked on

2021-03-02 23:38:07 - [MESSAGE][PASSED] - Delayed 3 second(s)

2021-03-02 23:38:08 - [MESSAGE][PASSED] - Text 'RoleTestPro' is set on object 'Object Repository/ProAcc_Admin/ProAcc_Role/input__RoleName'

2021-03-02 23:38:08 - [MESSAGE][PASSED] - Text 'Test Data' is set on object 'Object Repository/ProAcc_Admin/ProAcc_Role/textarea_Description_RoleDescription'

2021-03-02 23:38:09 - [MESSAGE][PASSED] - Object: 'Object Repository/ProAcc_Admin/ProAcc_Role/button_Save' is clicked on

2021-03-02 23:38:12 - [MESSAGE][PASSED] - Delayed 3 second(s)

2021-03-02 23:38:12 - [MESSAGE][PASSED] - Run with 'testRunner.Role_Runner' was passed]]></system-out>
         <system-err><![CDATA[]]></system-err>
      </testcase>
      <testcase name="Test Cases/Tc_ProAcc_Admin/Tc_PmTask" time="12.064" classname="Test Cases/Tc_ProAcc_Admin/Tc_PmTask" status="PASSED">
         <system-out><![CDATA[2021-03-02 23:38:12 - [TEST_CASE][PASSED] - Test Cases/Tc_ProAcc_Admin/Tc_PmTask: Test Cases/Tc_ProAcc_Admin/Tc_PmTask

2021-03-02 23:38:13 - [TEST_STEP][PASSED] - runWithCucumberRunner(testRunner.PmTask_Runner): Run with 'testRunner.PmTask_Runner' was passed

2021-03-02 23:38:15 - [MESSAGE][PASSED] - Object: 'Object Repository/ProAcc_Admin/Pm-Task/a_PM-Task' is clicked on

2021-03-02 23:38:16 - [MESSAGE][PASSED] - Object: 'Object Repository/ProAcc_Admin/Pm-Task/button_Add New PM Task' is clicked on

2021-03-02 23:38:18 - [MESSAGE][PASSED] - Delayed 2 second(s)

2021-03-02 23:38:18 - [MESSAGE][PASSED] - Object: 'Object Repository/ProAcc_Admin/Pm-Task/Select Task' is clicked on

2021-03-02 23:38:19 - [MESSAGE][PASSED] - Text 'Plan Project' is set on object 'Object Repository/ProAcc_Admin/Pm-Task/TaskCategory'

2021-03-02 23:38:20 - [MESSAGE][PASSED] - Keys 'CONTROL + ENTER + ' sent to object: 'Object Repository/ProAcc_Admin/Pm-Task/TaskCategory'

2021-03-02 23:38:21 - [MESSAGE][PASSED] - Text 'Task is going to be completed' is set on object 'Object Repository/ProAcc_Admin/Pm-Task/textarea__TaskName'

2021-03-02 23:38:23 - [MESSAGE][PASSED] - Delayed 2 second(s)

2021-03-02 23:38:23 - [MESSAGE][PASSED] - Text '11:00:00 AM' is set on object 'Object Repository/ProAcc_Admin/Pm-Task/input__ESTDHours'

2021-03-02 23:38:24 - [MESSAGE][PASSED] - Object: 'Object Repository/ProAcc_Admin/Pm-Task/button_Save' is clicked on

2021-03-02 23:38:24 - [MESSAGE][PASSED] - Run with 'testRunner.PmTask_Runner' was passed]]></system-out>
         <system-err><![CDATA[]]></system-err>
      </testcase>
      <testcase name="Test Cases/Tc_ProAcc_Admin/Tc_Activity" time="66.334" classname="Test Cases/Tc_ProAcc_Admin/Tc_Activity" status="PASSED">
         <system-out><![CDATA[2021-03-02 23:38:24 - [TEST_CASE][PASSED] - Test Cases/Tc_ProAcc_Admin/Tc_Activity: Test Cases/Tc_ProAcc_Admin/Tc_Activity

2021-03-02 23:38:25 - [TEST_STEP][PASSED] - runWithCucumberRunner(testRunner.Activity_Runner): Run with 'testRunner.Activity_Runner' was passed

2021-03-02 23:38:27 - [MESSAGE][PASSED] - Object: 'Object Repository/ProAcc_Admin/ProAcc_Activity/a_Activity' is clicked on

2021-03-02 23:38:28 - [MESSAGE][PASSED] - Object: 'Object Repository/ProAcc_Admin/ProAcc_Activity/button_Add Activity' is clicked on

2021-03-02 23:38:30 - [MESSAGE][PASSED] - Delayed 2 second(s)

2021-03-02 23:38:31 - [MESSAGE][PASSED] - Object: 'Object Repository/ProAcc_Admin/ProAcc_Activity/input__txtTask' is clicked on

2021-03-02 23:38:32 - [MESSAGE][PASSED] - Text 'Alexa_Assessment' is set on object 'Object Repository/ProAcc_Admin/ProAcc_Activity/input__txtTask'

2021-03-02 23:38:33 - [MESSAGE][PASSED] - All options with label 'Logistics' are selected in object 'Object Repository/ProAcc_Admin/ProAcc_Activity/Select Application Area'  using regular expression

2021-03-02 23:38:34 - [MESSAGE][PASSED] - All options with label 'Assessment' are selected in object 'Object Repository/ProAcc_Admin/ProAcc_Activity/Select Phase'  using regular expression

2021-03-02 23:38:35 - [MESSAGE][PASSED] - All options with label 'Basis Consultant' are selected in object 'Object Repository/ProAcc_Admin/ProAcc_Activity/Select Role'  using regular expression

2021-03-02 23:38:36 - [MESSAGE][PASSED] - All options with label 'Application Overview' are selected in object 'Object Repository/ProAcc_Admin/ProAcc_Activity/Select Building Block'  using regular expression

2021-03-02 23:38:37 - [MESSAGE][PASSED] - Text '12:22' is set on object 'Object Repository/ProAcc_Admin/ProAcc_Activity/input__txtEstimated'

2021-03-02 23:38:38 - [MESSAGE][PASSED] - All options with label 'Sequential' are selected in object 'Object Repository/ProAcc_Admin/ProAcc_Activity/Select Task Type'  using regular expression

2021-03-02 23:38:40 - [MESSAGE][PASSED] - Delayed 2 second(s)

2021-03-02 23:38:41 - [MESSAGE][PASSED] - Object: 'Object Repository/ProAcc_Admin/ProAcc_Activity/button_Save' is clicked on

2021-03-02 23:38:42 - [MESSAGE][PASSED] - Object: 'Object Repository/ProAcc_Admin/ProAcc_Activity/button_Save_1' is clicked on

2021-03-02 23:38:44 - [MESSAGE][PASSED] - Delayed 2 second(s)

2021-03-02 23:38:44 - [MESSAGE][PASSED] - Object: 'Object Repository/ProAcc_Admin/ProAcc_Activity/button_Add Activity' is clicked on

2021-03-02 23:38:46 - [MESSAGE][PASSED] - Delayed 2 second(s)

2021-03-02 23:38:46 - [MESSAGE][PASSED] - Object: 'Object Repository/ProAcc_Admin/ProAcc_Activity/input__txtTask' is clicked on

2021-03-02 23:38:47 - [MESSAGE][PASSED] - Text 'Alexa_Pre' is set on object 'Object Repository/ProAcc_Admin/ProAcc_Activity/input__txtTask'

2021-03-02 23:38:48 - [MESSAGE][PASSED] - All options with label 'Technical - BASIS' are selected in object 'Object Repository/ProAcc_Admin/ProAcc_Activity/Select Application Area'  using regular expression

2021-03-02 23:38:50 - [MESSAGE][PASSED] - All options with label 'Pre Conversion' are selected in object 'Object Repository/ProAcc_Admin/ProAcc_Activity/Select Phase'  using regular expression

2021-03-02 23:38:51 - [MESSAGE][PASSED] - All options with label 'Basis Consultant' are selected in object 'Object Repository/ProAcc_Admin/ProAcc_Activity/Select Role'  using regular expression

2021-03-02 23:38:52 - [MESSAGE][PASSED] - All options with label 'Application Overview' are selected in object 'Object Repository/ProAcc_Admin/ProAcc_Activity/Select Building Block'  using regular expression

2021-03-02 23:38:53 - [MESSAGE][PASSED] - Text '12:22' is set on object 'Object Repository/ProAcc_Admin/ProAcc_Activity/input__txtEstimated'

2021-03-02 23:38:54 - [MESSAGE][PASSED] - All options with label 'Sequential' are selected in object 'Object Repository/ProAcc_Admin/ProAcc_Activity/Select Task Type'  using regular expression

2021-03-02 23:38:56 - [MESSAGE][PASSED] - Delayed 2 second(s)

2021-03-02 23:38:56 - [MESSAGE][PASSED] - Object: 'Object Repository/ProAcc_Admin/ProAcc_Activity/button_Save' is clicked on

2021-03-02 23:38:57 - [MESSAGE][PASSED] - Object: 'Object Repository/ProAcc_Admin/ProAcc_Activity/button_Save_1' is clicked on

2021-03-02 23:38:59 - [MESSAGE][PASSED] - Delayed 2 second(s)

2021-03-02 23:39:00 - [MESSAGE][PASSED] - Object: 'Object Repository/ProAcc_Admin/ProAcc_Activity/button_Add Activity' is clicked on

2021-03-02 23:39:02 - [MESSAGE][PASSED] - Delayed 2 second(s)

2021-03-02 23:39:02 - [MESSAGE][PASSED] - Object: 'Object Repository/ProAcc_Admin/ProAcc_Activity/input__txtTask' is clicked on

2021-03-02 23:39:03 - [MESSAGE][PASSED] - Text 'Alexa_Con' is set on object 'Object Repository/ProAcc_Admin/ProAcc_Activity/input__txtTask'

2021-03-02 23:39:04 - [MESSAGE][PASSED] - All options with label 'Technical - BASIS' are selected in object 'Object Repository/ProAcc_Admin/ProAcc_Activity/Select Application Area'  using regular expression

2021-03-02 23:39:05 - [MESSAGE][PASSED] - All options with label 'Conversion' are selected in object 'Object Repository/ProAcc_Admin/ProAcc_Activity/Select Phase'  using regular expression

2021-03-02 23:39:06 - [MESSAGE][PASSED] - All options with label 'Basis Consultant' are selected in object 'Object Repository/ProAcc_Admin/ProAcc_Activity/Select Role'  using regular expression

2021-03-02 23:39:08 - [MESSAGE][PASSED] - All options with label 'Application Overview' are selected in object 'Object Repository/ProAcc_Admin/ProAcc_Activity/Select Building Block'  using regular expression

2021-03-02 23:39:08 - [MESSAGE][PASSED] - Text '12:22' is set on object 'Object Repository/ProAcc_Admin/ProAcc_Activity/input__txtEstimated'

2021-03-02 23:39:09 - [MESSAGE][PASSED] - All options with label 'Sequential' are selected in object 'Object Repository/ProAcc_Admin/ProAcc_Activity/Select Task Type'  using regular expression

2021-03-02 23:39:11 - [MESSAGE][PASSED] - Delayed 2 second(s)

2021-03-02 23:39:12 - [MESSAGE][PASSED] - Object: 'Object Repository/ProAcc_Admin/ProAcc_Activity/button_Save' is clicked on

2021-03-02 23:39:13 - [MESSAGE][PASSED] - Object: 'Object Repository/ProAcc_Admin/ProAcc_Activity/button_Save_1' is clicked on

2021-03-02 23:39:15 - [MESSAGE][PASSED] - Delayed 2 second(s)

2021-03-02 23:39:15 - [MESSAGE][PASSED] - Object: 'Object Repository/ProAcc_Admin/ProAcc_Activity/button_Add Activity' is clicked on

2021-03-02 23:39:17 - [MESSAGE][PASSED] - Delayed 2 second(s)

2021-03-02 23:39:18 - [MESSAGE][PASSED] - Object: 'Object Repository/ProAcc_Admin/ProAcc_Activity/input__txtTask' is clicked on

2021-03-02 23:39:18 - [MESSAGE][PASSED] - Text 'Alexa_Post' is set on object 'Object Repository/ProAcc_Admin/ProAcc_Activity/input__txtTask'

2021-03-02 23:39:20 - [MESSAGE][PASSED] - All options with label 'Technical - BASIS' are selected in object 'Object Repository/ProAcc_Admin/ProAcc_Activity/Select Application Area'  using regular expression

2021-03-02 23:39:21 - [MESSAGE][PASSED] - All options with label 'Post Conversion' are selected in object 'Object Repository/ProAcc_Admin/ProAcc_Activity/Select Phase'  using regular expression

2021-03-02 23:39:22 - [MESSAGE][PASSED] - All options with label 'Basis Consultant' are selected in object 'Object Repository/ProAcc_Admin/ProAcc_Activity/Select Role'  using regular expression

2021-03-02 23:39:23 - [MESSAGE][PASSED] - All options with label 'Application Overview' are selected in object 'Object Repository/ProAcc_Admin/ProAcc_Activity/Select Building Block'  using regular expression

2021-03-02 23:39:24 - [MESSAGE][PASSED] - Text '12:22' is set on object 'Object Repository/ProAcc_Admin/ProAcc_Activity/input__txtEstimated'

2021-03-02 23:39:25 - [MESSAGE][PASSED] - All options with label 'Sequential' are selected in object 'Object Repository/ProAcc_Admin/ProAcc_Activity/Select Task Type'  using regular expression

2021-03-02 23:39:27 - [MESSAGE][PASSED] - Delayed 2 second(s)

2021-03-02 23:39:28 - [MESSAGE][PASSED] - Object: 'Object Repository/ProAcc_Admin/ProAcc_Activity/button_Save' is clicked on

2021-03-02 23:39:28 - [MESSAGE][PASSED] - Object: 'Object Repository/ProAcc_Admin/ProAcc_Activity/button_Save_1' is clicked on

2021-03-02 23:39:30 - [MESSAGE][PASSED] - Delayed 2 second(s)

2021-03-02 23:39:30 - [MESSAGE][PASSED] - Run with 'testRunner.Activity_Runner' was passed]]></system-out>
         <system-err><![CDATA[]]></system-err>
      </testcase>
      <testcase name="Test Cases/Tc_ProAcc_PM/Tc_PmTaskMonitor" time="50.66" classname="Test Cases/Tc_ProAcc_PM/Tc_PmTaskMonitor" status="PASSED">
         <system-out><![CDATA[2021-03-02 23:39:30 - [TEST_CASE][PASSED] - Test Cases/Tc_ProAcc_PM/Tc_PmTaskMonitor: Test Cases/Tc_ProAcc_PM/Tc_PmTaskMonitor

2021-03-02 23:39:31 - [TEST_STEP][PASSED] - runWithCucumberRunner(testRunner.PmTaskMonitor_Runner): Run with 'testRunner.PmTaskMonitor_Runner' was passed

2021-03-02 23:39:33 - [MESSAGE][WARNING] - A browser is already opened. Closing browser and opening a new one

2021-03-02 23:39:34 - [MESSAGE][INFO] - Starting 'Chrome' driver

2021-03-02 23:39:34 - [MESSAGE][INFO] - User set preference: ['prefs', '{download.default_directory=Include\Downloaded Files}']

2021-03-02 23:39:34 - [MESSAGE][INFO] - Action delay is set to 0 milliseconds

2021-03-02 23:39:37 - [MESSAGE][PASSED] - Browser is opened with url: ''

2021-03-02 23:39:37 - [MESSAGE][PASSED] - Current window maximized

2021-03-02 23:39:42 - [MESSAGE][PASSED] - Delayed 5 second(s)

2021-03-02 23:39:43 - [MESSAGE][PASSED] - Navigate to 'http://123.176.34.15:4041/PROACC2QA/' successfully

2021-03-02 23:39:44 - [MESSAGE][PASSED] - Text 'TestPM' is set on object 'Object Repository/ProAcc_Login/input_User Name_Username'

2021-03-02 23:39:46 - [MESSAGE][PASSED] - Delayed 2 second(s)

2021-03-02 23:39:47 - [MESSAGE][PASSED] - Text 'a12345@' is set on object 'Object Repository/ProAcc_Login/input_Password_Password'

2021-03-02 23:39:49 - [MESSAGE][PASSED] - Object: 'Object Repository/ProAcc_Login/button_Sign In' is clicked on

2021-03-02 23:39:50 - [MESSAGE][PASSED] - Object: 'Object Repository/ProAcc_Pm/ProAcc_PmTaskMonitor/span_PM' is clicked on

2021-03-02 23:39:52 - [MESSAGE][PASSED] - Object: 'Object Repository/ProAcc_Pm/ProAcc_PmTaskMonitor/a_Click' is clicked on

2021-03-02 23:39:53 - [MESSAGE][PASSED] - All options with label 'TestProject' are selected in object 'Object Repository/ProAcc_Pm/ProAcc_PmTaskMonitor/select_Select Project'  using regular expression

2021-03-02 23:39:53 - [MESSAGE][PASSED] - Object: 'Object Repository/ProAcc_Pm/ProAcc_ResourceAllocation/Pull_Data_Btn' is clicked on

2021-03-02 23:39:55 - [MESSAGE][PASSED] - Object: 'Object Repository/ProAcc_Pm/ProAcc_PmTaskMonitor/i_Yet To Start_EditPMtask' is clicked on

2021-03-02 23:39:56 - [MESSAGE][PASSED] - Text '2:00' is set on object 'Object Repository/ProAcc_Pm/ProAcc_PmTaskMonitor/input_Actual Hours HHMM_txtAct'

2021-03-02 23:39:57 - [MESSAGE][PASSED] - All options with value '1' are selected in object 'Object Repository/ProAcc_Pm/ProAcc_PmTaskMonitor/select_CompletedWork In ProgressNot Applica_e58779'  using regular expression

2021-03-02 23:39:58 - [MESSAGE][PASSED] - Text 'Test' is set on object 'Object Repository/ProAcc_Pm/ProAcc_PmTaskMonitor/input_Comments_txtPMTaskComments'

2021-03-02 23:39:58 - [MESSAGE][PASSED] - Object: 'Object Repository/ProAcc_Pm/ProAcc_PmTaskMonitor/Save' is clicked on

2021-03-02 23:39:59 - [MESSAGE][PASSED] - Object: 'Object Repository/ProAcc_Pm/ProAcc_PmTaskMonitor/i_Yet To Start_EditPMtask' is clicked on

2021-03-02 23:40:00 - [MESSAGE][PASSED] - Text '2:00' is set on object 'Object Repository/ProAcc_Pm/ProAcc_PmTaskMonitor/input_Actual Hours HHMM_txtAct'

2021-03-02 23:40:01 - [MESSAGE][PASSED] - All options with value '1' are selected in object 'Object Repository/ProAcc_Pm/ProAcc_PmTaskMonitor/select_CompletedWork In ProgressNot Applica_e58779'  using regular expression

2021-03-02 23:40:02 - [MESSAGE][PASSED] - Text 'Test' is set on object 'Object Repository/ProAcc_Pm/ProAcc_PmTaskMonitor/input_Comments_txtPMTaskComments'

2021-03-02 23:40:02 - [MESSAGE][PASSED] - Object: 'Object Repository/ProAcc_Pm/ProAcc_PmTaskMonitor/Save' is clicked on

2021-03-02 23:40:04 - [MESSAGE][PASSED] - Object: 'Object Repository/ProAcc_Pm/ProAcc_PmTaskMonitor/i_Yet To Start_EditPMtask' is clicked on

2021-03-02 23:40:04 - [MESSAGE][PASSED] - Text '2:00' is set on object 'Object Repository/ProAcc_Pm/ProAcc_PmTaskMonitor/input_Actual Hours HHMM_txtAct'

2021-03-02 23:40:05 - [MESSAGE][PASSED] - All options with value '1' are selected in object 'Object Repository/ProAcc_Pm/ProAcc_PmTaskMonitor/select_CompletedWork In ProgressNot Applica_e58779'  using regular expression

2021-03-02 23:40:06 - [MESSAGE][PASSED] - Text 'Test' is set on object 'Object Repository/ProAcc_Pm/ProAcc_PmTaskMonitor/input_Comments_txtPMTaskComments'

2021-03-02 23:40:07 - [MESSAGE][PASSED] - Object: 'Object Repository/ProAcc_Pm/ProAcc_PmTaskMonitor/Save' is clicked on

2021-03-02 23:40:08 - [MESSAGE][PASSED] - Object: 'Object Repository/ProAcc_Pm/ProAcc_PmTaskMonitor/i_Yet To Start_EditPMtask' is clicked on

2021-03-02 23:40:09 - [MESSAGE][PASSED] - Text '2:00' is set on object 'Object Repository/ProAcc_Pm/ProAcc_PmTaskMonitor/input_Actual Hours HHMM_txtAct'

2021-03-02 23:40:10 - [MESSAGE][PASSED] - All options with value '1' are selected in object 'Object Repository/ProAcc_Pm/ProAcc_PmTaskMonitor/select_CompletedWork In ProgressNot Applica_e58779'  using regular expression

2021-03-02 23:40:11 - [MESSAGE][PASSED] - Text 'Test' is set on object 'Object Repository/ProAcc_Pm/ProAcc_PmTaskMonitor/input_Comments_txtPMTaskComments'

2021-03-02 23:40:12 - [MESSAGE][PASSED] - Object: 'Object Repository/ProAcc_Pm/ProAcc_PmTaskMonitor/Save' is clicked on

2021-03-02 23:40:13 - [MESSAGE][PASSED] - Object: 'Object Repository/ProAcc_Pm/ProAcc_PmTaskMonitor/i_Yet To Start_EditPMtask' is clicked on

2021-03-02 23:40:14 - [MESSAGE][PASSED] - Text '2:00' is set on object 'Object Repository/ProAcc_Pm/ProAcc_PmTaskMonitor/input_Actual Hours HHMM_txtAct'

2021-03-02 23:40:15 - [MESSAGE][PASSED] - All options with value '1' are selected in object 'Object Repository/ProAcc_Pm/ProAcc_PmTaskMonitor/select_CompletedWork In ProgressNot Applica_e58779'  using regular expression

2021-03-02 23:40:16 - [MESSAGE][PASSED] - Text 'Test' is set on object 'Object Repository/ProAcc_Pm/ProAcc_PmTaskMonitor/input_Comments_txtPMTaskComments'

2021-03-02 23:40:16 - [MESSAGE][PASSED] - Object: 'Object Repository/ProAcc_Pm/ProAcc_PmTaskMonitor/Save' is clicked on

2021-03-02 23:40:18 - [MESSAGE][PASSED] - Object: 'Object Repository/ProAcc_Pm/ProAcc_PmTaskMonitor/i_Yet To Start_EditPMtask' is clicked on

2021-03-02 23:40:18 - [MESSAGE][PASSED] - Text '2:00' is set on object 'Object Repository/ProAcc_Pm/ProAcc_PmTaskMonitor/input_Actual Hours HHMM_txtAct'

2021-03-02 23:40:20 - [MESSAGE][PASSED] - All options with value '1' are selected in object 'Object Repository/ProAcc_Pm/ProAcc_PmTaskMonitor/select_CompletedWork In ProgressNot Applica_e58779'  using regular expression

2021-03-02 23:40:20 - [MESSAGE][PASSED] - Text 'Test' is set on object 'Object Repository/ProAcc_Pm/ProAcc_PmTaskMonitor/input_Comments_txtPMTaskComments'

2021-03-02 23:40:21 - [MESSAGE][PASSED] - Object: 'Object Repository/ProAcc_Pm/ProAcc_PmTaskMonitor/Save' is clicked on

2021-03-02 23:40:21 - [MESSAGE][PASSED] - Run with 'testRunner.PmTaskMonitor_Runner' was passed]]></system-out>
         <system-err><![CDATA[]]></system-err>
      </testcase>
      <testcase name="Test Cases/Tc_ProAcc_PM/Tc_PmFileUpload" time="20.714" classname="Test Cases/Tc_ProAcc_PM/Tc_PmFileUpload" status="PASSED">
         <system-out><![CDATA[2021-03-02 23:40:21 - [TEST_CASE][PASSED] - Test Cases/Tc_ProAcc_PM/Tc_PmFileUpload: Test Cases/Tc_ProAcc_PM/Tc_PmFileUpload

2021-03-02 23:40:22 - [TEST_STEP][PASSED] - runWithCucumberRunner(testRunner.PmFileUpload_Runner): Run with 'testRunner.PmFileUpload_Runner' was passed

2021-03-02 23:40:24 - [MESSAGE][PASSED] - Object: 'Object Repository/ProAcc_Pm/PmFileUpload/PmFileUpload_Click' is clicked on

2021-03-02 23:40:26 - [MESSAGE][PASSED] - All options with label 'TestProject' are selected in object 'Object Repository/ProAcc_Pm/PmFileUpload/Select Project'  using regular expression

2021-03-02 23:40:28 - [MESSAGE][PASSED] - Delayed 2 second(s)

2021-03-02 23:40:29 - [MESSAGE][PASSED] - All options with label 'TP1' are selected in object 'Object Repository/ProAcc_Pm/PmFileUpload/Select Instance'  using regular expression

2021-03-02 23:40:31 - [MESSAGE][PASSED] - Delayed 2 second(s)

2021-03-02 23:40:33 - [MESSAGE][PASSED] - File 'C:/Users/Group10/Desktop/ProAcc_Test/ProAcc_Test_New/Include/ProAcc_InputFile/SAP Readiness Check.pdf' sent to object: 'Object Repository/ProAcc_Pm/PmFileUpload/Comprehensive_Choose File'

2021-03-02 23:40:34 - [MESSAGE][PASSED] - File 'C:/Users/Group10/Desktop/ProAcc_Test/ProAcc_Test_New/Include/ProAcc_InputFile/SAP Readiness Check.pdf' sent to object: 'Object Repository/ProAcc_Pm/PmFileUpload/CustomCode_File'

2021-03-02 23:40:34 - [MESSAGE][PASSED] - File 'C:/Users/Group10/Desktop/ProAcc_Test/ProAcc_Test_New/Include/ProAcc_InputFile/SAP Readiness Check.pdf' sent to object: 'Object Repository/ProAcc_Pm/PmFileUpload/Landscape_File'

2021-03-02 23:40:34 - [MESSAGE][PASSED] - File 'C:/Users/Group10/Desktop/ProAcc_Test/ProAcc_Test_New/Include/ProAcc_InputFile/SAP Readiness Check.pdf' sent to object: 'Object Repository/ProAcc_Pm/PmFileUpload/License_File'

2021-03-02 23:40:36 - [MESSAGE][PASSED] - Delayed 2 second(s)

2021-03-02 23:40:37 - [MESSAGE][PASSED] - Object: 'Object Repository/ProAcc_Pm/PmFileUpload/Add_update_Button' is clicked on

2021-03-02 23:40:42 - [MESSAGE][PASSED] - Delayed 5 second(s)

2021-03-02 23:40:42 - [MESSAGE][PASSED] - Run with 'testRunner.PmFileUpload_Runner' was passed]]></system-out>
         <system-err><![CDATA[]]></system-err>
      </testcase>
      <testcase name="Test Cases/Tc_ProAcc_PM/Tc_ResourceAllocation" time="35.234" classname="Test Cases/Tc_ProAcc_PM/Tc_ResourceAllocation" status="PASSED">
         <system-out><![CDATA[2021-03-02 23:40:42 - [TEST_CASE][PASSED] - Test Cases/Tc_ProAcc_PM/Tc_ResourceAllocation: Test Cases/Tc_ProAcc_PM/Tc_ResourceAllocation

2021-03-02 23:40:42 - [TEST_STEP][PASSED] - runWithCucumberRunner(testRunner.ResourceAllocation_pm_Runner): Run with 'testRunner.ResourceAllocation_pm_Runner' was passed

2021-03-02 23:40:45 - [MESSAGE][WARNING] - A browser is already opened. Closing browser and opening a new one

2021-03-02 23:40:46 - [MESSAGE][INFO] - Starting 'Chrome' driver

2021-03-02 23:40:46 - [MESSAGE][INFO] - User set preference: ['prefs', '{download.default_directory=Include\Downloaded Files}']

2021-03-02 23:40:46 - [MESSAGE][INFO] - Action delay is set to 0 milliseconds

2021-03-02 23:40:50 - [MESSAGE][PASSED] - Browser is opened with url: ''

2021-03-02 23:40:50 - [MESSAGE][PASSED] - Current window maximized

2021-03-02 23:40:55 - [MESSAGE][PASSED] - Delayed 5 second(s)

2021-03-02 23:40:56 - [MESSAGE][PASSED] - Navigate to 'http://123.176.34.15:4041/PROACC2QA/' successfully

2021-03-02 23:40:57 - [MESSAGE][PASSED] - Text 'TestPM' is set on object 'Object Repository/ProAcc_Login/input_User Name_Username'

2021-03-02 23:40:59 - [MESSAGE][PASSED] - Delayed 2 second(s)

2021-03-02 23:41:00 - [MESSAGE][PASSED] - Text 'a12345@' is set on object 'Object Repository/ProAcc_Login/input_Password_Password'

2021-03-02 23:41:02 - [MESSAGE][PASSED] - Object: 'Object Repository/ProAcc_Login/button_Sign In' is clicked on

2021-03-02 23:41:03 - [MESSAGE][PASSED] - Object: 'Object Repository/ProAcc_Pm/ProAcc_ResourceAllocation/span_Task Monitoring' is clicked on

2021-03-02 23:41:05 - [MESSAGE][PASSED] - Object: 'Object Repository/ProAcc_Pm/ProAcc_ResourceAllocation/a_Click' is clicked on

2021-03-02 23:41:07 - [MESSAGE][PASSED] - Delayed 2 second(s)

2021-03-02 23:41:07 - [MESSAGE][PASSED] - Object: 'Object Repository/ProAcc_Pm/ProAcc_ResourceAllocation/Select_Project' is clicked on

2021-03-02 23:41:08 - [MESSAGE][PASSED] - All options with label 'TestProject' are selected in object 'Object Repository/ProAcc_Pm/ProAcc_ResourceAllocation/Select_Project'  using regular expression

2021-03-02 23:41:10 - [MESSAGE][PASSED] - All options with label 'TP1' are selected in object 'Object Repository/ProAcc_Pm/ProAcc_ResourceAllocation/Select Instance'  using regular expression

2021-03-02 23:41:11 - [MESSAGE][PASSED] - Object: 'Object Repository/ProAcc_Pm/ProAcc_ResourceAllocation/Pull_Data_Btn' is clicked on

2021-03-02 23:41:11 - [MESSAGE][PASSED] - Object: 'Object Repository/ProAcc_Pm/ProAcc_ResourceAllocation/button_Bulk Allocation' is clicked on

2021-03-02 23:41:13 - [MESSAGE][PASSED] - Object: 'Object Repository/ProAcc_Pm/ProAcc_ResourceAllocation/BulkBtn_Cancel' is clicked on

2021-03-02 23:41:13 - [MESSAGE][PASSED] - Object: 'Object Repository/ProAcc_Pm/ProAcc_ResourceAllocation/button_Bulk Allocation' is clicked on

2021-03-02 23:41:14 - [MESSAGE][PASSED] - Text of object '' is: 'Basis Consultant'

2021-03-02 23:41:15 - [MESSAGE][PASSED] - All options with label 'Basis Consultant' are selected in object 'Object Repository/ProAcc_Pm/ProAcc_ResourceAllocation/Select RoleBasis'  using regular expression

2021-03-02 23:41:15 - [MESSAGE][PASSED] - Text of object '' is: 'Seena '

2021-03-02 23:41:16 - [MESSAGE][PASSED] - All options with label 'Seena ' are selected in object 'Object Repository/ProAcc_Pm/ProAcc_ResourceAllocation/Select Ownercon'  using regular expression

2021-03-02 23:41:17 - [MESSAGE][PASSED] - Object: 'Object Repository/ProAcc_Pm/ProAcc_ResourceAllocation/button_Save' is clicked on

2021-03-02 23:41:17 - [MESSAGE][PASSED] - Run with 'testRunner.ResourceAllocation_pm_Runner' was passed]]></system-out>
         <system-err><![CDATA[]]></system-err>
      </testcase>
      <testcase name="Test Cases/Tc_ProAcc_PM/Tc_ProgressMonitor" time="36.352" classname="Test Cases/Tc_ProAcc_PM/Tc_ProgressMonitor" status="PASSED">
         <system-out><![CDATA[2021-03-02 23:41:17 - [TEST_CASE][PASSED] - Test Cases/Tc_ProAcc_PM/Tc_ProgressMonitor: Test Cases/Tc_ProAcc_PM/Tc_ProgressMonitor

2021-03-02 23:41:18 - [TEST_STEP][PASSED] - runWithCucumberRunner(testRunner.Progressmonitor_pm): Run with 'testRunner.Progressmonitor_pm' was passed

2021-03-02 23:41:20 - [MESSAGE][PASSED] - Object: 'Object Repository/ProAcc_Pm/ProAcc_ResourceAllocation/ProgressMonitor' is clicked on

2021-03-02 23:41:24 - [MESSAGE][PASSED] - Text of object '' is: 'Seena'

2021-03-02 23:41:24 - [MESSAGE][PASSED] - Text of object '' is: 'Seena'

2021-03-02 23:41:25 - [MESSAGE][PASSED] - Object: 'Object Repository/ProAcc_Pm/ProAcc_ProjectMonitor/Mail_Icon' is clicked on

2021-03-02 23:41:26 - [MESSAGE][PASSED] - Text 'sainath@promantus.com' is set on object 'Object Repository/ProAcc_Pm/ProAcc_ProjectMonitor/input__Emailid'

2021-03-02 23:41:27 - [MESSAGE][PASSED] - Text 'Test' is set on object 'Object Repository/ProAcc_Pm/ProAcc_ProjectMonitor/input__Subject'

2021-03-02 23:41:28 - [MESSAGE][PASSED] - Text 'Testing' is set on object 'Object Repository/ProAcc_Pm/ProAcc_ProjectMonitor/textarea__Body'

2021-03-02 23:41:28 - [MESSAGE][PASSED] - Object: 'Object Repository/ProAcc_Pm/ProAcc_ProjectMonitor/button_Send Mail' is clicked on

2021-03-02 23:41:29 - [MESSAGE][PASSED] - Object: 'Object Repository/ProAcc_Pm/ProAcc_ProjectMonitor/button_Add Activity' is clicked on

2021-03-02 23:41:30 - [MESSAGE][PASSED] - Object: 'Object Repository/ProAcc_Admin/ProAcc_Activity/input__txtTask' is clicked on

2021-03-02 23:41:31 - [MESSAGE][PASSED] - Text 'Goks_Ass' is set on object 'Object Repository/ProAcc_Admin/ProAcc_Activity/input__txtTask'

2021-03-02 23:41:31 - [MESSAGE][PASSED] - Object: 'Object Repository/ProAcc_Admin/ProAcc_Activity/Select Application Area' is clicked on

2021-03-02 23:41:32 - [MESSAGE][PASSED] - All options with label 'Testing' are selected in object 'Object Repository/ProAcc_Admin/ProAcc_Activity/Select Application Area'  using regular expression

2021-03-02 23:41:34 - [MESSAGE][PASSED] - All options with label 'Basis Consultant' are selected in object 'Object Repository/ProAcc_Admin/ProAcc_Activity/Select Role'  using regular expression

2021-03-02 23:41:35 - [MESSAGE][PASSED] - Object: 'Object Repository/ProAcc_Pm/ProAcc_ProjectMonitor/Select_Owner' is clicked on

2021-03-02 23:41:35 - [MESSAGE][PASSED] - All options with label 'Seena' are selected in object 'Object Repository/ProAcc_Pm/ProAcc_ProjectMonitor/Select_Owner' 

2021-03-02 23:41:36 - [MESSAGE][PASSED] - All options with label 'Assessment Reports' are selected in object 'Object Repository/ProAcc_Admin/ProAcc_Activity/Select Building Block'  using regular expression

2021-03-02 23:41:37 - [MESSAGE][PASSED] - Text '11:23' is set on object 'Object Repository/ProAcc_Admin/ProAcc_Activity/input__txtEstimated'

2021-03-02 23:41:38 - [MESSAGE][PASSED] - All options with label 'Sequential' are selected in object 'Object Repository/ProAcc_Admin/ProAcc_Activity/Select Task Type'  using regular expression

2021-03-02 23:41:40 - [MESSAGE][PASSED] - Delayed 2 second(s)

2021-03-02 23:41:41 - [MESSAGE][PASSED] - Object: 'Object Repository/ProAcc_Pm/ProAcc_ProjectMonitor/button_CreateActivity' is clicked on

2021-03-02 23:41:42 - [MESSAGE][PASSED] - Object: 'Object Repository/ProAcc_Pm/ProAcc_ProjectMonitor/btnSeq' is clicked on

2021-03-02 23:41:44 - [MESSAGE][PASSED] - Delayed 2 second(s)

2021-03-02 23:41:44 - [MESSAGE][PASSED] - Object: 'Object Repository/ProAcc_Pm/ProAcc_ProjectMonitor/i_Yet To Start_Edittask' is clicked on

2021-03-02 23:41:46 - [MESSAGE][PASSED] - All options with value '3' are selected in object 'Object Repository/ProAcc_Pm/ProAcc_ProjectMonitor/select_Not Applicable'  using regular expression

2021-03-02 23:41:47 - [MESSAGE][PASSED] - Object: 'Object Repository/ProAcc_Pm/ProAcc_ProjectMonitor/button_Save' is clicked on

2021-03-02 23:41:48 - [MESSAGE][PASSED] - Text 'Test' is set on object 'Object Repository/ProAcc_Pm/ProAcc_ProjectMonitor/textarea_Add Comments_Comments'

2021-03-02 23:41:49 - [MESSAGE][PASSED] - Object: 'Object Repository/ProAcc_Pm/ProAcc_ProjectMonitor/button_SaveComments' is clicked on

2021-03-02 23:41:51 - [MESSAGE][PASSED] - Delayed 2 second(s)

2021-03-02 23:41:51 - [MESSAGE][PASSED] - Text 'Goks_Ass' is set on object 'Object Repository/ProAcc_Pm/ProAcc_ProjectMonitor/Search_Task'

2021-03-02 23:41:53 - [MESSAGE][PASSED] - Delayed 2 second(s)

2021-03-02 23:41:53 - [MESSAGE][PASSED] - Run with 'testRunner.Progressmonitor_pm' was passed]]></system-out>
         <system-err><![CDATA[]]></system-err>
      </testcase>
      <testcase name="Test Cases/Tc_ProAcc_Consultant/Tc_ProgressMonitorConsultant_Assessment" time="87.989" classname="Test Cases/Tc_ProAcc_Consultant/Tc_ProgressMonitorConsultant_Assessment" status="PASSED">
         <system-out><![CDATA[2021-03-02 23:41:53 - [TEST_CASE][PASSED] - Test Cases/Tc_ProAcc_Consultant/Tc_ProgressMonitorConsultant_Assessment: Test Cases/Tc_ProAcc_Consultant/Tc_ProgressMonitorConsultant_Assessment

2021-03-02 23:41:54 - [TEST_STEP][PASSED] - runWithCucumberRunner(testRunner.ProgressMonitorConsultant_Runner): Run with 'testRunner.ProgressMonitorConsultant_Runner' was passed

2021-03-02 23:42:01 - [MESSAGE][PASSED] - Delayed 5 second(s)

2021-03-02 23:42:01 - [MESSAGE][WARNING] - A browser is already opened. Closing browser and opening a new one

2021-03-02 23:42:02 - [MESSAGE][INFO] - Starting 'Chrome' driver

2021-03-02 23:42:02 - [MESSAGE][INFO] - User set preference: ['prefs', '{download.default_directory=Include\Downloaded Files}']

2021-03-02 23:42:02 - [MESSAGE][INFO] - Action delay is set to 0 milliseconds

2021-03-02 23:42:05 - [MESSAGE][PASSED] - Browser is opened with url: ''

2021-03-02 23:42:05 - [MESSAGE][PASSED] - Current window maximized

2021-03-02 23:42:06 - [MESSAGE][PASSED] - Navigate to 'http://123.176.34.15:4041/ProAcc2QA' successfully

2021-03-02 23:42:07 - [MESSAGE][PASSED] - Text 'Seena' is set on object 'Object Repository/ProAcc_Login/input_User Name_Username'

2021-03-02 23:42:07 - [MESSAGE][PASSED] - Text 'a12345@' is set on object 'Object Repository/ProAcc_Login/input_Password_Password'

2021-03-02 23:42:11 - [MESSAGE][PASSED] - Object: 'Object Repository/ProAcc_Login/button_Sign In' is clicked on

2021-03-02 23:42:13 - [MESSAGE][PASSED] - Delayed 2 second(s)

2021-03-02 23:42:14 - [MESSAGE][PASSED] - Text of object '' is: 'Consultant'

2021-03-02 23:42:16 - [MESSAGE][PASSED] - Object: '' is clicked on

2021-03-02 23:42:16 - [MESSAGE][PASSED] - Object: 'Object Repository/ProAcc_Consultant/ProgressMonitor/report_Btn' is clicked on

2021-03-02 23:42:17 - [MESSAGE][PASSED] - All options with label 'Assessment' are selected in object 'Object Repository/ProAcc_Pm/ProAcc_ResourceAllocation/PhaseName'  using regular expression

2021-03-02 23:42:19 - [MESSAGE][PASSED] - Delayed 2 second(s)

2021-03-02 23:42:20 - [MESSAGE][PASSED] - Text of object '' is: 'Consultant'

2021-03-02 23:42:21 - [MESSAGE][PASSED] - All options with label 'Cipla Industries' are selected in object 'Object Repository/ProAcc_Consultant/ProgressMonitor/Select_Customer'  using regular expression

2021-03-02 23:42:22 - [MESSAGE][PASSED] - All options with label 'TestProject' are selected in object 'Object Repository/ProAcc_Consultant/ProgressMonitor/Select_Project'  using regular expression

2021-03-02 23:42:23 - [MESSAGE][PASSED] - All options with label 'TP1' are selected in object 'Object Repository/ProAcc_Consultant/ProgressMonitor/Select_Instance'  using regular expression

2021-03-02 23:42:25 - [MESSAGE][PASSED] - Delayed 2 second(s)

2021-03-02 23:42:25 - [MESSAGE][PASSED] - Object: 'Object Repository/ProAcc_Consultant/ProgressMonitor/edit' is clicked on

2021-03-02 23:42:27 - [MESSAGE][PASSED] - Delayed 2 second(s)

2021-03-02 23:42:30 - [MESSAGE][PASSED] - Delayed 3 second(s)

2021-03-02 23:42:32 - [MESSAGE][PASSED] - Delayed 1 second(s)

2021-03-02 23:42:33 - [MESSAGE][PASSED] - Delayed 1 second(s)

2021-03-02 23:42:34 - [MESSAGE][PASSED] - Delayed 1 second(s)

2021-03-02 23:42:35 - [MESSAGE][PASSED] - Delayed 1 second(s)

2021-03-02 23:42:39 - [MESSAGE][PASSED] - Delayed 3 second(s)

2021-03-02 23:42:41 - [MESSAGE][PASSED] - Delayed 2 second(s)

2021-03-02 23:42:42 - [MESSAGE][WARNING] - A browser is already opened. Closing browser and opening a new one

2021-03-02 23:42:43 - [MESSAGE][INFO] - Starting 'Chrome' driver

2021-03-02 23:42:43 - [MESSAGE][INFO] - User set preference: ['prefs', '{download.default_directory=Include\Downloaded Files}']

2021-03-02 23:42:43 - [MESSAGE][INFO] - Action delay is set to 0 milliseconds

2021-03-02 23:42:45 - [MESSAGE][PASSED] - Browser is opened with url: ''

2021-03-02 23:42:46 - [MESSAGE][PASSED] - Current window maximized

2021-03-02 23:42:46 - [MESSAGE][PASSED] - Navigate to 'http://123.176.34.15:4041/ProAcc2QA' successfully

2021-03-02 23:42:47 - [MESSAGE][PASSED] - Text 'Seena' is set on object 'Object Repository/ProAcc_Login/input_User Name_Username'

2021-03-02 23:42:48 - [MESSAGE][PASSED] - Text 'a12345@' is set on object 'Object Repository/ProAcc_Login/input_Password_Password'

2021-03-02 23:42:51 - [MESSAGE][PASSED] - Object: 'Object Repository/ProAcc_Login/button_Sign In' is clicked on

2021-03-02 23:42:53 - [MESSAGE][PASSED] - Delayed 2 second(s)

2021-03-02 23:42:54 - [MESSAGE][PASSED] - Text of object '' is: 'Consultant'

2021-03-02 23:42:55 - [MESSAGE][PASSED] - Object: '' is clicked on

2021-03-02 23:42:56 - [MESSAGE][PASSED] - Object: 'Object Repository/ProAcc_Consultant/ProgressMonitor/report_Btn' is clicked on

2021-03-02 23:42:57 - [MESSAGE][PASSED] - All options with label 'Assessment' are selected in object 'Object Repository/ProAcc_Pm/ProAcc_ResourceAllocation/PhaseName'  using regular expression

2021-03-02 23:42:59 - [MESSAGE][PASSED] - Delayed 2 second(s)

2021-03-02 23:42:59 - [MESSAGE][PASSED] - Text of object '' is: 'Consultant'

2021-03-02 23:43:01 - [MESSAGE][PASSED] - All options with label 'Cipla Industries' are selected in object 'Object Repository/ProAcc_Consultant/ProgressMonitor/Select_Customer'  using regular expression

2021-03-02 23:43:02 - [MESSAGE][PASSED] - All options with label 'TestProject' are selected in object 'Object Repository/ProAcc_Consultant/ProgressMonitor/Select_Project'  using regular expression

2021-03-02 23:43:03 - [MESSAGE][PASSED] - All options with label 'TP1' are selected in object 'Object Repository/ProAcc_Consultant/ProgressMonitor/Select_Instance'  using regular expression

2021-03-02 23:43:05 - [MESSAGE][PASSED] - Delayed 2 second(s)

2021-03-02 23:43:05 - [MESSAGE][PASSED] - Object: 'Object Repository/ProAcc_Consultant/ProgressMonitor/edit' is clicked on

2021-03-02 23:43:07 - [MESSAGE][PASSED] - Delayed 2 second(s)

2021-03-02 23:43:10 - [MESSAGE][PASSED] - Delayed 3 second(s)

2021-03-02 23:43:11 - [MESSAGE][PASSED] - Delayed 1 second(s)

2021-03-02 23:43:12 - [MESSAGE][PASSED] - Delayed 1 second(s)

2021-03-02 23:43:13 - [MESSAGE][PASSED] - Delayed 1 second(s)

2021-03-02 23:43:15 - [MESSAGE][PASSED] - Delayed 1 second(s)

2021-03-02 23:43:18 - [MESSAGE][PASSED] - Delayed 3 second(s)

2021-03-02 23:43:20 - [MESSAGE][PASSED] - Delayed 2 second(s)

2021-03-02 23:43:21 - [MESSAGE][PASSED] - Run with 'testRunner.ProgressMonitorConsultant_Runner' was passed]]></system-out>
         <system-err><![CDATA[]]></system-err>
      </testcase>
      <testcase name="Test Cases/Tc_ProAcc_Consultant/Tc_CreateAnalysis" time="50.972" classname="Test Cases/Tc_ProAcc_Consultant/Tc_CreateAnalysis" status="PASSED">
         <system-out><![CDATA[2021-03-02 23:43:21 - [TEST_CASE][PASSED] - Test Cases/Tc_ProAcc_Consultant/Tc_CreateAnalysis: Test Cases/Tc_ProAcc_Consultant/Tc_CreateAnalysis

2021-03-02 23:43:22 - [TEST_STEP][PASSED] - runWithCucumberRunner(testRunner.CreateAnalysis_Runner): Run with 'testRunner.CreateAnalysis_Runner' was passed

2021-03-02 23:43:24 - [MESSAGE][WARNING] - A browser is already opened. Closing browser and opening a new one

2021-03-02 23:43:25 - [MESSAGE][INFO] - Starting 'Chrome' driver

2021-03-02 23:43:25 - [MESSAGE][INFO] - User set preference: ['prefs', '{download.default_directory=Include\Downloaded Files}']

2021-03-02 23:43:25 - [MESSAGE][INFO] - Action delay is set to 0 milliseconds

2021-03-02 23:43:28 - [MESSAGE][PASSED] - Browser is opened with url: ''

2021-03-02 23:43:28 - [MESSAGE][PASSED] - Current window maximized

2021-03-02 23:43:33 - [MESSAGE][PASSED] - Delayed 5 second(s)

2021-03-02 23:43:33 - [MESSAGE][PASSED] - Navigate to 'http://123.176.34.15:4041/PROACC2QA/' successfully

2021-03-02 23:43:34 - [MESSAGE][PASSED] - Text 'seena' is set on object 'Object Repository/ProAcc_Login/input_User Name_Username'

2021-03-02 23:43:35 - [MESSAGE][PASSED] - Text 'a12345@' is set on object 'Object Repository/ProAcc_Login/input_Password_Password'

2021-03-02 23:43:40 - [MESSAGE][PASSED] - Object: 'Object Repository/ProAcc_Login/button_Sign In' is clicked on

2021-03-02 23:43:42 - [MESSAGE][PASSED] - Delayed 2 second(s)

2021-03-02 23:43:43 - [MESSAGE][PASSED] - Object: 'Object Repository/ProAcc_Consultant/ProAcc_CreateAnalysis/CreateAnalysis_Click' is clicked on

2021-03-02 23:43:44 - [MESSAGE][PASSED] - Object: 'Object Repository/ProAcc_Consultant/ProgressMonitor/report_Btn' is clicked on

2021-03-02 23:43:46 - [MESSAGE][PASSED] - All options with label 'Cipla Industries' are selected in object 'Object Repository/ProAcc_Consultant/ProgressMonitor/Select_Customer'  using regular expression

2021-03-02 23:43:47 - [MESSAGE][PASSED] - All options with label 'TestProject' are selected in object 'Object Repository/ProAcc_Consultant/ProgressMonitor/Select_Project'  using regular expression

2021-03-02 23:43:48 - [MESSAGE][PASSED] - All options with label 'TP1' are selected in object 'Object Repository/ProAcc_Consultant/ProgressMonitor/Select_Instance'  using regular expression

2021-03-02 23:43:49 - [MESSAGE][PASSED] - File 'C:/Users/Group10/Desktop/ProAcc_Test/ProAcc_Test_New/Include/ProAcc_InputFile/Activities.xlsx' sent to object: 'Object Repository/ProAcc_Consultant/ProAcc_CreateAnalysis/FileUpload_Btn'

2021-03-02 23:43:51 - [MESSAGE][PASSED] - Delayed 2 second(s)

2021-03-02 23:43:51 - [MESSAGE][PASSED] - File 'C:/Users/Group10/Desktop/ProAcc_Test/ProAcc_Test_New/Include/ProAcc_InputFile/Bwextractors.xlsx' sent to object: 'Object Repository/ProAcc_Consultant/ProAcc_CreateAnalysis/FileUpload_Btn'

2021-03-02 23:43:53 - [MESSAGE][PASSED] - Delayed 2 second(s)

2021-03-02 23:43:53 - [MESSAGE][PASSED] - File 'C:/Users/Group10/Desktop/ProAcc_Test/ProAcc_Test_New/Include/ProAcc_InputFile/CustomCode.xlsx' sent to object: 'Object Repository/ProAcc_Consultant/ProAcc_CreateAnalysis/FileUpload_Btn'

2021-03-02 23:43:55 - [MESSAGE][PASSED] - Delayed 2 second(s)

2021-03-02 23:43:56 - [MESSAGE][PASSED] - File 'C:/Users/Group10/Desktop/ProAcc_Test/ProAcc_Test_New/Include/ProAcc_InputFile/HanaDatabaseTables.xlsx' sent to object: 'Object Repository/ProAcc_Consultant/ProAcc_CreateAnalysis/FileUpload_Btn'

2021-03-02 23:43:58 - [MESSAGE][PASSED] - Delayed 2 second(s)

2021-03-02 23:43:58 - [MESSAGE][PASSED] - File 'C:/Users/Group10/Desktop/ProAcc_Test/ProAcc_Test_New/Include/ProAcc_InputFile/RecommendedFioriApps.xlsx' sent to object: 'Object Repository/ProAcc_Consultant/ProAcc_CreateAnalysis/FileUpload_Btn'

2021-03-02 23:44:00 - [MESSAGE][PASSED] - Delayed 2 second(s)

2021-03-02 23:44:01 - [MESSAGE][PASSED] - File 'C:/Users/Group10/Desktop/ProAcc_Test/ProAcc_Test_New/Include/ProAcc_InputFile/RelevantSimplificationItems.xlsx' sent to object: 'Object Repository/ProAcc_Consultant/ProAcc_CreateAnalysis/FileUpload_Btn'

2021-03-02 23:44:03 - [MESSAGE][PASSED] - Delayed 2 second(s)

2021-03-02 23:44:03 - [MESSAGE][PASSED] - File 'C:/Users/Group10/Desktop/ProAcc_Test/ProAcc_Test_New/Include/ProAcc_InputFile/SAP Readiness Check.pdf' sent to object: 'Object Repository/ProAcc_Consultant/ProAcc_CreateAnalysis/FileUpload_Btn'

2021-03-02 23:44:05 - [MESSAGE][PASSED] - Delayed 2 second(s)

2021-03-02 23:44:05 - [MESSAGE][PASSED] - Object: 'Object Repository/ProAcc_Consultant/ProAcc_CreateAnalysis/ReadinessCheck_Checkbox' is clicked on

2021-03-02 23:44:06 - [MESSAGE][PASSED] - Object: 'Object Repository/ProAcc_Consultant/ProAcc_CreateAnalysis/AcknowldgeCheck_Checkbox' is clicked on

2021-03-02 23:44:06 - [MESSAGE][PASSED] - Object: 'Object Repository/ProAcc_Consultant/ProAcc_CreateAnalysis/StartAnalysis' is clicked on

2021-03-02 23:44:12 - [MESSAGE][PASSED] - Delayed 6 second(s)

2021-03-02 23:44:12 - [MESSAGE][PASSED] - Run with 'testRunner.CreateAnalysis_Runner' was passed]]></system-out>
         <system-err><![CDATA[]]></system-err>
      </testcase>
      <testcase name="Test Cases/Tc_ProAcc_PM/Tc_ResourceAllocation_PreConversion" time="35.09" classname="Test Cases/Tc_ProAcc_PM/Tc_ResourceAllocation_PreConversion" status="PASSED">
         <system-out><![CDATA[2021-03-02 23:44:12 - [TEST_CASE][PASSED] - Test Cases/Tc_ProAcc_PM/Tc_ResourceAllocation_PreConversion: Test Cases/Tc_ProAcc_PM/Tc_ResourceAllocation_PreConversion

2021-03-02 23:44:13 - [TEST_STEP][PASSED] - runWithCucumberRunner(phase_runner.ResourceAllocation_PreConversion_Runner): Run with 'phase_runner.ResourceAllocation_PreConversion_Runner' was passed

2021-03-02 23:44:15 - [MESSAGE][WARNING] - A browser is already opened. Closing browser and opening a new one

2021-03-02 23:44:16 - [MESSAGE][INFO] - Starting 'Chrome' driver

2021-03-02 23:44:16 - [MESSAGE][INFO] - User set preference: ['prefs', '{download.default_directory=Include\Downloaded Files}']

2021-03-02 23:44:16 - [MESSAGE][INFO] - Action delay is set to 0 milliseconds

2021-03-02 23:44:19 - [MESSAGE][PASSED] - Browser is opened with url: ''

2021-03-02 23:44:19 - [MESSAGE][PASSED] - Current window maximized

2021-03-02 23:44:24 - [MESSAGE][PASSED] - Delayed 5 second(s)

2021-03-02 23:44:25 - [MESSAGE][PASSED] - Navigate to 'http://123.176.34.15:4041/PROACC2QA/' successfully

2021-03-02 23:44:26 - [MESSAGE][PASSED] - Text 'TestPM' is set on object 'Object Repository/ProAcc_Login/input_User Name_Username'

2021-03-02 23:44:28 - [MESSAGE][PASSED] - Delayed 2 second(s)

2021-03-02 23:44:28 - [MESSAGE][PASSED] - Text 'a12345@' is set on object 'Object Repository/ProAcc_Login/input_Password_Password'

2021-03-02 23:44:31 - [MESSAGE][PASSED] - Object: 'Object Repository/ProAcc_Login/button_Sign In' is clicked on

2021-03-02 23:44:32 - [MESSAGE][PASSED] - Object: 'Object Repository/ProAcc_Pm/ProAcc_ResourceAllocation/span_Task Monitoring' is clicked on

2021-03-02 23:44:33 - [MESSAGE][PASSED] - Object: 'Object Repository/ProAcc_Pm/ProAcc_ResourceAllocation/a_Click' is clicked on

2021-03-02 23:44:35 - [MESSAGE][PASSED] - Delayed 2 second(s)

2021-03-02 23:44:36 - [MESSAGE][PASSED] - All options with label 'Pre Conversion' are selected in object 'Object Repository/ProAcc_Pm/ProAcc_ResourceAllocation/PhaseName'  using regular expression

2021-03-02 23:44:37 - [MESSAGE][PASSED] - Object: 'Object Repository/ProAcc_Pm/ProAcc_ResourceAllocation/Select_Project' is clicked on

2021-03-02 23:44:38 - [MESSAGE][PASSED] - All options with label 'TestProject' are selected in object 'Object Repository/ProAcc_Pm/ProAcc_ResourceAllocation/Select_Project'  using regular expression

2021-03-02 23:44:40 - [MESSAGE][PASSED] - All options with label 'TP1' are selected in object 'Object Repository/ProAcc_Pm/ProAcc_ResourceAllocation/Select Instance'  using regular expression

2021-03-02 23:44:40 - [MESSAGE][PASSED] - Object: 'Object Repository/ProAcc_Pm/ProAcc_ResourceAllocation/Pull_Data_Btn' is clicked on

2021-03-02 23:44:41 - [MESSAGE][PASSED] - Object: 'Object Repository/ProAcc_Pm/ProAcc_ResourceAllocation/button_Bulk Allocation' is clicked on

2021-03-02 23:44:43 - [MESSAGE][PASSED] - Object: 'Object Repository/ProAcc_Pm/ProAcc_ResourceAllocation/BulkBtn_Cancel' is clicked on

2021-03-02 23:44:44 - [MESSAGE][PASSED] - Object: 'Object Repository/ProAcc_Pm/ProAcc_ResourceAllocation/button_Bulk Allocation' is clicked on

2021-03-02 23:44:44 - [MESSAGE][PASSED] - Text of object '' is: 'Basis Consultant'

2021-03-02 23:44:45 - [MESSAGE][PASSED] - All options with label 'Basis Consultant' are selected in object 'Object Repository/ProAcc_Pm/ProAcc_ResourceAllocation/Select RoleBasis'  using regular expression

2021-03-02 23:44:46 - [MESSAGE][PASSED] - Text of object '' is: 'Seena '

2021-03-02 23:44:47 - [MESSAGE][PASSED] - All options with label 'Seena ' are selected in object 'Object Repository/ProAcc_Pm/ProAcc_ResourceAllocation/Select Ownercon'  using regular expression

2021-03-02 23:44:47 - [MESSAGE][PASSED] - Object: 'Object Repository/ProAcc_Pm/ProAcc_ResourceAllocation/button_Save' is clicked on

2021-03-02 23:44:48 - [MESSAGE][PASSED] - Run with 'phase_runner.ResourceAllocation_PreConversion_Runner' was passed]]></system-out>
         <system-err><![CDATA[]]></system-err>
      </testcase>
      <testcase name="Test Cases/Tc_ProAcc_PM/Tc_ProgressMonitor_PreConversion" time="34.927" classname="Test Cases/Tc_ProAcc_PM/Tc_ProgressMonitor_PreConversion" status="PASSED">
         <system-out><![CDATA[2021-03-02 23:44:48 - [TEST_CASE][PASSED] - Test Cases/Tc_ProAcc_PM/Tc_ProgressMonitor_PreConversion: Test Cases/Tc_ProAcc_PM/Tc_ProgressMonitor_PreConversion

2021-03-02 23:44:48 - [TEST_STEP][PASSED] - runWithCucumberRunner(phase_runner.ProgressMonitor_Pm_PreCon_Runner): Run with 'phase_runner.ProgressMonitor_Pm_PreCon_Runner' was passed

2021-03-02 23:44:51 - [MESSAGE][PASSED] - Object: 'Object Repository/ProAcc_Pm/ProAcc_ResourceAllocation/ProgressMonitor' is clicked on

2021-03-02 23:44:54 - [MESSAGE][PASSED] - Text of object '' is: 'Seena'

2021-03-02 23:44:54 - [MESSAGE][PASSED] - Text of object '' is: 'Seena'

2021-03-02 23:44:55 - [MESSAGE][PASSED] - Text of object '' is: 'Seena'

2021-03-02 23:44:55 - [MESSAGE][PASSED] - Text of object '' is: 'Seena'

2021-03-02 23:44:56 - [MESSAGE][PASSED] - Object: 'Object Repository/ProAcc_Pm/ProAcc_ProjectMonitor/Mail_Icon' is clicked on

2021-03-02 23:44:57 - [MESSAGE][PASSED] - Text 'sainath@promantus.com' is set on object 'Object Repository/ProAcc_Pm/ProAcc_ProjectMonitor/input__Emailid'

2021-03-02 23:44:57 - [MESSAGE][PASSED] - Text 'Test' is set on object 'Object Repository/ProAcc_Pm/ProAcc_ProjectMonitor/input__Subject'

2021-03-02 23:44:58 - [MESSAGE][PASSED] - Text 'Testing' is set on object 'Object Repository/ProAcc_Pm/ProAcc_ProjectMonitor/textarea__Body'

2021-03-02 23:44:59 - [MESSAGE][PASSED] - Object: 'Object Repository/ProAcc_Pm/ProAcc_ProjectMonitor/button_Send Mail' is clicked on

2021-03-02 23:44:59 - [MESSAGE][PASSED] - Object: 'Object Repository/ProAcc_Pm/ProAcc_ProjectMonitor/button_Add Activity' is clicked on

2021-03-02 23:45:00 - [MESSAGE][PASSED] - Object: 'Object Repository/ProAcc_Admin/ProAcc_Activity/input__txtTask' is clicked on

2021-03-02 23:45:01 - [MESSAGE][PASSED] - Text 'goks_Pre' is set on object 'Object Repository/ProAcc_Admin/ProAcc_Activity/input__txtTask'

2021-03-02 23:45:01 - [MESSAGE][PASSED] - Object: 'Object Repository/ProAcc_Admin/ProAcc_Activity/Select Application Area' is clicked on

2021-03-02 23:45:02 - [MESSAGE][PASSED] - All options with label 'Testing' are selected in object 'Object Repository/ProAcc_Admin/ProAcc_Activity/Select Application Area'  using regular expression

2021-03-02 23:45:04 - [MESSAGE][PASSED] - All options with label 'Basis Consultant' are selected in object 'Object Repository/ProAcc_Admin/ProAcc_Activity/Select Role'  using regular expression

2021-03-02 23:45:04 - [MESSAGE][PASSED] - Object: 'Object Repository/ProAcc_Pm/ProAcc_ProjectMonitor/Select_Owner' is clicked on

2021-03-02 23:45:05 - [MESSAGE][PASSED] - All options with label 'Seena' are selected in object 'Object Repository/ProAcc_Pm/ProAcc_ProjectMonitor/Select_Owner' 

2021-03-02 23:45:06 - [MESSAGE][PASSED] - All options with label 'Assessment Reports' are selected in object 'Object Repository/ProAcc_Admin/ProAcc_Activity/Select Building Block'  using regular expression

2021-03-02 23:45:07 - [MESSAGE][PASSED] - Text '11:23' is set on object 'Object Repository/ProAcc_Admin/ProAcc_Activity/input__txtEstimated'

2021-03-02 23:45:08 - [MESSAGE][PASSED] - All options with label 'Sequential' are selected in object 'Object Repository/ProAcc_Admin/ProAcc_Activity/Select Task Type'  using regular expression

2021-03-02 23:45:10 - [MESSAGE][PASSED] - Delayed 2 second(s)

2021-03-02 23:45:11 - [MESSAGE][PASSED] - Object: 'Object Repository/ProAcc_Pm/ProAcc_ProjectMonitor/button_CreateActivity' is clicked on

2021-03-02 23:45:11 - [MESSAGE][PASSED] - Object: 'Object Repository/ProAcc_Pm/ProAcc_ProjectMonitor/btnSeq' is clicked on

2021-03-02 23:45:13 - [MESSAGE][PASSED] - Delayed 2 second(s)

2021-03-02 23:45:14 - [MESSAGE][PASSED] - Object: 'Object Repository/ProAcc_Pm/ProAcc_ProjectMonitor/i_Yet To Start_Edittask' is clicked on

2021-03-02 23:45:16 - [MESSAGE][PASSED] - All options with value '3' are selected in object 'Object Repository/ProAcc_Pm/ProAcc_ProjectMonitor/select_Not Applicable'  using regular expression

2021-03-02 23:45:16 - [MESSAGE][PASSED] - Object: 'Object Repository/ProAcc_Pm/ProAcc_ProjectMonitor/button_Save' is clicked on

2021-03-02 23:45:17 - [MESSAGE][PASSED] - Text 'Test' is set on object 'Object Repository/ProAcc_Pm/ProAcc_ProjectMonitor/textarea_Add Comments_Comments'

2021-03-02 23:45:17 - [MESSAGE][PASSED] - Object: 'Object Repository/ProAcc_Pm/ProAcc_ProjectMonitor/button_SaveComments' is clicked on

2021-03-02 23:45:19 - [MESSAGE][PASSED] - Delayed 2 second(s)

2021-03-02 23:45:20 - [MESSAGE][PASSED] - Text 'goks_Pre' is set on object 'Object Repository/ProAcc_Pm/ProAcc_ProjectMonitor/Search_Task'

2021-03-02 23:45:22 - [MESSAGE][PASSED] - Delayed 2 second(s)

2021-03-02 23:45:22 - [MESSAGE][PASSED] - Run with 'phase_runner.ProgressMonitor_Pm_PreCon_Runner' was passed]]></system-out>
         <system-err><![CDATA[]]></system-err>
      </testcase>
      <testcase name="Test Cases/Tc_ProAcc_Consultant/Tc_ProgressMonitorConsultant_PreConversion" time="208.113" classname="Test Cases/Tc_ProAcc_Consultant/Tc_ProgressMonitorConsultant_PreConversion" status="PASSED">
         <system-out><![CDATA[2021-03-02 23:45:22 - [TEST_CASE][PASSED] - Test Cases/Tc_ProAcc_Consultant/Tc_ProgressMonitorConsultant_PreConversion: Test Cases/Tc_ProAcc_Consultant/Tc_ProgressMonitorConsultant_PreConversion

2021-03-02 23:45:23 - [TEST_STEP][PASSED] - runWithCucumberRunner(phase_runner.ProgressMonitor_Consultant_PreCon_Runner): Run with 'phase_runner.ProgressMonitor_Consultant_PreCon_Runner' was passed

2021-03-02 23:45:30 - [MESSAGE][PASSED] - Delayed 5 second(s)

2021-03-02 23:45:30 - [MESSAGE][WARNING] - A browser is already opened. Closing browser and opening a new one

2021-03-02 23:45:31 - [MESSAGE][INFO] - Starting 'Chrome' driver

2021-03-02 23:45:31 - [MESSAGE][INFO] - User set preference: ['prefs', '{download.default_directory=Include\Downloaded Files}']

2021-03-02 23:45:31 - [MESSAGE][INFO] - Action delay is set to 0 milliseconds

2021-03-02 23:45:33 - [MESSAGE][PASSED] - Browser is opened with url: ''

2021-03-02 23:45:34 - [MESSAGE][PASSED] - Current window maximized

2021-03-02 23:45:35 - [MESSAGE][PASSED] - Navigate to 'http://123.176.34.15:4041/ProAcc2QA' successfully

2021-03-02 23:45:35 - [MESSAGE][PASSED] - Text 'Seena' is set on object 'Object Repository/ProAcc_Login/input_User Name_Username'

2021-03-02 23:45:36 - [MESSAGE][PASSED] - Text 'a12345@' is set on object 'Object Repository/ProAcc_Login/input_Password_Password'

2021-03-02 23:45:40 - [MESSAGE][PASSED] - Object: 'Object Repository/ProAcc_Login/button_Sign In' is clicked on

2021-03-02 23:45:42 - [MESSAGE][PASSED] - Delayed 2 second(s)

2021-03-02 23:45:42 - [MESSAGE][PASSED] - Text of object '' is: 'Consultant'

2021-03-02 23:45:44 - [MESSAGE][PASSED] - Object: '' is clicked on

2021-03-02 23:45:45 - [MESSAGE][PASSED] - Object: 'Object Repository/ProAcc_Consultant/ProgressMonitor/report_Btn' is clicked on

2021-03-02 23:45:46 - [MESSAGE][PASSED] - All options with label 'Pre Conversion' are selected in object 'Object Repository/ProAcc_Pm/ProAcc_ResourceAllocation/PhaseName'  using regular expression

2021-03-02 23:45:48 - [MESSAGE][PASSED] - Delayed 2 second(s)

2021-03-02 23:45:48 - [MESSAGE][PASSED] - Text of object '' is: 'Consultant'

2021-03-02 23:45:49 - [MESSAGE][PASSED] - All options with label 'Cipla Industries' are selected in object 'Object Repository/ProAcc_Consultant/ProgressMonitor/Select_Customer'  using regular expression

2021-03-02 23:45:51 - [MESSAGE][PASSED] - All options with label 'TestProject' are selected in object 'Object Repository/ProAcc_Consultant/ProgressMonitor/Select_Project'  using regular expression

2021-03-02 23:45:52 - [MESSAGE][PASSED] - All options with label 'TP1' are selected in object 'Object Repository/ProAcc_Consultant/ProgressMonitor/Select_Instance'  using regular expression

2021-03-02 23:45:54 - [MESSAGE][PASSED] - Delayed 2 second(s)

2021-03-02 23:45:54 - [MESSAGE][PASSED] - Object: 'Object Repository/ProAcc_Consultant/ProgressMonitor/edit' is clicked on

2021-03-02 23:45:56 - [MESSAGE][PASSED] - Delayed 2 second(s)

2021-03-02 23:45:59 - [MESSAGE][PASSED] - Delayed 3 second(s)

2021-03-02 23:46:00 - [MESSAGE][PASSED] - Delayed 1 second(s)

2021-03-02 23:46:01 - [MESSAGE][PASSED] - Delayed 1 second(s)

2021-03-02 23:46:02 - [MESSAGE][PASSED] - Delayed 1 second(s)

2021-03-02 23:46:04 - [MESSAGE][PASSED] - Delayed 1 second(s)

2021-03-02 23:46:07 - [MESSAGE][PASSED] - Delayed 3 second(s)

2021-03-02 23:46:09 - [MESSAGE][PASSED] - Delayed 2 second(s)

2021-03-02 23:46:10 - [MESSAGE][WARNING] - A browser is already opened. Closing browser and opening a new one

2021-03-02 23:46:11 - [MESSAGE][INFO] - Starting 'Chrome' driver

2021-03-02 23:46:11 - [MESSAGE][INFO] - User set preference: ['prefs', '{download.default_directory=Include\Downloaded Files}']

2021-03-02 23:46:11 - [MESSAGE][INFO] - Action delay is set to 0 milliseconds

2021-03-02 23:46:14 - [MESSAGE][PASSED] - Browser is opened with url: ''

2021-03-02 23:46:14 - [MESSAGE][PASSED] - Current window maximized

2021-03-02 23:46:14 - [MESSAGE][PASSED] - Navigate to 'http://123.176.34.15:4041/ProAcc2QA' successfully

2021-03-02 23:46:15 - [MESSAGE][PASSED] - Text 'Seena' is set on object 'Object Repository/ProAcc_Login/input_User Name_Username'

2021-03-02 23:46:16 - [MESSAGE][PASSED] - Text 'a12345@' is set on object 'Object Repository/ProAcc_Login/input_Password_Password'

2021-03-02 23:46:19 - [MESSAGE][PASSED] - Object: 'Object Repository/ProAcc_Login/button_Sign In' is clicked on

2021-03-02 23:46:21 - [MESSAGE][PASSED] - Delayed 2 second(s)

2021-03-02 23:46:22 - [MESSAGE][PASSED] - Text of object '' is: 'Consultant'

2021-03-02 23:46:24 - [MESSAGE][PASSED] - Object: '' is clicked on

2021-03-02 23:46:24 - [MESSAGE][PASSED] - Object: 'Object Repository/ProAcc_Consultant/ProgressMonitor/report_Btn' is clicked on

2021-03-02 23:46:25 - [MESSAGE][PASSED] - All options with label 'Pre Conversion' are selected in object 'Object Repository/ProAcc_Pm/ProAcc_ResourceAllocation/PhaseName'  using regular expression

2021-03-02 23:46:27 - [MESSAGE][PASSED] - Delayed 2 second(s)

2021-03-02 23:46:28 - [MESSAGE][PASSED] - Text of object '' is: 'Consultant'

2021-03-02 23:46:29 - [MESSAGE][PASSED] - All options with label 'Cipla Industries' are selected in object 'Object Repository/ProAcc_Consultant/ProgressMonitor/Select_Customer'  using regular expression

2021-03-02 23:46:30 - [MESSAGE][PASSED] - All options with label 'TestProject' are selected in object 'Object Repository/ProAcc_Consultant/ProgressMonitor/Select_Project'  using regular expression

2021-03-02 23:46:31 - [MESSAGE][PASSED] - All options with label 'TP1' are selected in object 'Object Repository/ProAcc_Consultant/ProgressMonitor/Select_Instance'  using regular expression

2021-03-02 23:46:33 - [MESSAGE][PASSED] - Delayed 2 second(s)

2021-03-02 23:46:34 - [MESSAGE][PASSED] - Object: 'Object Repository/ProAcc_Consultant/ProgressMonitor/edit' is clicked on

2021-03-02 23:46:36 - [MESSAGE][PASSED] - Delayed 2 second(s)

2021-03-02 23:46:39 - [MESSAGE][PASSED] - Delayed 3 second(s)

2021-03-02 23:46:40 - [MESSAGE][PASSED] - Delayed 1 second(s)

2021-03-02 23:46:41 - [MESSAGE][PASSED] - Delayed 1 second(s)

2021-03-02 23:46:42 - [MESSAGE][PASSED] - Delayed 1 second(s)

2021-03-02 23:46:43 - [MESSAGE][PASSED] - Delayed 1 second(s)

2021-03-02 23:46:47 - [MESSAGE][PASSED] - Delayed 3 second(s)

2021-03-02 23:46:49 - [MESSAGE][PASSED] - Delayed 2 second(s)

2021-03-02 23:47:00 - [MESSAGE][WARNING] - A browser is already opened. Closing browser and opening a new one

2021-03-02 23:47:28 - [MESSAGE][WARNING] - Browser is not reachable. Browser may have been closed already.

2021-03-02 23:47:28 - [MESSAGE][INFO] - Starting 'Chrome' driver

2021-03-02 23:47:28 - [MESSAGE][INFO] - User set preference: ['prefs', '{download.default_directory=Include\Downloaded Files}']

2021-03-02 23:47:28 - [MESSAGE][INFO] - Action delay is set to 0 milliseconds

2021-03-02 23:47:30 - [MESSAGE][PASSED] - Browser is opened with url: ''

2021-03-02 23:47:31 - [MESSAGE][PASSED] - Current window maximized

2021-03-02 23:47:35 - [MESSAGE][PASSED] - Navigate to 'http://123.176.34.15:4041/ProAcc2QA' successfully

2021-03-02 23:47:35 - [MESSAGE][PASSED] - Text 'Seena' is set on object 'Object Repository/ProAcc_Login/input_User Name_Username'

2021-03-02 23:47:36 - [MESSAGE][PASSED] - Text 'a12345@' is set on object 'Object Repository/ProAcc_Login/input_Password_Password'

2021-03-02 23:47:40 - [MESSAGE][PASSED] - Object: 'Object Repository/ProAcc_Login/button_Sign In' is clicked on

2021-03-02 23:47:42 - [MESSAGE][PASSED] - Delayed 2 second(s)

2021-03-02 23:47:42 - [MESSAGE][PASSED] - Text of object '' is: 'Consultant'

2021-03-02 23:47:45 - [MESSAGE][PASSED] - Object: '' is clicked on

2021-03-02 23:47:45 - [MESSAGE][PASSED] - Object: 'Object Repository/ProAcc_Consultant/ProgressMonitor/report_Btn' is clicked on

2021-03-02 23:47:47 - [MESSAGE][PASSED] - All options with label 'Pre Conversion' are selected in object 'Object Repository/ProAcc_Pm/ProAcc_ResourceAllocation/PhaseName'  using regular expression

2021-03-02 23:47:49 - [MESSAGE][PASSED] - Delayed 2 second(s)

2021-03-02 23:47:49 - [MESSAGE][PASSED] - Text of object '' is: 'Consultant'

2021-03-02 23:47:50 - [MESSAGE][PASSED] - All options with label 'Cipla Industries' are selected in object 'Object Repository/ProAcc_Consultant/ProgressMonitor/Select_Customer'  using regular expression

2021-03-02 23:47:51 - [MESSAGE][PASSED] - All options with label 'TestProject' are selected in object 'Object Repository/ProAcc_Consultant/ProgressMonitor/Select_Project'  using regular expression

2021-03-02 23:47:52 - [MESSAGE][PASSED] - All options with label 'TP1' are selected in object 'Object Repository/ProAcc_Consultant/ProgressMonitor/Select_Instance'  using regular expression

2021-03-02 23:47:54 - [MESSAGE][PASSED] - Delayed 2 second(s)

2021-03-02 23:47:55 - [MESSAGE][PASSED] - Object: 'Object Repository/ProAcc_Consultant/ProgressMonitor/edit' is clicked on

2021-03-02 23:47:57 - [MESSAGE][PASSED] - Delayed 2 second(s)

2021-03-02 23:48:00 - [MESSAGE][PASSED] - Delayed 3 second(s)

2021-03-02 23:48:01 - [MESSAGE][PASSED] - Delayed 1 second(s)

2021-03-02 23:48:02 - [MESSAGE][PASSED] - Delayed 1 second(s)

2021-03-02 23:48:03 - [MESSAGE][PASSED] - Delayed 1 second(s)

2021-03-02 23:48:04 - [MESSAGE][PASSED] - Delayed 1 second(s)

2021-03-02 23:48:08 - [MESSAGE][PASSED] - Delayed 3 second(s)

2021-03-02 23:48:10 - [MESSAGE][PASSED] - Delayed 2 second(s)

2021-03-02 23:48:11 - [MESSAGE][WARNING] - A browser is already opened. Closing browser and opening a new one

2021-03-02 23:48:12 - [MESSAGE][INFO] - Starting 'Chrome' driver

[...]
	at com.kms.katalon.core.main.TestSuiteExecutor.accessTestSuiteMainPhase(TestSuiteExecutor.java:152)
	at com.kms.katalon.core.main.TestSuiteExecutor.execute(TestSuiteExecutor.java:95)
	at com.kms.katalon.core.main.TestCaseMain.startTestSuite(TestCaseMain.java:157)
	at com.kms.katalon.core.main.TestCaseMain$startTestSuite$0.call(Unknown Source)
	at TempTestSuite1614708308347.run(TempTestSuite1614708308347.groovy:39)]]></system-err>
      </testcase>
      <testcase name="Test Cases/Tc_ProAcc_Delete/Activity_Delete" time="49.376" classname="Test Cases/Tc_ProAcc_Delete/Activity_Delete" status="PASSED">
         <system-out><![CDATA[2021-03-03 00:11:10 - [TEST_CASE][PASSED] - Test Cases/Tc_ProAcc_Delete/Activity_Delete: Test Cases/Tc_ProAcc_Delete/Activity_Delete

2021-03-03 00:11:10 - [TEST_STEP][PASSED] - runWithCucumberRunner(testRunner.DeleteActivity_Runner): Run with 'testRunner.DeleteActivity_Runner' was passed

2021-03-03 00:11:12 - [MESSAGE][WARNING] - A browser is already opened. Closing browser and opening a new one

2021-03-03 00:11:13 - [MESSAGE][INFO] - Starting 'Chrome' driver

2021-03-03 00:11:13 - [MESSAGE][INFO] - User set preference: ['prefs', '{download.default_directory=Include\Downloaded Files}']

2021-03-03 00:11:14 - [MESSAGE][INFO] - Action delay is set to 0 milliseconds

2021-03-03 00:11:18 - [MESSAGE][PASSED] - Browser is opened with url: ''

2021-03-03 00:11:18 - [MESSAGE][PASSED] - Current window maximized

2021-03-03 00:11:23 - [MESSAGE][PASSED] - Delayed 5 second(s)

2021-03-03 00:11:24 - [MESSAGE][PASSED] - Navigate to 'http://123.176.34.15:4041/PROACC2QA/' successfully

2021-03-03 00:11:25 - [MESSAGE][PASSED] - Text 'admin' is set on object 'Object Repository/ProAcc_Login/input_User Name_Username'

2021-03-03 00:11:25 - [MESSAGE][PASSED] - Text 'admin@12' is set on object 'Object Repository/ProAcc_Login/input_Password_Password'

2021-03-03 00:11:29 - [MESSAGE][PASSED] - Object: 'Object Repository/ProAcc_Login/button_Sign In' is clicked on

2021-03-03 00:11:31 - [MESSAGE][PASSED] - Object: 'Object Repository/ProAcc_Admin/ProAcc_Activity/span_Configuration' is clicked on

2021-03-03 00:11:32 - [MESSAGE][PASSED] - Object: 'Object Repository/ProAcc_Admin/ProAcc_Activity/a_Activity' is clicked on

2021-03-03 00:11:34 - [MESSAGE][PASSED] - Delayed 2 second(s)

2021-03-03 00:11:36 - [MESSAGE][PASSED] - Delayed 1 second(s)

2021-03-03 00:11:36 - [MESSAGE][PASSED] - Text of object '' is: 'Alexa_Assessment'

2021-03-03 00:11:37 - [MESSAGE][PASSED] - Object: '' is clicked on

2021-03-03 00:11:37 - [MESSAGE][PASSED] - Object: 'Object Repository/ProAcc_Pm/ProAcc_ResourceAllocation/Pull_Data_Btn' is clicked on

2021-03-03 00:11:38 - [MESSAGE][PASSED] - Delayed 1 second(s)

2021-03-03 00:11:38 - [MESSAGE][PASSED] - Text of object '' is: 'Alexa_Pre'

2021-03-03 00:11:39 - [MESSAGE][PASSED] - Delayed 1 second(s)

2021-03-03 00:11:40 - [MESSAGE][PASSED] - Text of object '' is: 'Read Conversion Guide For SAP S/4HANA 1909 - 2883337 - Add. Info. On Converting To SAP S/4HANA Using SUM 2.0 SP08'

2021-03-03 00:11:41 - [MESSAGE][PASSED] - Delayed 1 second(s)

2021-03-03 00:11:41 - [MESSAGE][PASSED] - Text of object '' is: 'Pre-Checks- SAP Host Agent Version'

2021-03-03 00:11:42 - [MESSAGE][PASSED] - Delayed 1 second(s)

2021-03-03 00:11:43 - [MESSAGE][PASSED] - Text of object '' is: 'Deactivate SAP Business Functions (Example: SRM)'

2021-03-03 00:11:44 - [MESSAGE][PASSED] - Delayed 1 second(s)

2021-03-03 00:11:44 - [MESSAGE][PASSED] - Text of object '' is: 'Alexa_Con'

2021-03-03 00:11:45 - [MESSAGE][PASSED] - Delayed 1 second(s)

2021-03-03 00:11:45 - [MESSAGE][PASSED] - Text of object '' is: 'Conversion Of Your Data Into The New Data Structure Used By SAP S/4HANA'

2021-03-03 00:11:46 - [MESSAGE][PASSED] - Delayed 1 second(s)

2021-03-03 00:11:46 - [MESSAGE][PASSED] - Text of object '' is: 'Preprocessing Phase: (Ramp Down) Before Enter Into The Downtime No Jobs No Queues Lock Users'

2021-03-03 00:11:47 - [MESSAGE][PASSED] - Delayed 1 second(s)

2021-03-03 00:11:48 - [MESSAGE][PASSED] - Text of object '' is: 'Application Preparation Activities In Business Downtime (Row 156-164)'

2021-03-03 00:11:49 - [MESSAGE][PASSED] - Delayed 1 second(s)

2021-03-03 00:11:49 - [MESSAGE][PASSED] - Text of object '' is: 'Alexa_Post'

2021-03-03 00:11:50 - [MESSAGE][PASSED] - Delayed 1 second(s)

2021-03-03 00:11:50 - [MESSAGE][PASSED] - Text of object '' is: '2.9.3 Assign Number Ranges..........................................................................................................43'

2021-03-03 00:11:51 - [MESSAGE][PASSED] - Delayed 1 second(s)

2021-03-03 00:11:52 - [MESSAGE][PASSED] - Text of object '' is: '4.6.6 Enrich Balance Carryforward Based On Open Items................................................................76'

2021-03-03 00:11:53 - [MESSAGE][PASSED] - Delayed 1 second(s)

2021-03-03 00:11:53 - [MESSAGE][PASSED] - Text of object '' is: '4.10 Deactivate Reconciliation Ledger...............................................................................................77'

2021-03-03 00:11:54 - [MESSAGE][PASSED] - Delayed 1 second(s)

2021-03-03 00:11:54 - [MESSAGE][PASSED] - Text of object '' is: '10Steps2S4 – [ACT] Logistics Post Conversion Activities: 2. Business Partner And CVI'

2021-03-03 00:11:55 - [MESSAGE][PASSED] - Delayed 1 second(s)

2021-03-03 00:11:55 - [MESSAGE][PASSED] - Text of object '' is: '10Steps2S4 – [ACT] Logistics Post Conversion Activities: 3. MRP'

2021-03-03 00:11:56 - [MESSAGE][PASSED] - Delayed 1 second(s)

2021-03-03 00:11:57 - [MESSAGE][PASSED] - Text of object '' is: '10Steps2S4 - [PRE] Fiori Configuration'

2021-03-03 00:11:58 - [MESSAGE][PASSED] - Delayed 1 second(s)

2021-03-03 00:11:58 - [MESSAGE][PASSED] - Text of object '' is: '10Steps2S4 - [ACT] Fiori Configuration'

2021-03-03 00:11:59 - [MESSAGE][PASSED] - Delayed 1 second(s)

2021-03-03 00:11:59 - [MESSAGE][PASSED] - Text of object '' is: 'Integration Testing And UAT'

2021-03-03 00:11:59 - [MESSAGE][PASSED] - Run with 'testRunner.DeleteActivity_Runner' was passed]]></system-out>
         <system-err><![CDATA[]]></system-err>
      </testcase>
      <testcase name="Test Cases/Tc_ProAcc_Delete/PmTask_Delete" time="7.239" classname="Test Cases/Tc_ProAcc_Delete/PmTask_Delete" status="PASSED">
         <system-out><![CDATA[2021-03-03 00:11:59 - [TEST_CASE][PASSED] - Test Cases/Tc_ProAcc_Delete/PmTask_Delete: Test Cases/Tc_ProAcc_Delete/PmTask_Delete

2021-03-03 00:12:00 - [TEST_STEP][PASSED] - runWithCucumberRunner(testRunner.DeletePmTask_Runner): Run with 'testRunner.DeletePmTask_Runner' was passed

2021-03-03 00:12:02 - [MESSAGE][PASSED] - Object: 'Object Repository/ProAcc_Admin/ProAcc_Activity/span_Configuration' is clicked on

2021-03-03 00:12:04 - [MESSAGE][PASSED] - Object: 'Object Repository/ProAcc_Delete/PmTask_Delete/PmTask_Click' is clicked on

2021-03-03 00:12:06 - [MESSAGE][PASSED] - Text 'Plan Project' is set on object 'Object Repository/ProAcc_Delete/PmTask_Delete/Search_Pm'

2021-03-03 00:12:06 - [MESSAGE][PASSED] - Object: 'Object Repository/ProAcc_Delete/PmTask_Delete/Del_Btn' is clicked on

2021-03-03 00:12:07 - [MESSAGE][PASSED] - Object: 'Object Repository/ProAcc_Delete/Activity_Delete/Yes_Btn' is clicked on

2021-03-03 00:12:07 - [MESSAGE][PASSED] - Run with 'testRunner.DeletePmTask_Runner' was passed]]></system-out>
         <system-err><![CDATA[]]></system-err>
      </testcase>
      <testcase name="Test Cases/Tc_ProAcc_Delete/Instance_Delete" time="8.611" classname="Test Cases/Tc_ProAcc_Delete/Instance_Delete" status="PASSED">
         <system-out><![CDATA[2021-03-03 00:12:07 - [TEST_CASE][PASSED] - Test Cases/Tc_ProAcc_Delete/Instance_Delete: Test Cases/Tc_ProAcc_Delete/Instance_Delete

2021-03-03 00:12:07 - [TEST_STEP][PASSED] - runWithCucumberRunner(testRunner.DeleteInstance_Runner): Run with 'testRunner.DeleteInstance_Runner' was passed

2021-03-03 00:12:10 - [MESSAGE][PASSED] - Object: 'Object Repository/ProAcc_Admin/ProAcc_Activity/span_Configuration' is clicked on

2021-03-03 00:12:11 - [MESSAGE][PASSED] - Object: 'Object Repository/ProAcc_Delete/Project_Delete/Project_Click' is clicked on

2021-03-03 00:12:13 - [MESSAGE][PASSED] - All options with label 'Project' are selected in object 'Object Repository/ProAcc_Delete/Project_Delete/Drpdwn_Project'  using regular expression

2021-03-03 00:12:14 - [MESSAGE][PASSED] - Text 'TestProject' is set on object 'Object Repository/ProAcc_Delete/Project_Delete/Search_project'

2021-03-03 00:12:14 - [MESSAGE][PASSED] - Object: 'Object Repository/ProAcc_Delete/Instance_Delete/Prj_Click' is clicked on

2021-03-03 00:12:15 - [MESSAGE][PASSED] - Object: 'Object Repository/ProAcc_Delete/Instance_Delete/Del_Instance' is clicked on

2021-03-03 00:12:15 - [MESSAGE][PASSED] - Object: 'Object Repository/ProAcc_Delete/Activity_Delete/Yes_Btn' is clicked on

2021-03-03 00:12:15 - [MESSAGE][PASSED] - Run with 'testRunner.DeleteInstance_Runner' was passed]]></system-out>
         <system-err><![CDATA[]]></system-err>
      </testcase>
      <testcase name="Test Cases/Tc_ProAcc_Delete/Project_Delete" time="7.637" classname="Test Cases/Tc_ProAcc_Delete/Project_Delete" status="PASSED">
         <system-out><![CDATA[2021-03-03 00:12:15 - [TEST_CASE][PASSED] - Test Cases/Tc_ProAcc_Delete/Project_Delete: Test Cases/Tc_ProAcc_Delete/Project_Delete

2021-03-03 00:12:16 - [TEST_STEP][PASSED] - runWithCucumberRunner(testRunner.DeleteProject_Runner): Run with 'testRunner.DeleteProject_Runner' was passed

2021-03-03 00:12:18 - [MESSAGE][PASSED] - Object: 'Object Repository/ProAcc_Admin/ProAcc_Activity/span_Configuration' is clicked on

2021-03-03 00:12:20 - [MESSAGE][PASSED] - Object: 'Object Repository/ProAcc_Delete/Project_Delete/Project_Click' is clicked on

2021-03-03 00:12:21 - [MESSAGE][PASSED] - All options with label 'Project' are selected in object 'Object Repository/ProAcc_Delete/Project_Delete/Drpdwn_Project'  using regular expression

2021-03-03 00:12:22 - [MESSAGE][PASSED] - Text 'TestProject' is set on object 'Object Repository/ProAcc_Delete/Project_Delete/Search_project'

2021-03-03 00:12:22 - [MESSAGE][PASSED] - Object: 'Object Repository/ProAcc_Delete/Project_Delete/Del_Prj' is clicked on

2021-03-03 00:12:23 - [MESSAGE][PASSED] - Object: 'Object Repository/ProAcc_Delete/Activity_Delete/Yes_Btn' is clicked on

2021-03-03 00:12:23 - [MESSAGE][PASSED] - Run with 'testRunner.DeleteProject_Runner' was passed]]></system-out>
         <system-err><![CDATA[]]></system-err>
      </testcase>
      <testcase name="Test Cases/Tc_ProAcc_Delete/User_Delete" time="20.457" classname="Test Cases/Tc_ProAcc_Delete/User_Delete" status="PASSED">
         <system-out><![CDATA[2021-03-03 00:12:23 - [TEST_CASE][PASSED] - Test Cases/Tc_ProAcc_Delete/User_Delete: Test Cases/Tc_ProAcc_Delete/User_Delete

2021-03-03 00:12:24 - [TEST_STEP][PASSED] - runWithCucumberRunner(testRunner.DeleteUser_Runner): Run with 'testRunner.DeleteUser_Runner' was passed

2021-03-03 00:12:26 - [MESSAGE][PASSED] - Object: 'Object Repository/ProAcc_Delete/Customer_Delete/UserSetting_Btn' is clicked on

2021-03-03 00:12:27 - [MESSAGE][PASSED] - Object: 'Object Repository/ProAcc_Delete/User_Delete/User_Click' is clicked on

2021-03-03 00:12:29 - [MESSAGE][PASSED] - Delayed 1 second(s)

2021-03-03 00:12:29 - [MESSAGE][PASSED] - Text of object '' is: 'TestCustomer'

2021-03-03 00:12:30 - [MESSAGE][PASSED] - Delayed 1 second(s)

2021-03-03 00:12:31 - [MESSAGE][PASSED] - Text of object '' is: 'TestConsultant'

2021-03-03 00:12:32 - [MESSAGE][PASSED] - Delayed 1 second(s)

2021-03-03 00:12:32 - [MESSAGE][PASSED] - Text of object '' is: 'TestPM'

2021-03-03 00:12:33 - [MESSAGE][PASSED] - Delayed 1 second(s)

2021-03-03 00:12:33 - [MESSAGE][PASSED] - Text of object '' is: 'TestAdmin'

2021-03-03 00:12:34 - [MESSAGE][PASSED] - Object: '' is clicked on

2021-03-03 00:12:34 - [MESSAGE][PASSED] - Object: 'Object Repository/ProAcc_Pm/ProAcc_ResourceAllocation/Pull_Data_Btn' is clicked on

2021-03-03 00:12:35 - [MESSAGE][PASSED] - Delayed 1 second(s)

2021-03-03 00:12:36 - [MESSAGE][PASSED] - Text of object '' is: 'Abhi'

2021-03-03 00:12:37 - [MESSAGE][PASSED] - Delayed 1 second(s)

2021-03-03 00:12:37 - [MESSAGE][PASSED] - Text of object '' is: 'Vijay'

2021-03-03 00:12:38 - [MESSAGE][PASSED] - Delayed 1 second(s)

2021-03-03 00:12:38 - [MESSAGE][PASSED] - Text of object '' is: 'Govind'

2021-03-03 00:12:39 - [MESSAGE][PASSED] - Delayed 1 second(s)

2021-03-03 00:12:40 - [MESSAGE][PASSED] - Text of object '' is: 'Akhil'

2021-03-03 00:12:41 - [MESSAGE][PASSED] - Delayed 1 second(s)

2021-03-03 00:12:41 - [MESSAGE][PASSED] - Text of object '' is: 'Sainath'

2021-03-03 00:12:42 - [MESSAGE][PASSED] - Delayed 1 second(s)

2021-03-03 00:12:42 - [MESSAGE][PASSED] - Text of object '' is: 'Seena'

2021-03-03 00:12:43 - [MESSAGE][PASSED] - Delayed 1 second(s)

2021-03-03 00:12:43 - [MESSAGE][PASSED] - Text of object '' is: 'Kamal'

2021-03-03 00:12:43 - [MESSAGE][PASSED] - Run with 'testRunner.DeleteUser_Runner' was passed]]></system-out>
         <system-err><![CDATA[]]></system-err>
      </testcase>
      <testcase name="Test Cases/Tc_ProAcc_Delete/Customer_Delete" time="5.716" classname="Test Cases/Tc_ProAcc_Delete/Customer_Delete" status="PASSED">
         <system-out><![CDATA[2021-03-03 00:12:43 - [TEST_CASE][PASSED] - Test Cases/Tc_ProAcc_Delete/Customer_Delete: Test Cases/Tc_ProAcc_Delete/Customer_Delete

2021-03-03 00:12:44 - [TEST_STEP][PASSED] - runWithCucumberRunner(testRunner.DeleteCustomer_Runner): Run with 'testRunner.DeleteCustomer_Runner' was passed

2021-03-03 00:12:47 - [MESSAGE][PASSED] - Object: 'Object Repository/ProAcc_Delete/Customer_Delete/UserSetting_Btn' is clicked on

2021-03-03 00:12:47 - [MESSAGE][PASSED] - Object: 'Object Repository/ProAcc_Delete/Customer_Delete/Customer_Click' is clicked on

2021-03-03 00:12:48 - [MESSAGE][PASSED] - Text 'Cipla Industries' is set on object 'Object Repository/ProAcc_Delete/Customer_Delete/Search_Customer'

2021-03-03 00:12:49 - [MESSAGE][PASSED] - Object: 'Object Repository/ProAcc_Delete/Customer_Delete/Delete_Btn' is clicked on

2021-03-03 00:12:49 - [MESSAGE][PASSED] - Object: 'Object Repository/ProAcc_Delete/Activity_Delete/Yes_Btn' is clicked on

2021-03-03 00:12:49 - [MESSAGE][PASSED] - Run with 'testRunner.DeleteCustomer_Runner' was passed]]></system-out>
         <system-err><![CDATA[]]></system-err>
      </testcase>
      <system-out><![CDATA[2021-03-02 23:35:13 - [TEST_SUITE][FAILED] - ProAcc_Suite: Test Cases/Tc_ProAcc_Reports/Tc_AuditReport FAILED.
Reason:
com.kms.katalon.core.exception.StepFailedException: These following reason:
 [Cannot invoke method createNode() on null object]
	at com.kms.katalon.core.keyword.internal.KeywordMain.stepFailed(KeywordMain.groovy:50)
	at com.kms.katalon.core.keyword.internal.KeywordMain.stepFailed(KeywordMain.groovy)
	at com.kms.katalon.core.keyword.internal.KeywordMain.stepFailed(KeywordMain.groovy:23)
	at com.kms.katalon.core.keyword.internal.KeywordMain$stepFailed$0.call(Unknown Source)
	at com.kms.katalon.core.cucumber.keyword.CucumberBuiltinKeywords$_runWithCucumberRunner_closure5.doCall(CucumberBuiltinKeywords.groovy:631)
	at com.kms.katalon.core.cucumber.keyword.CucumberBuiltinKeywords$_runWithCucumberRunner_closure5.doCall(CucumberBuiltinKeywords.groovy)
	at com.kms.katalon.core.keyword.internal.KeywordMain.runKeyword(KeywordMain.groovy:68)
	at com.kms.katalon.core.keyword.internal.KeywordMain$runKeyword.call(Unknown Source)
	at com.kms.katalon.core.cucumber.keyword.CucumberBuiltinKeywords.runWithCucumberRunner(CucumberBuiltinKeywords.groovy:616)
	at com.kms.katalon.core.cucumber.keyword.CucumberBuiltinKeywords$runWithCucumberRunner$0.callStatic(Unknown Source)
	at com.kms.katalon.core.cucumber.keyword.CucumberBuiltinKeywords.runWithCucumberRunner(CucumberBuiltinKeywords.groovy:716)
	at com.kms.katalon.core.cucumber.keyword.CucumberBuiltinKeywords$runWithCucumberRunner.call(Unknown Source)
	at Tc_AuditReport.run(Tc_AuditReport:22)
	at com.kms.katalon.core.main.ScriptEngine.run(ScriptEngine.java:194)
	at com.kms.katalon.core.main.ScriptEngine.runScriptAsRawText(ScriptEngine.java:119)
	at com.kms.katalon.core.main.TestCaseExecutor.runScript(TestCaseExecutor.java:398)
	at com.kms.katalon.core.main.TestCaseExecutor.doExecute(TestCaseExecutor.java:389)
	at com.kms.katalon.core.main.TestCaseExecutor.processExecutionPhase(TestCaseExecutor.java:368)
	at com.kms.katalon.core.main.TestCaseExecutor.accessMainPhase(TestCaseExecutor.java:360)
	at com.kms.katalon.core.main.TestCaseExecutor.execute(TestCaseExecutor.java:255)
	at com.kms.katalon.core.main.TestSuiteExecutor.accessTestCaseMainPhase(TestSuiteExecutor.java:203)
	at com.kms.katalon.core.main.TestSuiteExecutor.accessTestSuiteMainPhase(TestSuiteExecutor.java:152)
	at com.kms.katalon.core.main.TestSuiteExecutor.execute(TestSuiteExecutor.java:95)
	at com.kms.katalon.core.main.TestCaseMain.startTestSuite(TestCaseMain.java:157)
	at com.kms.katalon.core.main.TestCaseMain$startTestSuite$0.call(Unknown Source)
	at TempTestSuite1614708308347.run(TempTestSuite1614708308347.groovy:39)]]></system-out>
      <system-err><![CDATA[2021-03-02 23:35:13 - [TEST_SUITE][FAILED] - ProAcc_Suite: Test Cases/Tc_ProAcc_Reports/Tc_AuditReport FAILED.
Reason:
com.kms.katalon.core.exception.StepFailedException: These following reason:
 [Cannot invoke method createNode() on null object]
	at com.kms.katalon.core.keyword.internal.KeywordMain.stepFailed(KeywordMain.groovy:50)
	at com.kms.katalon.core.keyword.internal.KeywordMain.stepFailed(KeywordMain.groovy)
	at com.kms.katalon.core.keyword.internal.KeywordMain.stepFailed(KeywordMain.groovy:23)
	at com.kms.katalon.core.keyword.internal.KeywordMain$stepFailed$0.call(Unknown Source)
	at com.kms.katalon.core.cucumber.keyword.CucumberBuiltinKeywords$_runWithCucumberRunner_closure5.doCall(CucumberBuiltinKeywords.groovy:631)
	at com.kms.katalon.core.cucumber.keyword.CucumberBuiltinKeywords$_runWithCucumberRunner_closure5.doCall(CucumberBuiltinKeywords.groovy)
	at com.kms.katalon.core.keyword.internal.KeywordMain.runKeyword(KeywordMain.groovy:68)
	at com.kms.katalon.core.keyword.internal.KeywordMain$runKeyword.call(Unknown Source)
	at com.kms.katalon.core.cucumber.keyword.CucumberBuiltinKeywords.runWithCucumberRunner(CucumberBuiltinKeywords.groovy:616)
	at com.kms.katalon.core.cucumber.keyword.CucumberBuiltinKeywords$runWithCucumberRunner$0.callStatic(Unknown Source)
	at com.kms.katalon.core.cucumber.keyword.CucumberBuiltinKeywords.runWithCucumberRunner(CucumberBuiltinKeywords.groovy:716)
	at com.kms.katalon.core.cucumber.keyword.CucumberBuiltinKeywords$runWithCucumberRunner.call(Unknown Source)
	at Tc_AuditReport.run(Tc_AuditReport:22)
	at com.kms.katalon.core.main.ScriptEngine.run(ScriptEngine.java:194)
	at com.kms.katalon.core.main.ScriptEngine.runScriptAsRawText(ScriptEngine.java:119)
	at com.kms.katalon.core.main.TestCaseExecutor.runScript(TestCaseExecutor.java:398)
	at com.kms.katalon.core.main.TestCaseExecutor.doExecute(TestCaseExecutor.java:389)
	at com.kms.katalon.core.main.TestCaseExecutor.processExecutionPhase(TestCaseExecutor.java:368)
	at com.kms.katalon.core.main.TestCaseExecutor.accessMainPhase(TestCaseExecutor.java:360)
	at com.kms.katalon.core.main.TestCaseExecutor.execute(TestCaseExecutor.java:255)
	at com.kms.katalon.core.main.TestSuiteExecutor.accessTestCaseMainPhase(TestSuiteExecutor.java:203)
	at com.kms.katalon.core.main.TestSuiteExecutor.accessTestSuiteMainPhase(TestSuiteExecutor.java:152)
	at com.kms.katalon.core.main.TestSuiteExecutor.execute(TestSuiteExecutor.java:95)
	at com.kms.katalon.core.main.TestCaseMain.startTestSuite(TestCaseMain.java:157)
	at com.kms.katalon.core.main.TestCaseMain$startTestSuite$0.call(Unknown Source)
	at TempTestSuite1614708308347.run(TempTestSuite1614708308347.groovy:39)]]></system-err>
   </testsuite>
</testsuites>
