<?xml version="1.0" encoding="UTF-8"?>
<testsuites name="ProAcc_Suite" time="2745.463" tests="22" failures="0" skips="0" errors="0">
   <testsuite name="ProAcc_Suite" tests="22" failures="0" errors="0" time="2745.463" skips="0" timestamp="2021-02-22 16:08:28" hostname="Group10 - Group10-PC" id="Test Suites/ProAcc_Suite">
      <properties>
         <property name="deviceName" value=""/>
         <property name="devicePlatform" value=""/>
         <property name="logFolder" value="C:\\Users\\Group10\\Desktop\\ProAcc_Test\\ProAcc_Test_New\\Reports\\20210222_160822\\ProAcc_Suite\\20210222_160822"/>
         <property name="logFiles" value="C:\\Users\\Group10\\Desktop\\ProAcc_Test\\ProAcc_Test_New\\Reports\\20210222_160822\\ProAcc_Suite\\20210222_160822\\execution0.log"/>
         <property name="attachments" value="C:\\Users\\Group10\\Desktop\\ProAcc_Test\\ProAcc_Test_New\\Reports\\20210222_160822\\ProAcc_Suite\\20210222_160822\\1613991463758.png, C:\Users\Group10\Desktop\ProAcc_Test\ProAcc_Test_New\screenshots\Mon_Feb_22_16_27_44_IST_2021.png, C:\\Users\\Group10\\Desktop\\ProAcc_Test\\ProAcc_Test_New\\Reports\\20210222_160822\\ProAcc_Suite\\20210222_160822\\1613991468689.png, C:\Users\Group10\Desktop\ProAcc_Test\ProAcc_Test_New\screenshots\Mon_Feb_22_16_27_49_IST_2021.png"/>
         <property name="hostName" value="Group10 - Group10-PC"/>
         <property name="os" value="Windows 7 64bit"/>
         <property name="katalonVersion" value="7.9.1.208"/>
         <property name="browser" value="Chrome 88.0.4324.182"/>
         <property name="hostAddress" value="192.168.1.3"/>
         <property name="sessionId" value="a8fa1f3c9df6ae5c80b6dee8a457ead8"/>
         <property name="seleniumVersion" value="3.141.59"/>
         <property name="proxyInformation" value="ProxyInformation { proxyOption=NO_PROXY, proxyServerType=HTTP, username=, password=********, proxyServerAddress=, proxyServerPort=0, executionList=&quot;&quot;, isApplyToDesiredCapabilities=true }"/>
         <property name="platform" value="Windows 7"/>
      </properties>
      <testcase name="Test Cases/Tc_ProAcc_Login/Login" time="24.025" classname="Test Cases/Tc_ProAcc_Login/Login" status="PASSED">
         <system-out><![CDATA[2021-02-22 16:08:30 - [TEST_CASE][PASSED] - Test Cases/Tc_ProAcc_Login/Login: Test Cases/Tc_ProAcc_Login/Login

2021-02-22 16:08:31 - [TEST_STEP][PASSED] - runWithCucumberRunner(testRunner.Login_Runner): Run with 'testRunner.Login_Runner' was passed

2021-02-22 16:08:34 - [MESSAGE][INFO] - Starting 'Chrome' driver

2021-02-22 16:08:34 - [MESSAGE][INFO] - Action delay is set to 0 milliseconds

2021-02-22 16:08:37 - [MESSAGE][PASSED] - Browser is opened with url: ''

2021-02-22 16:08:37 - [MESSAGE][PASSED] - Current window maximized

2021-02-22 16:08:42 - [MESSAGE][PASSED] - Delayed 5 second(s)

2021-02-22 16:08:43 - [MESSAGE][PASSED] - Navigate to 'http://123.176.34.15:4041/PROACC2QA/' successfully

2021-02-22 16:08:44 - [MESSAGE][PASSED] - Text 'admin' is set on object 'Object Repository/ProAcc_Login/input_User Name_Username'

2021-02-22 16:08:46 - [MESSAGE][PASSED] - Delayed 2 second(s)

2021-02-22 16:08:47 - [MESSAGE][PASSED] - Text 'admin@12' is set on object 'Object Repository/ProAcc_Login/input_Password_Password'

2021-02-22 16:08:49 - [MESSAGE][PASSED] - Delayed 2 second(s)

2021-02-22 16:08:51 - [MESSAGE][PASSED] - Object: 'Object Repository/ProAcc_Login/button_Sign In' is clicked on

2021-02-22 16:08:54 - [MESSAGE][PASSED] - Delayed 3 second(s)

2021-02-22 16:08:54 - [MESSAGE][PASSED] - Run with 'testRunner.Login_Runner' was passed]]></system-out>
         <system-err><![CDATA[]]></system-err>
      </testcase>
      <testcase name="Test Cases/Tc_ProAcc_Admin/Tc_Customer" time="14.987" classname="Test Cases/Tc_ProAcc_Admin/Tc_Customer" status="PASSED">
         <system-out><![CDATA[2021-02-22 16:08:54 - [TEST_CASE][PASSED] - Test Cases/Tc_ProAcc_Admin/Tc_Customer: Test Cases/Tc_ProAcc_Admin/Tc_Customer

2021-02-22 16:08:54 - [TEST_STEP][PASSED] - runWithCucumberRunner(testRunner.Customer_Runner): Run with 'testRunner.Customer_Runner' was passed

2021-02-22 16:08:57 - [MESSAGE][PASSED] - Object: 'Object Repository/ProAcc_Admin/ProAcc_Customer/span_Configuration' is clicked on

2021-02-22 16:08:58 - [MESSAGE][PASSED] - Object: 'Object Repository/ProAcc_Admin/ProAcc_Customer/a_Customer' is clicked on

2021-02-22 16:09:00 - [MESSAGE][PASSED] - Delayed 2 second(s)

2021-02-22 16:09:01 - [MESSAGE][PASSED] - Object: 'Object Repository/ProAcc_Admin/ProAcc_Customer/button_Add Customer' is clicked on

2021-02-22 16:09:02 - [MESSAGE][PASSED] - Delayed 1 second(s)

2021-02-22 16:09:02 - [MESSAGE][PASSED] - Object: 'Object Repository/ProAcc_Admin/ProAcc_Customer/input_Customer Name_txtCompanyName' is clicked on

2021-02-22 16:09:04 - [MESSAGE][PASSED] - Text 'Cipla Industries' is set on object 'Object Repository/ProAcc_Admin/ProAcc_Customer/input_Customer Name_txtCompanyName'

2021-02-22 16:09:05 - [MESSAGE][PASSED] - All options with label 'Pharmaceuticals' are selected in object 'Object Repository/ProAcc_Admin/ProAcc_Customer/select_Select IndustrySector               _9609f9'  using regular expression

2021-02-22 16:09:06 - [MESSAGE][PASSED] - Text 'sai' is set on object 'Object Repository/ProAcc_Admin/ProAcc_Customer/input_Contact Person_txtContact'

2021-02-22 16:09:07 - [MESSAGE][PASSED] - Text 'Test@promantus.com' is set on object 'Object Repository/ProAcc_Admin/ProAcc_Customer/input_Email_txtCustomerEmail'

2021-02-22 16:09:08 - [MESSAGE][PASSED] - Text '7013955452' is set on object 'Object Repository/ProAcc_Admin/ProAcc_Customer/input_Phone_txtCustomerPhone'

2021-02-22 16:09:09 - [MESSAGE][PASSED] - Object: 'Object Repository/ProAcc_Admin/ProAcc_Customer/button_Save' is clicked on

2021-02-22 16:09:09 - [MESSAGE][PASSED] - Run with 'testRunner.Customer_Runner' was passed]]></system-out>
         <system-err><![CDATA[]]></system-err>
      </testcase>
      <testcase name="Test Cases/Tc_ProAcc_Admin/Tc_User" time="101.211" classname="Test Cases/Tc_ProAcc_Admin/Tc_User" status="PASSED">
         <system-out><![CDATA[2021-02-22 16:09:09 - [TEST_CASE][PASSED] - Test Cases/Tc_ProAcc_Admin/Tc_User: Test Cases/Tc_ProAcc_Admin/Tc_User

2021-02-22 16:09:10 - [TEST_STEP][PASSED] - runWithCucumberRunner(testRunner.Users_Runner): Run with 'testRunner.Users_Runner' was passed

2021-02-22 16:09:17 - [MESSAGE][PASSED] - Object: 'Object Repository/ProAcc_Admin/ProAcc_Users/usersetting' is clicked on

2021-02-22 16:09:19 - [MESSAGE][PASSED] - Object: 'Object Repository/ProAcc_Admin/ProAcc_Users/click_user' is clicked on

2021-02-22 16:09:20 - [MESSAGE][PASSED] - Delayed 1 second(s)

2021-02-22 16:09:21 - [MESSAGE][PASSED] - Delayed 1 second(s)

2021-02-22 16:09:21 - [MESSAGE][PASSED] - Object: 'Object Repository/ProAcc_Admin/ProAcc_Users/adduser' is clicked on

2021-02-22 16:09:23 - [MESSAGE][PASSED] - Text 'TestAdmin' is set on object 'Object Repository/ProAcc_Admin/ProAcc_Users/name'

2021-02-22 16:09:24 - [MESSAGE][PASSED] - Delayed 1 second(s)

2021-02-22 16:09:25 - [MESSAGE][PASSED] - Text 'TestAdmin' is set on object 'Object Repository/ProAcc_Admin/ProAcc_Users/loginid'

2021-02-22 16:09:26 - [MESSAGE][PASSED] - Delayed 1 second(s)

2021-02-22 16:09:26 - [MESSAGE][PASSED] - Text 'a12345@' is set on object 'Object Repository/ProAcc_Admin/ProAcc_Users/password'

2021-02-22 16:09:27 - [MESSAGE][PASSED] - Delayed 1 second(s)

2021-02-22 16:09:28 - [MESSAGE][PASSED] - Text 'a12345@' is set on object 'Object Repository/ProAcc_Admin/ProAcc_Users/confirmpassword'

2021-02-22 16:09:29 - [MESSAGE][PASSED] - Delayed 1 second(s)

2021-02-22 16:09:30 - [MESSAGE][PASSED] - Text '7013955452' is set on object 'Object Repository/ProAcc_Admin/ProAcc_Users/phone'

2021-02-22 16:09:31 - [MESSAGE][PASSED] - Delayed 1 second(s)

2021-02-22 16:09:32 - [MESSAGE][PASSED] - Text 'Test@promantus.com' is set on object 'Object Repository/ProAcc_Admin/ProAcc_Users/email'

2021-02-22 16:09:33 - [MESSAGE][PASSED] - Delayed 1 second(s)

2021-02-22 16:09:34 - [MESSAGE][PASSED] - All options with label 'Admin' are selected in object 'Object Repository/ProAcc_Admin/ProAcc_Users/usertypedrp'  using regular expression

2021-02-22 16:09:36 - [MESSAGE][PASSED] - Delayed 2 second(s)

2021-02-22 16:09:38 - [MESSAGE][PASSED] - Delayed 2 second(s)

2021-02-22 16:09:39 - [MESSAGE][PASSED] - Object: 'Object Repository/ProAcc_Admin/ProAcc_Users/btn_save' is clicked on

2021-02-22 16:09:41 - [MESSAGE][PASSED] - Delayed 2 second(s)

2021-02-22 16:09:41 - [MESSAGE][PASSED] - Object: 'Object Repository/ProAcc_Admin/ProAcc_Users/adduser' is clicked on

2021-02-22 16:09:47 - [MESSAGE][PASSED] - Text 'TestPM' is set on object 'Object Repository/ProAcc_Admin/ProAcc_Users/name'

2021-02-22 16:09:48 - [MESSAGE][PASSED] - Delayed 1 second(s)

2021-02-22 16:09:48 - [MESSAGE][PASSED] - Text 'TestPM' is set on object 'Object Repository/ProAcc_Admin/ProAcc_Users/loginid'

2021-02-22 16:09:49 - [MESSAGE][PASSED] - Delayed 1 second(s)

2021-02-22 16:09:50 - [MESSAGE][PASSED] - Text 'a12345@' is set on object 'Object Repository/ProAcc_Admin/ProAcc_Users/password'

2021-02-22 16:09:51 - [MESSAGE][PASSED] - Delayed 1 second(s)

2021-02-22 16:09:52 - [MESSAGE][PASSED] - Text 'a12345@' is set on object 'Object Repository/ProAcc_Admin/ProAcc_Users/confirmpassword'

2021-02-22 16:09:53 - [MESSAGE][PASSED] - Delayed 1 second(s)

2021-02-22 16:09:54 - [MESSAGE][PASSED] - Text '7013955452' is set on object 'Object Repository/ProAcc_Admin/ProAcc_Users/phone'

2021-02-22 16:09:55 - [MESSAGE][PASSED] - Delayed 1 second(s)

2021-02-22 16:09:56 - [MESSAGE][PASSED] - Text 'Test@promantus.com' is set on object 'Object Repository/ProAcc_Admin/ProAcc_Users/email'

2021-02-22 16:09:57 - [MESSAGE][PASSED] - Delayed 1 second(s)

2021-02-22 16:09:58 - [MESSAGE][PASSED] - All options with label 'Project Manager' are selected in object 'Object Repository/ProAcc_Admin/ProAcc_Users/usertypedrp'  using regular expression

2021-02-22 16:10:00 - [MESSAGE][PASSED] - Delayed 2 second(s)

2021-02-22 16:10:02 - [MESSAGE][PASSED] - Delayed 2 second(s)

2021-02-22 16:10:03 - [MESSAGE][PASSED] - Object: 'Object Repository/ProAcc_Admin/ProAcc_Users/btn_save' is clicked on

2021-02-22 16:10:05 - [MESSAGE][PASSED] - Delayed 2 second(s)

2021-02-22 16:10:05 - [MESSAGE][PASSED] - Object: 'Object Repository/ProAcc_Admin/ProAcc_Users/adduser' is clicked on

2021-02-22 16:10:07 - [MESSAGE][PASSED] - Text 'TestConsultant' is set on object 'Object Repository/ProAcc_Admin/ProAcc_Users/name'

2021-02-22 16:10:08 - [MESSAGE][PASSED] - Delayed 1 second(s)

2021-02-22 16:10:08 - [MESSAGE][PASSED] - Text 'TestConsultant' is set on object 'Object Repository/ProAcc_Admin/ProAcc_Users/loginid'

2021-02-22 16:10:10 - [MESSAGE][PASSED] - Delayed 1 second(s)

2021-02-22 16:10:10 - [MESSAGE][PASSED] - Text 'a12345@' is set on object 'Object Repository/ProAcc_Admin/ProAcc_Users/password'

2021-02-22 16:10:11 - [MESSAGE][PASSED] - Delayed 1 second(s)

2021-02-22 16:10:12 - [MESSAGE][PASSED] - Text 'a12345@' is set on object 'Object Repository/ProAcc_Admin/ProAcc_Users/confirmpassword'

2021-02-22 16:10:13 - [MESSAGE][PASSED] - Delayed 1 second(s)

2021-02-22 16:10:14 - [MESSAGE][PASSED] - Text '7013955452' is set on object 'Object Repository/ProAcc_Admin/ProAcc_Users/phone'

2021-02-22 16:10:15 - [MESSAGE][PASSED] - Delayed 1 second(s)

2021-02-22 16:10:16 - [MESSAGE][PASSED] - Text 'Test@promantus.com' is set on object 'Object Repository/ProAcc_Admin/ProAcc_Users/email'

2021-02-22 16:10:17 - [MESSAGE][PASSED] - Delayed 1 second(s)

2021-02-22 16:10:18 - [MESSAGE][PASSED] - All options with label 'Consultant' are selected in object 'Object Repository/ProAcc_Admin/ProAcc_Users/usertypedrp'  using regular expression

2021-02-22 16:10:20 - [MESSAGE][PASSED] - Delayed 2 second(s)

2021-02-22 16:10:21 - [MESSAGE][PASSED] - All options with label 'Functional Consultant' are selected in object 'Object Repository/ProAcc_Admin/ProAcc_Users/roledrp'  using regular expression

2021-02-22 16:10:22 - [MESSAGE][PASSED] - Delayed 1 second(s)

2021-02-22 16:10:24 - [MESSAGE][PASSED] - Delayed 2 second(s)

2021-02-22 16:10:25 - [MESSAGE][PASSED] - Object: 'Object Repository/ProAcc_Admin/ProAcc_Users/btn_save' is clicked on

2021-02-22 16:10:27 - [MESSAGE][PASSED] - Delayed 2 second(s)

2021-02-22 16:10:27 - [MESSAGE][PASSED] - Object: 'Object Repository/ProAcc_Admin/ProAcc_Users/adduser' is clicked on

2021-02-22 16:10:29 - [MESSAGE][PASSED] - Text 'TestCustomer' is set on object 'Object Repository/ProAcc_Admin/ProAcc_Users/name'

2021-02-22 16:10:30 - [MESSAGE][PASSED] - Delayed 1 second(s)

2021-02-22 16:10:31 - [MESSAGE][PASSED] - Text 'TestCustomer' is set on object 'Object Repository/ProAcc_Admin/ProAcc_Users/loginid'

2021-02-22 16:10:32 - [MESSAGE][PASSED] - Delayed 1 second(s)

2021-02-22 16:10:33 - [MESSAGE][PASSED] - Text 'a12345@' is set on object 'Object Repository/ProAcc_Admin/ProAcc_Users/password'

2021-02-22 16:10:34 - [MESSAGE][PASSED] - Delayed 1 second(s)

2021-02-22 16:10:34 - [MESSAGE][PASSED] - Text 'a12345@' is set on object 'Object Repository/ProAcc_Admin/ProAcc_Users/confirmpassword'

2021-02-22 16:10:35 - [MESSAGE][PASSED] - Delayed 1 second(s)

2021-02-22 16:10:36 - [MESSAGE][PASSED] - Text '7013955452' is set on object 'Object Repository/ProAcc_Admin/ProAcc_Users/phone'

2021-02-22 16:10:37 - [MESSAGE][PASSED] - Delayed 1 second(s)

2021-02-22 16:10:38 - [MESSAGE][PASSED] - Text 'Test@promantus.com' is set on object 'Object Repository/ProAcc_Admin/ProAcc_Users/email'

2021-02-22 16:10:39 - [MESSAGE][PASSED] - Delayed 1 second(s)

2021-02-22 16:10:40 - [MESSAGE][PASSED] - All options with label 'Customer' are selected in object 'Object Repository/ProAcc_Admin/ProAcc_Users/usertypedrp'  using regular expression

2021-02-22 16:10:42 - [MESSAGE][PASSED] - Delayed 2 second(s)

2021-02-22 16:10:44 - [MESSAGE][PASSED] - All options with label 'Functional Consultant' are selected in object 'Object Repository/ProAcc_Admin/ProAcc_Users/roledrp'  using regular expression

2021-02-22 16:10:45 - [MESSAGE][PASSED] - All options with label 'Cipla Industries' are selected in object 'Object Repository/ProAcc_Admin/ProAcc_Users/customerdrp'  using regular expression

2021-02-22 16:10:47 - [MESSAGE][PASSED] - Delayed 2 second(s)

2021-02-22 16:10:47 - [MESSAGE][PASSED] - Object: 'Object Repository/ProAcc_Admin/ProAcc_Users/btn_save' is clicked on

2021-02-22 16:10:49 - [MESSAGE][PASSED] - Delayed 2 second(s)

2021-02-22 16:10:50 - [MESSAGE][PASSED] - Delayed 1 second(s)

2021-02-22 16:10:50 - [MESSAGE][PASSED] - Run with 'testRunner.Users_Runner' was passed]]></system-out>
         <system-err><![CDATA[]]></system-err>
      </testcase>
      <testcase name="Test Cases/Tc_ProAcc_Admin/Tc_Projects" time="23.034" classname="Test Cases/Tc_ProAcc_Admin/Tc_Projects" status="PASSED">
         <system-out><![CDATA[2021-02-22 16:10:50 - [TEST_CASE][PASSED] - Test Cases/Tc_ProAcc_Admin/Tc_Projects: Test Cases/Tc_ProAcc_Admin/Tc_Projects

2021-02-22 16:10:51 - [TEST_STEP][PASSED] - runWithCucumberRunner(testRunner.Project_Runner): Run with 'testRunner.Project_Runner' was passed

2021-02-22 16:10:53 - [MESSAGE][PASSED] - Object: 'Object Repository/ProAcc_Admin/ProAcc_Project/click_config' is clicked on

2021-02-22 16:10:55 - [MESSAGE][PASSED] - Delayed 2 second(s)

2021-02-22 16:10:55 - [MESSAGE][PASSED] - Object: 'Object Repository/ProAcc_Admin/ProAcc_Project/click_AddnewPrj' is clicked on

2021-02-22 16:10:57 - [MESSAGE][PASSED] - Delayed 2 second(s)

2021-02-22 16:10:58 - [MESSAGE][PASSED] - Text 'TestProject' is set on object 'Object Repository/ProAcc_Admin/ProAcc_Project/btn_prjname'

2021-02-22 16:11:00 - [MESSAGE][PASSED] - Delayed 2 second(s)

2021-02-22 16:11:01 - [MESSAGE][PASSED] - All options with label 'TestPM' are selected in object 'Object Repository/ProAcc_Admin/ProAcc_Project/drp_prjmanager'  using regular expression

2021-02-22 16:11:03 - [MESSAGE][PASSED] - Delayed 2 second(s)

2021-02-22 16:11:05 - [MESSAGE][PASSED] - All options with label 'Cipla Industries' are selected in object 'Object Repository/ProAcc_Admin/ProAcc_Project/drp_customer'  using regular expression

2021-02-22 16:11:07 - [MESSAGE][PASSED] - Delayed 2 second(s)

2021-02-22 16:11:08 - [MESSAGE][PASSED] - All options with label 'MERGE' are selected in object 'Object Repository/ProAcc_Admin/ProAcc_Project/drp_scenario'  using regular expression

2021-02-22 16:11:10 - [MESSAGE][PASSED] - Delayed 2 second(s)

2021-02-22 16:11:11 - [MESSAGE][PASSED] - Text 'Pro acc Inprogress' is set on object 'Object Repository/ProAcc_Admin/ProAcc_Project/txt_description'

2021-02-22 16:11:13 - [MESSAGE][PASSED] - Delayed 2 second(s)

2021-02-22 16:11:13 - [MESSAGE][PASSED] - Object: 'Object Repository/ProAcc_Admin/ProAcc_Project/btn_save' is clicked on

2021-02-22 16:11:13 - [MESSAGE][PASSED] - Run with 'testRunner.Project_Runner' was passed]]></system-out>
         <system-err><![CDATA[]]></system-err>
      </testcase>
      <testcase name="Test Cases/Tc_ProAcc_Admin/Tc_Instance" time="7.399" classname="Test Cases/Tc_ProAcc_Admin/Tc_Instance" status="PASSED">
         <system-out><![CDATA[2021-02-22 16:11:13 - [TEST_CASE][PASSED] - Test Cases/Tc_ProAcc_Admin/Tc_Instance: Test Cases/Tc_ProAcc_Admin/Tc_Instance

2021-02-22 16:11:14 - [TEST_STEP][PASSED] - runWithCucumberRunner(testRunner.Instance_Runner): Run with 'testRunner.Instance_Runner' was passed

2021-02-22 16:11:16 - [MESSAGE][PASSED] - Object: 'Object Repository/ProAcc_Admin/ProAcc_Instance/Config_Btn' is clicked on

2021-02-22 16:11:17 - [MESSAGE][PASSED] - Object: 'Object Repository/ProAcc_Admin/ProAcc_Instance/AddInstance_Btn' is clicked on

2021-02-22 16:11:18 - [MESSAGE][PASSED] - Text 'TP1' is set on object 'Object Repository/ProAcc_Admin/ProAcc_Instance/InstanceName'

2021-02-22 16:11:19 - [MESSAGE][PASSED] - All options with label 'TestProject' are selected in object 'Object Repository/ProAcc_Admin/ProAcc_Instance/PrjName'  using regular expression

2021-02-22 16:11:20 - [MESSAGE][PASSED] - Text 'Testing Analysis' is set on object 'Object Repository/ProAcc_Admin/ProAcc_Instance/Description_Instance'

2021-02-22 16:11:21 - [MESSAGE][PASSED] - Object: 'Object Repository/ProAcc_Admin/ProAcc_Instance/BtnInstanceCreate' is clicked on

2021-02-22 16:11:21 - [MESSAGE][PASSED] - Run with 'testRunner.Instance_Runner' was passed]]></system-out>
         <system-err><![CDATA[]]></system-err>
      </testcase>
      <testcase name="Test Cases/Tc_ProAcc_Admin/Tc_PmTask" time="11.26" classname="Test Cases/Tc_ProAcc_Admin/Tc_PmTask" status="PASSED">
         <system-out><![CDATA[2021-02-22 16:11:21 - [TEST_CASE][PASSED] - Test Cases/Tc_ProAcc_Admin/Tc_PmTask: Test Cases/Tc_ProAcc_Admin/Tc_PmTask

2021-02-22 16:11:21 - [TEST_STEP][PASSED] - runWithCucumberRunner(testRunner.PmTask_Runner): Run with 'testRunner.PmTask_Runner' was passed

2021-02-22 16:11:23 - [MESSAGE][PASSED] - Object: 'Object Repository/ProAcc_Admin/Pm-Task/a_PM-Task' is clicked on

2021-02-22 16:11:24 - [MESSAGE][PASSED] - Object: 'Object Repository/ProAcc_Admin/Pm-Task/button_Add New PM Task' is clicked on

2021-02-22 16:11:26 - [MESSAGE][PASSED] - Delayed 2 second(s)

2021-02-22 16:11:26 - [MESSAGE][PASSED] - Object: 'Object Repository/ProAcc_Admin/Pm-Task/Select Task' is clicked on

2021-02-22 16:11:27 - [MESSAGE][PASSED] - Text 'Plan Project' is set on object 'Object Repository/ProAcc_Admin/Pm-Task/TaskCategory'

2021-02-22 16:11:28 - [MESSAGE][PASSED] - Keys 'CONTROL + ENTER + ' sent to object: 'Object Repository/ProAcc_Admin/Pm-Task/TaskCategory'

2021-02-22 16:11:28 - [MESSAGE][PASSED] - Text 'Task is going to be completed' is set on object 'Object Repository/ProAcc_Admin/Pm-Task/textarea__TaskName'

2021-02-22 16:11:30 - [MESSAGE][PASSED] - Delayed 2 second(s)

2021-02-22 16:11:31 - [MESSAGE][PASSED] - Text '11:00:00 AM' is set on object 'Object Repository/ProAcc_Admin/Pm-Task/input__ESTDHours'

2021-02-22 16:11:32 - [MESSAGE][PASSED] - Object: 'Object Repository/ProAcc_Admin/Pm-Task/button_Save' is clicked on

2021-02-22 16:11:32 - [MESSAGE][PASSED] - Run with 'testRunner.PmTask_Runner' was passed]]></system-out>
         <system-err><![CDATA[]]></system-err>
      </testcase>
      <testcase name="Test Cases/Tc_ProAcc_Admin/Tc_Activity" time="65.522" classname="Test Cases/Tc_ProAcc_Admin/Tc_Activity" status="PASSED">
         <system-out><![CDATA[2021-02-22 16:11:32 - [TEST_CASE][PASSED] - Test Cases/Tc_ProAcc_Admin/Tc_Activity: Test Cases/Tc_ProAcc_Admin/Tc_Activity

2021-02-22 16:11:32 - [TEST_STEP][PASSED] - runWithCucumberRunner(testRunner.Activity_Runner): Run with 'testRunner.Activity_Runner' was passed

2021-02-22 16:11:34 - [MESSAGE][PASSED] - Object: 'Object Repository/ProAcc_Admin/ProAcc_Activity/a_Activity' is clicked on

2021-02-22 16:11:35 - [MESSAGE][PASSED] - Object: 'Object Repository/ProAcc_Admin/ProAcc_Activity/button_Add Activity' is clicked on

2021-02-22 16:11:37 - [MESSAGE][PASSED] - Delayed 2 second(s)

2021-02-22 16:11:38 - [MESSAGE][PASSED] - Object: 'Object Repository/ProAcc_Admin/ProAcc_Activity/input__txtTask' is clicked on

2021-02-22 16:11:39 - [MESSAGE][PASSED] - Text 'Alexa_Assessment' is set on object 'Object Repository/ProAcc_Admin/ProAcc_Activity/input__txtTask'

2021-02-22 16:11:40 - [MESSAGE][PASSED] - All options with label 'Logistics' are selected in object 'Object Repository/ProAcc_Admin/ProAcc_Activity/Select Application Area'  using regular expression

2021-02-22 16:11:41 - [MESSAGE][PASSED] - All options with label 'Assessment' are selected in object 'Object Repository/ProAcc_Admin/ProAcc_Activity/Select Phase'  using regular expression

2021-02-22 16:11:42 - [MESSAGE][PASSED] - All options with label 'Basis Consultant' are selected in object 'Object Repository/ProAcc_Admin/ProAcc_Activity/Select Role'  using regular expression

2021-02-22 16:11:43 - [MESSAGE][PASSED] - All options with label 'Application Overview' are selected in object 'Object Repository/ProAcc_Admin/ProAcc_Activity/Select Building Block'  using regular expression

2021-02-22 16:11:44 - [MESSAGE][PASSED] - Text '12:22' is set on object 'Object Repository/ProAcc_Admin/ProAcc_Activity/input__txtEstimated'

2021-02-22 16:11:45 - [MESSAGE][PASSED] - All options with label 'Sequential' are selected in object 'Object Repository/ProAcc_Admin/ProAcc_Activity/Select Task Type'  using regular expression

2021-02-22 16:11:47 - [MESSAGE][PASSED] - Delayed 2 second(s)

2021-02-22 16:11:48 - [MESSAGE][PASSED] - Object: 'Object Repository/ProAcc_Admin/ProAcc_Activity/button_Save' is clicked on

2021-02-22 16:11:49 - [MESSAGE][PASSED] - Object: 'Object Repository/ProAcc_Admin/ProAcc_Activity/button_Save_1' is clicked on

2021-02-22 16:11:51 - [MESSAGE][PASSED] - Delayed 2 second(s)

2021-02-22 16:11:51 - [MESSAGE][PASSED] - Object: 'Object Repository/ProAcc_Admin/ProAcc_Activity/button_Add Activity' is clicked on

2021-02-22 16:11:53 - [MESSAGE][PASSED] - Delayed 2 second(s)

2021-02-22 16:11:54 - [MESSAGE][PASSED] - Object: 'Object Repository/ProAcc_Admin/ProAcc_Activity/input__txtTask' is clicked on

2021-02-22 16:11:54 - [MESSAGE][PASSED] - Text 'Alexa_Pre' is set on object 'Object Repository/ProAcc_Admin/ProAcc_Activity/input__txtTask'

2021-02-22 16:11:56 - [MESSAGE][PASSED] - All options with label 'Technical - BASIS' are selected in object 'Object Repository/ProAcc_Admin/ProAcc_Activity/Select Application Area'  using regular expression

2021-02-22 16:11:57 - [MESSAGE][PASSED] - All options with label 'Pre Conversion' are selected in object 'Object Repository/ProAcc_Admin/ProAcc_Activity/Select Phase'  using regular expression

2021-02-22 16:11:58 - [MESSAGE][PASSED] - All options with label 'Basis Consultant' are selected in object 'Object Repository/ProAcc_Admin/ProAcc_Activity/Select Role'  using regular expression

2021-02-22 16:11:59 - [MESSAGE][PASSED] - All options with label 'Application Overview' are selected in object 'Object Repository/ProAcc_Admin/ProAcc_Activity/Select Building Block'  using regular expression

2021-02-22 16:12:00 - [MESSAGE][PASSED] - Text '12:22' is set on object 'Object Repository/ProAcc_Admin/ProAcc_Activity/input__txtEstimated'

2021-02-22 16:12:01 - [MESSAGE][PASSED] - All options with label 'Sequential' are selected in object 'Object Repository/ProAcc_Admin/ProAcc_Activity/Select Task Type'  using regular expression

2021-02-22 16:12:03 - [MESSAGE][PASSED] - Delayed 2 second(s)

2021-02-22 16:12:03 - [MESSAGE][PASSED] - Object: 'Object Repository/ProAcc_Admin/ProAcc_Activity/button_Save' is clicked on

2021-02-22 16:12:04 - [MESSAGE][PASSED] - Object: 'Object Repository/ProAcc_Admin/ProAcc_Activity/button_Save_1' is clicked on

2021-02-22 16:12:06 - [MESSAGE][PASSED] - Delayed 2 second(s)

2021-02-22 16:12:07 - [MESSAGE][PASSED] - Object: 'Object Repository/ProAcc_Admin/ProAcc_Activity/button_Add Activity' is clicked on

2021-02-22 16:12:09 - [MESSAGE][PASSED] - Delayed 2 second(s)

2021-02-22 16:12:09 - [MESSAGE][PASSED] - Object: 'Object Repository/ProAcc_Admin/ProAcc_Activity/input__txtTask' is clicked on

2021-02-22 16:12:10 - [MESSAGE][PASSED] - Text 'Alexa_Con' is set on object 'Object Repository/ProAcc_Admin/ProAcc_Activity/input__txtTask'

2021-02-22 16:12:11 - [MESSAGE][PASSED] - All options with label 'Technical - BASIS' are selected in object 'Object Repository/ProAcc_Admin/ProAcc_Activity/Select Application Area'  using regular expression

2021-02-22 16:12:12 - [MESSAGE][PASSED] - All options with label 'Conversion' are selected in object 'Object Repository/ProAcc_Admin/ProAcc_Activity/Select Phase'  using regular expression

2021-02-22 16:12:13 - [MESSAGE][PASSED] - All options with label 'Basis Consultant' are selected in object 'Object Repository/ProAcc_Admin/ProAcc_Activity/Select Role'  using regular expression

2021-02-22 16:12:15 - [MESSAGE][PASSED] - All options with label 'Application Overview' are selected in object 'Object Repository/ProAcc_Admin/ProAcc_Activity/Select Building Block'  using regular expression

2021-02-22 16:12:15 - [MESSAGE][PASSED] - Text '12:22' is set on object 'Object Repository/ProAcc_Admin/ProAcc_Activity/input__txtEstimated'

2021-02-22 16:12:17 - [MESSAGE][PASSED] - All options with label 'Sequential' are selected in object 'Object Repository/ProAcc_Admin/ProAcc_Activity/Select Task Type'  using regular expression

2021-02-22 16:12:19 - [MESSAGE][PASSED] - Delayed 2 second(s)

2021-02-22 16:12:19 - [MESSAGE][PASSED] - Object: 'Object Repository/ProAcc_Admin/ProAcc_Activity/button_Save' is clicked on

2021-02-22 16:12:20 - [MESSAGE][PASSED] - Object: 'Object Repository/ProAcc_Admin/ProAcc_Activity/button_Save_1' is clicked on

2021-02-22 16:12:22 - [MESSAGE][PASSED] - Delayed 2 second(s)

2021-02-22 16:12:22 - [MESSAGE][PASSED] - Object: 'Object Repository/ProAcc_Admin/ProAcc_Activity/button_Add Activity' is clicked on

2021-02-22 16:12:24 - [MESSAGE][PASSED] - Delayed 2 second(s)

2021-02-22 16:12:25 - [MESSAGE][PASSED] - Object: 'Object Repository/ProAcc_Admin/ProAcc_Activity/input__txtTask' is clicked on

2021-02-22 16:12:26 - [MESSAGE][PASSED] - Text 'Alexa_Post' is set on object 'Object Repository/ProAcc_Admin/ProAcc_Activity/input__txtTask'

2021-02-22 16:12:27 - [MESSAGE][PASSED] - All options with label 'Technical - BASIS' are selected in object 'Object Repository/ProAcc_Admin/ProAcc_Activity/Select Application Area'  using regular expression

2021-02-22 16:12:28 - [MESSAGE][PASSED] - All options with label 'Post Conversion' are selected in object 'Object Repository/ProAcc_Admin/ProAcc_Activity/Select Phase'  using regular expression

2021-02-22 16:12:29 - [MESSAGE][PASSED] - All options with label 'Basis Consultant' are selected in object 'Object Repository/ProAcc_Admin/ProAcc_Activity/Select Role'  using regular expression

2021-02-22 16:12:30 - [MESSAGE][PASSED] - All options with label 'Application Overview' are selected in object 'Object Repository/ProAcc_Admin/ProAcc_Activity/Select Building Block'  using regular expression

2021-02-22 16:12:31 - [MESSAGE][PASSED] - Text '12:22' is set on object 'Object Repository/ProAcc_Admin/ProAcc_Activity/input__txtEstimated'

2021-02-22 16:12:32 - [MESSAGE][PASSED] - All options with label 'Sequential' are selected in object 'Object Repository/ProAcc_Admin/ProAcc_Activity/Select Task Type'  using regular expression

2021-02-22 16:12:34 - [MESSAGE][PASSED] - Delayed 2 second(s)

2021-02-22 16:12:35 - [MESSAGE][PASSED] - Object: 'Object Repository/ProAcc_Admin/ProAcc_Activity/button_Save' is clicked on

2021-02-22 16:12:35 - [MESSAGE][PASSED] - Object: 'Object Repository/ProAcc_Admin/ProAcc_Activity/button_Save_1' is clicked on

2021-02-22 16:12:37 - [MESSAGE][PASSED] - Delayed 2 second(s)

2021-02-22 16:12:38 - [MESSAGE][PASSED] - Run with 'testRunner.Activity_Runner' was passed]]></system-out>
         <system-err><![CDATA[]]></system-err>
      </testcase>
      <testcase name="Test Cases/Tc_ProAcc_PM/Tc_PmTaskMonitor" time="48.486" classname="Test Cases/Tc_ProAcc_PM/Tc_PmTaskMonitor" status="PASSED">
         <system-out><![CDATA[2021-02-22 16:12:38 - [TEST_CASE][PASSED] - Test Cases/Tc_ProAcc_PM/Tc_PmTaskMonitor: Test Cases/Tc_ProAcc_PM/Tc_PmTaskMonitor

2021-02-22 16:12:38 - [TEST_STEP][PASSED] - runWithCucumberRunner(testRunner.PmTaskMonitor_Runner): Run with 'testRunner.PmTaskMonitor_Runner' was passed

2021-02-22 16:12:39 - [MESSAGE][WARNING] - A browser is already opened. Closing browser and opening a new one

2021-02-22 16:12:40 - [MESSAGE][INFO] - Starting 'Chrome' driver

2021-02-22 16:12:40 - [MESSAGE][INFO] - Action delay is set to 0 milliseconds

2021-02-22 16:12:43 - [MESSAGE][PASSED] - Browser is opened with url: ''

2021-02-22 16:12:43 - [MESSAGE][PASSED] - Current window maximized

2021-02-22 16:12:48 - [MESSAGE][PASSED] - Delayed 5 second(s)

2021-02-22 16:12:49 - [MESSAGE][PASSED] - Navigate to 'http://123.176.34.15:4041/PROACC2QA/' successfully

2021-02-22 16:12:50 - [MESSAGE][PASSED] - Text 'TestPM' is set on object 'Object Repository/ProAcc_Login/input_User Name_Username'

2021-02-22 16:12:52 - [MESSAGE][PASSED] - Delayed 2 second(s)

2021-02-22 16:12:53 - [MESSAGE][PASSED] - Text 'a12345@' is set on object 'Object Repository/ProAcc_Login/input_Password_Password'

2021-02-22 16:12:55 - [MESSAGE][PASSED] - Object: 'Object Repository/ProAcc_Login/button_Sign In' is clicked on

2021-02-22 16:12:56 - [MESSAGE][PASSED] - Object: 'Object Repository/ProAcc_Pm/ProAcc_PmTaskMonitor/span_PM' is clicked on

2021-02-22 16:12:57 - [MESSAGE][PASSED] - Object: 'Object Repository/ProAcc_Pm/ProAcc_PmTaskMonitor/a_Click' is clicked on

2021-02-22 16:12:58 - [MESSAGE][PASSED] - All options with label 'TestProject' are selected in object 'Object Repository/ProAcc_Pm/ProAcc_PmTaskMonitor/select_Select Project'  using regular expression

2021-02-22 16:12:59 - [MESSAGE][PASSED] - Object: 'Object Repository/ProAcc_Pm/ProAcc_ResourceAllocation/Pull_Data_Btn' is clicked on

2021-02-22 16:13:01 - [MESSAGE][PASSED] - Object: 'Object Repository/ProAcc_Pm/ProAcc_PmTaskMonitor/i_Yet To Start_EditPMtask' is clicked on

2021-02-22 16:13:02 - [MESSAGE][PASSED] - Text '2:00' is set on object 'Object Repository/ProAcc_Pm/ProAcc_PmTaskMonitor/input_Actual Hours HHMM_txtAct'

2021-02-22 16:13:03 - [MESSAGE][PASSED] - All options with value '1' are selected in object 'Object Repository/ProAcc_Pm/ProAcc_PmTaskMonitor/select_CompletedWork In ProgressNot Applica_e58779'  using regular expression

2021-02-22 16:13:03 - [MESSAGE][PASSED] - Text 'Test' is set on object 'Object Repository/ProAcc_Pm/ProAcc_PmTaskMonitor/input_Comments_txtPMTaskComments'

2021-02-22 16:13:04 - [MESSAGE][PASSED] - Object: 'Object Repository/ProAcc_Pm/ProAcc_PmTaskMonitor/Save' is clicked on

2021-02-22 16:13:05 - [MESSAGE][PASSED] - Object: 'Object Repository/ProAcc_Pm/ProAcc_PmTaskMonitor/i_Yet To Start_EditPMtask' is clicked on

2021-02-22 16:13:06 - [MESSAGE][PASSED] - Text '2:00' is set on object 'Object Repository/ProAcc_Pm/ProAcc_PmTaskMonitor/input_Actual Hours HHMM_txtAct'

2021-02-22 16:13:07 - [MESSAGE][PASSED] - All options with value '1' are selected in object 'Object Repository/ProAcc_Pm/ProAcc_PmTaskMonitor/select_CompletedWork In ProgressNot Applica_e58779'  using regular expression

2021-02-22 16:13:07 - [MESSAGE][PASSED] - Text 'Test' is set on object 'Object Repository/ProAcc_Pm/ProAcc_PmTaskMonitor/input_Comments_txtPMTaskComments'

2021-02-22 16:13:08 - [MESSAGE][PASSED] - Object: 'Object Repository/ProAcc_Pm/ProAcc_PmTaskMonitor/Save' is clicked on

2021-02-22 16:13:09 - [MESSAGE][PASSED] - Object: 'Object Repository/ProAcc_Pm/ProAcc_PmTaskMonitor/i_Yet To Start_EditPMtask' is clicked on

2021-02-22 16:13:10 - [MESSAGE][PASSED] - Text '2:00' is set on object 'Object Repository/ProAcc_Pm/ProAcc_PmTaskMonitor/input_Actual Hours HHMM_txtAct'

2021-02-22 16:13:11 - [MESSAGE][PASSED] - All options with value '1' are selected in object 'Object Repository/ProAcc_Pm/ProAcc_PmTaskMonitor/select_CompletedWork In ProgressNot Applica_e58779'  using regular expression

2021-02-22 16:13:12 - [MESSAGE][PASSED] - Text 'Test' is set on object 'Object Repository/ProAcc_Pm/ProAcc_PmTaskMonitor/input_Comments_txtPMTaskComments'

2021-02-22 16:13:12 - [MESSAGE][PASSED] - Object: 'Object Repository/ProAcc_Pm/ProAcc_PmTaskMonitor/Save' is clicked on

2021-02-22 16:13:14 - [MESSAGE][PASSED] - Object: 'Object Repository/ProAcc_Pm/ProAcc_PmTaskMonitor/i_Yet To Start_EditPMtask' is clicked on

2021-02-22 16:13:15 - [MESSAGE][PASSED] - Text '2:00' is set on object 'Object Repository/ProAcc_Pm/ProAcc_PmTaskMonitor/input_Actual Hours HHMM_txtAct'

2021-02-22 16:13:16 - [MESSAGE][PASSED] - All options with value '1' are selected in object 'Object Repository/ProAcc_Pm/ProAcc_PmTaskMonitor/select_CompletedWork In ProgressNot Applica_e58779'  using regular expression

2021-02-22 16:13:17 - [MESSAGE][PASSED] - Text 'Test' is set on object 'Object Repository/ProAcc_Pm/ProAcc_PmTaskMonitor/input_Comments_txtPMTaskComments'

2021-02-22 16:13:17 - [MESSAGE][PASSED] - Object: 'Object Repository/ProAcc_Pm/ProAcc_PmTaskMonitor/Save' is clicked on

2021-02-22 16:13:18 - [MESSAGE][PASSED] - Object: 'Object Repository/ProAcc_Pm/ProAcc_PmTaskMonitor/i_Yet To Start_EditPMtask' is clicked on

2021-02-22 16:13:19 - [MESSAGE][PASSED] - Text '2:00' is set on object 'Object Repository/ProAcc_Pm/ProAcc_PmTaskMonitor/input_Actual Hours HHMM_txtAct'

2021-02-22 16:13:20 - [MESSAGE][PASSED] - All options with value '1' are selected in object 'Object Repository/ProAcc_Pm/ProAcc_PmTaskMonitor/select_CompletedWork In ProgressNot Applica_e58779'  using regular expression

2021-02-22 16:13:21 - [MESSAGE][PASSED] - Text 'Test' is set on object 'Object Repository/ProAcc_Pm/ProAcc_PmTaskMonitor/input_Comments_txtPMTaskComments'

2021-02-22 16:13:22 - [MESSAGE][PASSED] - Object: 'Object Repository/ProAcc_Pm/ProAcc_PmTaskMonitor/Save' is clicked on

2021-02-22 16:13:23 - [MESSAGE][PASSED] - Object: 'Object Repository/ProAcc_Pm/ProAcc_PmTaskMonitor/i_Yet To Start_EditPMtask' is clicked on

2021-02-22 16:13:24 - [MESSAGE][PASSED] - Text '2:00' is set on object 'Object Repository/ProAcc_Pm/ProAcc_PmTaskMonitor/input_Actual Hours HHMM_txtAct'

2021-02-22 16:13:25 - [MESSAGE][PASSED] - All options with value '1' are selected in object 'Object Repository/ProAcc_Pm/ProAcc_PmTaskMonitor/select_CompletedWork In ProgressNot Applica_e58779'  using regular expression

2021-02-22 16:13:26 - [MESSAGE][PASSED] - Text 'Test' is set on object 'Object Repository/ProAcc_Pm/ProAcc_PmTaskMonitor/input_Comments_txtPMTaskComments'

2021-02-22 16:13:26 - [MESSAGE][PASSED] - Object: 'Object Repository/ProAcc_Pm/ProAcc_PmTaskMonitor/Save' is clicked on

2021-02-22 16:13:26 - [MESSAGE][PASSED] - Run with 'testRunner.PmTaskMonitor_Runner' was passed]]></system-out>
         <system-err><![CDATA[]]></system-err>
      </testcase>
      <testcase name="Test Cases/Tc_ProAcc_PM/Tc_PmFileUpload" time="18.851" classname="Test Cases/Tc_ProAcc_PM/Tc_PmFileUpload" status="PASSED">
         <system-out><![CDATA[2021-02-22 16:13:26 - [TEST_CASE][PASSED] - Test Cases/Tc_ProAcc_PM/Tc_PmFileUpload: Test Cases/Tc_ProAcc_PM/Tc_PmFileUpload

2021-02-22 16:13:27 - [TEST_STEP][PASSED] - runWithCucumberRunner(testRunner.PmFileUpload_Runner): Run with 'testRunner.PmFileUpload_Runner' was passed

2021-02-22 16:13:29 - [MESSAGE][PASSED] - Object: 'Object Repository/ProAcc_Pm/PmFileUpload/PmFileUpload_Click' is clicked on

2021-02-22 16:13:31 - [MESSAGE][PASSED] - All options with label 'TestProject' are selected in object 'Object Repository/ProAcc_Pm/PmFileUpload/Select Project'  using regular expression

2021-02-22 16:13:33 - [MESSAGE][PASSED] - Delayed 2 second(s)

2021-02-22 16:13:34 - [MESSAGE][PASSED] - All options with label 'TP1' are selected in object 'Object Repository/ProAcc_Pm/PmFileUpload/Select Instance'  using regular expression

2021-02-22 16:13:36 - [MESSAGE][PASSED] - Delayed 2 second(s)

2021-02-22 16:13:36 - [MESSAGE][PASSED] - File 'C:/Users/Group10/Desktop/ProAcc_Test/ProAcc_Test_New/Include/ProAcc_InputFile/SAP Readiness Check.pdf' sent to object: 'Object Repository/ProAcc_Pm/PmFileUpload/Comprehensive_Choose File'

2021-02-22 16:13:37 - [MESSAGE][PASSED] - File 'C:/Users/Group10/Desktop/ProAcc_Test/ProAcc_Test_New/Include/ProAcc_InputFile/SAP Readiness Check.pdf' sent to object: 'Object Repository/ProAcc_Pm/PmFileUpload/CustomCode_File'

2021-02-22 16:13:37 - [MESSAGE][PASSED] - File 'C:/Users/Group10/Desktop/ProAcc_Test/ProAcc_Test_New/Include/ProAcc_InputFile/SAP Readiness Check.pdf' sent to object: 'Object Repository/ProAcc_Pm/PmFileUpload/Landscape_File'

2021-02-22 16:13:37 - [MESSAGE][PASSED] - File 'C:/Users/Group10/Desktop/ProAcc_Test/ProAcc_Test_New/Include/ProAcc_InputFile/SAP Readiness Check.pdf' sent to object: 'Object Repository/ProAcc_Pm/PmFileUpload/License_File'

2021-02-22 16:13:39 - [MESSAGE][PASSED] - Delayed 2 second(s)

2021-02-22 16:13:40 - [MESSAGE][PASSED] - Object: 'Object Repository/ProAcc_Pm/PmFileUpload/Add_update_Button' is clicked on

2021-02-22 16:13:45 - [MESSAGE][PASSED] - Delayed 5 second(s)

2021-02-22 16:13:45 - [MESSAGE][PASSED] - Run with 'testRunner.PmFileUpload_Runner' was passed]]></system-out>
         <system-err><![CDATA[]]></system-err>
      </testcase>
      <testcase name="Test Cases/Tc_ProAcc_PM/Tc_ResourceAllocation" time="38.319" classname="Test Cases/Tc_ProAcc_PM/Tc_ResourceAllocation" status="PASSED">
         <system-out><![CDATA[2021-02-22 16:13:45 - [TEST_CASE][PASSED] - Test Cases/Tc_ProAcc_PM/Tc_ResourceAllocation: Test Cases/Tc_ProAcc_PM/Tc_ResourceAllocation

2021-02-22 16:13:45 - [TEST_STEP][PASSED] - runWithCucumberRunner(testRunner.ResourceAllocation_pm_Runner): Run with 'testRunner.ResourceAllocation_pm_Runner' was passed

2021-02-22 16:13:47 - [MESSAGE][WARNING] - A browser is already opened. Closing browser and opening a new one

2021-02-22 16:13:48 - [MESSAGE][INFO] - Starting 'Chrome' driver

2021-02-22 16:13:48 - [MESSAGE][INFO] - Action delay is set to 0 milliseconds

2021-02-22 16:13:51 - [MESSAGE][PASSED] - Browser is opened with url: ''

2021-02-22 16:13:51 - [MESSAGE][PASSED] - Current window maximized

2021-02-22 16:13:56 - [MESSAGE][PASSED] - Delayed 5 second(s)

2021-02-22 16:13:57 - [MESSAGE][PASSED] - Navigate to 'http://123.176.34.15:4041/PROACC2QA/' successfully

2021-02-22 16:13:57 - [MESSAGE][PASSED] - Text 'TestPM' is set on object 'Object Repository/ProAcc_Login/input_User Name_Username'

2021-02-22 16:13:59 - [MESSAGE][PASSED] - Delayed 2 second(s)

2021-02-22 16:14:00 - [MESSAGE][PASSED] - Text 'a12345@' is set on object 'Object Repository/ProAcc_Login/input_Password_Password'

2021-02-22 16:14:02 - [MESSAGE][PASSED] - Object: 'Object Repository/ProAcc_Login/button_Sign In' is clicked on

2021-02-22 16:14:03 - [MESSAGE][PASSED] - Object: 'Object Repository/ProAcc_Pm/ProAcc_ResourceAllocation/span_Task Monitoring' is clicked on

2021-02-22 16:14:05 - [MESSAGE][PASSED] - Object: 'Object Repository/ProAcc_Pm/ProAcc_ResourceAllocation/a_Click' is clicked on

2021-02-22 16:14:07 - [MESSAGE][PASSED] - Delayed 2 second(s)

2021-02-22 16:14:07 - [MESSAGE][PASSED] - Object: 'Object Repository/ProAcc_Pm/ProAcc_ResourceAllocation/Select_Project' is clicked on

2021-02-22 16:14:08 - [MESSAGE][PASSED] - All options with label 'TestProject' are selected in object 'Object Repository/ProAcc_Pm/ProAcc_ResourceAllocation/Select_Project'  using regular expression

2021-02-22 16:14:10 - [MESSAGE][PASSED] - All options with label 'TP1' are selected in object 'Object Repository/ProAcc_Pm/ProAcc_ResourceAllocation/Select Instance'  using regular expression

2021-02-22 16:14:10 - [MESSAGE][PASSED] - Object: 'Object Repository/ProAcc_Pm/ProAcc_ResourceAllocation/Pull_Data_Btn' is clicked on

2021-02-22 16:14:11 - [MESSAGE][PASSED] - Object: 'Object Repository/ProAcc_Pm/ProAcc_ResourceAllocation/button_Bulk Allocation' is clicked on

2021-02-22 16:14:12 - [MESSAGE][PASSED] - Object: 'Object Repository/ProAcc_Pm/ProAcc_ResourceAllocation/BulkBtn_Cancel' is clicked on

2021-02-22 16:14:13 - [MESSAGE][PASSED] - Object: 'Object Repository/ProAcc_Pm/ProAcc_ResourceAllocation/button_Bulk Allocation' is clicked on

2021-02-22 16:14:14 - [MESSAGE][PASSED] - Text of object '' is: 'Basis Consultant'

2021-02-22 16:14:15 - [MESSAGE][PASSED] - All options with label 'Basis Consultant' are selected in object 'Object Repository/ProAcc_Pm/ProAcc_ResourceAllocation/Select RoleBasis'  using regular expression

2021-02-22 16:14:15 - [MESSAGE][PASSED] - Text of object '' is: 'Seena '

2021-02-22 16:14:16 - [MESSAGE][PASSED] - All options with label 'Seena ' are selected in object 'Object Repository/ProAcc_Pm/ProAcc_ResourceAllocation/Select Ownercon'  using regular expression

2021-02-22 16:14:17 - [MESSAGE][PASSED] - Object: 'Object Repository/ProAcc_Pm/ProAcc_ResourceAllocation/button_Save' is clicked on

2021-02-22 16:14:19 - [MESSAGE][PASSED] - Object: 'Object Repository/ProAcc_Pm/ProAcc_ResourceAllocation/button_Bulk Allocation' is clicked on

2021-02-22 16:14:20 - [MESSAGE][PASSED] - Text of object '' is: 'Functional Consultant'

2021-02-22 16:14:21 - [MESSAGE][PASSED] - All options with label 'Functional Consultant' are selected in object 'Object Repository/ProAcc_Pm/ProAcc_ResourceAllocation/Select RoleBasis'  using regular expression

2021-02-22 16:14:22 - [MESSAGE][PASSED] - Text of object '' is: 'Akhil '

2021-02-22 16:14:23 - [MESSAGE][PASSED] - All options with label 'Akhil ' are selected in object 'Object Repository/ProAcc_Pm/ProAcc_ResourceAllocation/Select Ownercon'  using regular expression

2021-02-22 16:14:23 - [MESSAGE][PASSED] - Object: 'Object Repository/ProAcc_Pm/ProAcc_ResourceAllocation/button_Save' is clicked on

2021-02-22 16:14:23 - [MESSAGE][PASSED] - Run with 'testRunner.ResourceAllocation_pm_Runner' was passed]]></system-out>
         <system-err><![CDATA[]]></system-err>
      </testcase>
      <testcase name="Test Cases/Tc_ProAcc_PM/Tc_ProgressMonitor" time="34.603" classname="Test Cases/Tc_ProAcc_PM/Tc_ProgressMonitor" status="PASSED">
         <system-out><![CDATA[2021-02-22 16:14:23 - [TEST_CASE][PASSED] - Test Cases/Tc_ProAcc_PM/Tc_ProgressMonitor: Test Cases/Tc_ProAcc_PM/Tc_ProgressMonitor

2021-02-22 16:14:24 - [TEST_STEP][PASSED] - runWithCucumberRunner(testRunner.Progressmonitor_pm): Run with 'testRunner.Progressmonitor_pm' was passed

2021-02-22 16:14:26 - [MESSAGE][PASSED] - Object: 'Object Repository/ProAcc_Pm/ProAcc_ResourceAllocation/ProgressMonitor' is clicked on

2021-02-22 16:14:28 - [MESSAGE][PASSED] - Text of object '' is: 'Seena'

2021-02-22 16:14:29 - [MESSAGE][PASSED] - Text of object '' is: 'Akhil'

2021-02-22 16:14:30 - [MESSAGE][PASSED] - Text of object '' is: 'Seena'

2021-02-22 16:14:30 - [MESSAGE][PASSED] - Text of object '' is: 'Seena'

2021-02-22 16:14:31 - [MESSAGE][PASSED] - Object: 'Object Repository/ProAcc_Pm/ProAcc_ProjectMonitor/Mail_Icon' is clicked on

2021-02-22 16:14:32 - [MESSAGE][PASSED] - Text 'sainath@promantus.com' is set on object 'Object Repository/ProAcc_Pm/ProAcc_ProjectMonitor/input__Emailid'

2021-02-22 16:14:32 - [MESSAGE][PASSED] - Text 'Test' is set on object 'Object Repository/ProAcc_Pm/ProAcc_ProjectMonitor/input__Subject'

2021-02-22 16:14:33 - [MESSAGE][PASSED] - Text 'Testing' is set on object 'Object Repository/ProAcc_Pm/ProAcc_ProjectMonitor/textarea__Body'

2021-02-22 16:14:34 - [MESSAGE][PASSED] - Object: 'Object Repository/ProAcc_Pm/ProAcc_ProjectMonitor/button_Send Mail' is clicked on

2021-02-22 16:14:35 - [MESSAGE][PASSED] - Object: 'Object Repository/ProAcc_Pm/ProAcc_ProjectMonitor/button_Add Activity' is clicked on

2021-02-22 16:14:35 - [MESSAGE][PASSED] - Object: 'Object Repository/ProAcc_Admin/ProAcc_Activity/input__txtTask' is clicked on

2021-02-22 16:14:36 - [MESSAGE][PASSED] - Text 'proAssMonila' is set on object 'Object Repository/ProAcc_Admin/ProAcc_Activity/input__txtTask'

2021-02-22 16:14:36 - [MESSAGE][PASSED] - Object: 'Object Repository/ProAcc_Admin/ProAcc_Activity/Select Application Area' is clicked on

2021-02-22 16:14:37 - [MESSAGE][PASSED] - All options with label 'Testing' are selected in object 'Object Repository/ProAcc_Admin/ProAcc_Activity/Select Application Area'  using regular expression

2021-02-22 16:14:39 - [MESSAGE][PASSED] - All options with label 'Basis Consultant' are selected in object 'Object Repository/ProAcc_Admin/ProAcc_Activity/Select Role'  using regular expression

2021-02-22 16:14:39 - [MESSAGE][PASSED] - Object: 'Object Repository/ProAcc_Pm/ProAcc_ProjectMonitor/Select_Owner' is clicked on

2021-02-22 16:14:40 - [MESSAGE][PASSED] - All options with label 'Seena' are selected in object 'Object Repository/ProAcc_Pm/ProAcc_ProjectMonitor/Select_Owner' 

2021-02-22 16:14:41 - [MESSAGE][PASSED] - All options with label 'Assessment Reports' are selected in object 'Object Repository/ProAcc_Admin/ProAcc_Activity/Select Building Block'  using regular expression

2021-02-22 16:14:42 - [MESSAGE][PASSED] - Text '11:23' is set on object 'Object Repository/ProAcc_Admin/ProAcc_Activity/input__txtEstimated'

2021-02-22 16:14:43 - [MESSAGE][PASSED] - All options with label 'Sequential' are selected in object 'Object Repository/ProAcc_Admin/ProAcc_Activity/Select Task Type'  using regular expression

2021-02-22 16:14:45 - [MESSAGE][PASSED] - Delayed 2 second(s)

2021-02-22 16:14:46 - [MESSAGE][PASSED] - Object: 'Object Repository/ProAcc_Pm/ProAcc_ProjectMonitor/button_CreateActivity' is clicked on

2021-02-22 16:14:46 - [MESSAGE][PASSED] - Object: 'Object Repository/ProAcc_Pm/ProAcc_ProjectMonitor/btnSeq' is clicked on

2021-02-22 16:14:48 - [MESSAGE][PASSED] - Delayed 2 second(s)

2021-02-22 16:14:49 - [MESSAGE][PASSED] - Object: 'Object Repository/ProAcc_Pm/ProAcc_ProjectMonitor/i_Yet To Start_Edittask' is clicked on

2021-02-22 16:14:51 - [MESSAGE][PASSED] - All options with value '3' are selected in object 'Object Repository/ProAcc_Pm/ProAcc_ProjectMonitor/select_Not Applicable'  using regular expression

2021-02-22 16:14:51 - [MESSAGE][PASSED] - Object: 'Object Repository/ProAcc_Pm/ProAcc_ProjectMonitor/button_Save' is clicked on

2021-02-22 16:14:52 - [MESSAGE][PASSED] - Text 'Test' is set on object 'Object Repository/ProAcc_Pm/ProAcc_ProjectMonitor/textarea_Add Comments_Comments'

2021-02-22 16:14:53 - [MESSAGE][PASSED] - Object: 'Object Repository/ProAcc_Pm/ProAcc_ProjectMonitor/button_SaveComments' is clicked on

2021-02-22 16:14:55 - [MESSAGE][PASSED] - Delayed 2 second(s)

2021-02-22 16:14:56 - [MESSAGE][PASSED] - Text 'proAssMonila' is set on object 'Object Repository/ProAcc_Pm/ProAcc_ProjectMonitor/Search_Task'

2021-02-22 16:14:58 - [MESSAGE][PASSED] - Delayed 2 second(s)

2021-02-22 16:14:58 - [MESSAGE][PASSED] - Run with 'testRunner.Progressmonitor_pm' was passed]]></system-out>
         <system-err><![CDATA[]]></system-err>
      </testcase>
      <testcase name="Test Cases/Tc_ProAcc_Consultant/Tc_ProgressMonitorConsultant_Assessment" time="161.69" classname="Test Cases/Tc_ProAcc_Consultant/Tc_ProgressMonitorConsultant_Assessment" status="PASSED">
         <system-out><![CDATA[2021-02-22 16:14:58 - [TEST_CASE][PASSED] - Test Cases/Tc_ProAcc_Consultant/Tc_ProgressMonitorConsultant_Assessment: Test Cases/Tc_ProAcc_Consultant/Tc_ProgressMonitorConsultant_Assessment

2021-02-22 16:14:58 - [TEST_STEP][PASSED] - runWithCucumberRunner(testRunner.ProgressMonitorConsultant_Runner): Run with 'testRunner.ProgressMonitorConsultant_Runner' was passed

2021-02-22 16:15:05 - [MESSAGE][PASSED] - Delayed 5 second(s)

2021-02-22 16:15:05 - [MESSAGE][WARNING] - A browser is already opened. Closing browser and opening a new one

2021-02-22 16:15:06 - [MESSAGE][INFO] - Starting 'Chrome' driver

2021-02-22 16:15:06 - [MESSAGE][INFO] - Action delay is set to 0 milliseconds

2021-02-22 16:15:08 - [MESSAGE][PASSED] - Browser is opened with url: ''

2021-02-22 16:15:08 - [MESSAGE][PASSED] - Current window maximized

2021-02-22 16:15:09 - [MESSAGE][PASSED] - Navigate to 'http://123.176.34.15:4041/ProAcc2QA' successfully

2021-02-22 16:15:10 - [MESSAGE][PASSED] - Text 'Seena' is set on object 'Object Repository/ProAcc_Login/input_User Name_Username'

2021-02-22 16:15:10 - [MESSAGE][PASSED] - Text 'a12345@' is set on object 'Object Repository/ProAcc_Login/input_Password_Password'

2021-02-22 16:15:13 - [MESSAGE][PASSED] - Object: 'Object Repository/ProAcc_Login/button_Sign In' is clicked on

2021-02-22 16:15:15 - [MESSAGE][PASSED] - Delayed 2 second(s)

2021-02-22 16:15:16 - [MESSAGE][PASSED] - Text of object '' is: 'Consultant'

2021-02-22 16:15:18 - [MESSAGE][PASSED] - Object: '' is clicked on

2021-02-22 16:15:18 - [MESSAGE][PASSED] - Object: 'Object Repository/ProAcc_Consultant/ProgressMonitor/report_Btn' is clicked on

2021-02-22 16:15:20 - [MESSAGE][PASSED] - All options with label 'Assessment' are selected in object 'Object Repository/ProAcc_Pm/ProAcc_ResourceAllocation/PhaseName'  using regular expression

2021-02-22 16:15:22 - [MESSAGE][PASSED] - Delayed 2 second(s)

2021-02-22 16:15:22 - [MESSAGE][PASSED] - Text of object '' is: 'Consultant'

2021-02-22 16:15:23 - [MESSAGE][PASSED] - All options with label 'Cipla Industries' are selected in object 'Object Repository/ProAcc_Consultant/ProgressMonitor/Select_Customer'  using regular expression

2021-02-22 16:15:24 - [MESSAGE][PASSED] - All options with label 'TestProject' are selected in object 'Object Repository/ProAcc_Consultant/ProgressMonitor/Select_Project'  using regular expression

2021-02-22 16:15:25 - [MESSAGE][PASSED] - All options with label 'TP1' are selected in object 'Object Repository/ProAcc_Consultant/ProgressMonitor/Select_Instance'  using regular expression

2021-02-22 16:15:27 - [MESSAGE][PASSED] - Delayed 2 second(s)

2021-02-22 16:15:28 - [MESSAGE][PASSED] - Object: 'Object Repository/ProAcc_Consultant/ProgressMonitor/edit' is clicked on

2021-02-22 16:15:30 - [MESSAGE][PASSED] - Delayed 2 second(s)

2021-02-22 16:15:33 - [MESSAGE][PASSED] - Delayed 3 second(s)

2021-02-22 16:15:34 - [MESSAGE][PASSED] - Delayed 1 second(s)

2021-02-22 16:15:35 - [MESSAGE][PASSED] - Delayed 1 second(s)

2021-02-22 16:15:36 - [MESSAGE][PASSED] - Delayed 1 second(s)

2021-02-22 16:15:37 - [MESSAGE][PASSED] - Delayed 1 second(s)

2021-02-22 16:15:41 - [MESSAGE][PASSED] - Delayed 3 second(s)

2021-02-22 16:15:43 - [MESSAGE][PASSED] - Delayed 2 second(s)

2021-02-22 16:15:44 - [MESSAGE][WARNING] - A browser is already opened. Closing browser and opening a new one

2021-02-22 16:15:45 - [MESSAGE][INFO] - Starting 'Chrome' driver

2021-02-22 16:15:45 - [MESSAGE][INFO] - Action delay is set to 0 milliseconds

2021-02-22 16:15:47 - [MESSAGE][PASSED] - Browser is opened with url: ''

2021-02-22 16:15:47 - [MESSAGE][PASSED] - Current window maximized

2021-02-22 16:15:48 - [MESSAGE][PASSED] - Navigate to 'http://123.176.34.15:4041/ProAcc2QA' successfully

2021-02-22 16:15:49 - [MESSAGE][PASSED] - Text 'Akhil' is set on object 'Object Repository/ProAcc_Login/input_User Name_Username'

2021-02-22 16:15:49 - [MESSAGE][PASSED] - Text 'a12345@' is set on object 'Object Repository/ProAcc_Login/input_Password_Password'

2021-02-22 16:15:52 - [MESSAGE][PASSED] - Object: 'Object Repository/ProAcc_Login/button_Sign In' is clicked on

2021-02-22 16:15:54 - [MESSAGE][PASSED] - Delayed 2 second(s)

2021-02-22 16:15:54 - [MESSAGE][PASSED] - Text of object '' is: 'Consultant'

2021-02-22 16:15:56 - [MESSAGE][PASSED] - Object: '' is clicked on

2021-02-22 16:15:57 - [MESSAGE][PASSED] - Object: 'Object Repository/ProAcc_Consultant/ProgressMonitor/report_Btn' is clicked on

2021-02-22 16:15:58 - [MESSAGE][PASSED] - All options with label 'Assessment' are selected in object 'Object Repository/ProAcc_Pm/ProAcc_ResourceAllocation/PhaseName'  using regular expression

2021-02-22 16:16:00 - [MESSAGE][PASSED] - Delayed 2 second(s)

2021-02-22 16:16:00 - [MESSAGE][PASSED] - Text of object '' is: 'Consultant'

2021-02-22 16:16:01 - [MESSAGE][PASSED] - All options with label 'Cipla Industries' are selected in object 'Object Repository/ProAcc_Consultant/ProgressMonitor/Select_Customer'  using regular expression

2021-02-22 16:16:02 - [MESSAGE][PASSED] - All options with label 'TestProject' are selected in object 'Object Repository/ProAcc_Consultant/ProgressMonitor/Select_Project'  using regular expression

2021-02-22 16:16:03 - [MESSAGE][PASSED] - All options with label 'TP1' are selected in object 'Object Repository/ProAcc_Consultant/ProgressMonitor/Select_Instance'  using regular expression

2021-02-22 16:16:05 - [MESSAGE][PASSED] - Delayed 2 second(s)

2021-02-22 16:16:06 - [MESSAGE][PASSED] - Object: 'Object Repository/ProAcc_Consultant/ProgressMonitor/edit' is clicked on

2021-02-22 16:16:08 - [MESSAGE][PASSED] - Delayed 2 second(s)

2021-02-22 16:16:11 - [MESSAGE][PASSED] - Delayed 3 second(s)

2021-02-22 16:16:12 - [MESSAGE][PASSED] - Delayed 1 second(s)

2021-02-22 16:16:13 - [MESSAGE][PASSED] - Delayed 1 second(s)

2021-02-22 16:16:14 - [MESSAGE][PASSED] - Delayed 1 second(s)

2021-02-22 16:16:15 - [MESSAGE][PASSED] - Delayed 1 second(s)

2021-02-22 16:16:19 - [MESSAGE][PASSED] - Delayed 3 second(s)

2021-02-22 16:16:21 - [MESSAGE][PASSED] - Delayed 2 second(s)

2021-02-22 16:16:23 - [MESSAGE][WARNING] - A browser is already opened. Closing browser and opening a new one

2021-02-22 16:16:24 - [MESSAGE][INFO] - Starting 'Chrome' driver

2021-02-22 16:16:24 - [MESSAGE][INFO] - Action delay is set to 0 milliseconds

2021-02-22 16:16:26 - [MESSAGE][PASSED] - Browser is opened with url: ''

2021-02-22 16:16:26 - [MESSAGE][PASSED] - Current window maximized

2021-02-22 16:16:27 - [MESSAGE][PASSED] - Navigate to 'http://123.176.34.15:4041/ProAcc2QA' successfully

2021-02-22 16:16:27 - [MESSAGE][PASSED] - Text 'Seena' is set on object 'Object Repository/ProAcc_Login/input_User Name_Username'

2021-02-22 16:16:28 - [MESSAGE][PASSED] - Text 'a12345@' is set on object 'Object Repository/ProAcc_Login/input_Password_Password'

2021-02-22 16:16:31 - [MESSAGE][PASSED] - Object: 'Object Repository/ProAcc_Login/button_Sign In' is clicked on

2021-02-22 16:16:33 - [MESSAGE][PASSED] - Delayed 2 second(s)

2021-02-22 16:16:33 - [MESSAGE][PASSED] - Text of object '' is: 'Consultant'

2021-02-22 16:16:35 - [MESSAGE][PASSED] - Object: '' is clicked on

2021-02-22 16:16:36 - [MESSAGE][PASSED] - Object: 'Object Repository/ProAcc_Consultant/ProgressMonitor/report_Btn' is clicked on

2021-02-22 16:16:37 - [MESSAGE][PASSED] - All options with label 'Assessment' are selected in object 'Object Repository/ProAcc_Pm/ProAcc_ResourceAllocation/PhaseName'  using regular expression

2021-02-22 16:16:39 - [MESSAGE][PASSED] - Delayed 2 second(s)

2021-02-22 16:16:39 - [MESSAGE][PASSED] - Text of object '' is: 'Consultant'

2021-02-22 16:16:40 - [MESSAGE][PASSED] - All options with label 'Cipla Industries' are selected in object 'Object Repository/ProAcc_Consultant/ProgressMonitor/Select_Customer'  using regular expression

2021-02-22 16:16:41 - [MESSAGE][PASSED] - All options with label 'TestProject' are selected in object 'Object Repository/ProAcc_Consultant/ProgressMonitor/Select_Project'  using regular expression

2021-02-22 16:16:42 - [MESSAGE][PASSED] - All options with label 'TP1' are selected in object 'Object Repository/ProAcc_Consultant/ProgressMonitor/Select_Instance'  using regular expression

2021-02-22 16:16:44 - [MESSAGE][PASSED] - Delayed 2 second(s)

2021-02-22 16:16:45 - [MESSAGE][PASSED] - Object: 'Object Repository/ProAcc_Consultant/ProgressMonitor/edit' is clicked on

2021-02-22 16:16:47 - [MESSAGE][PASSED] - Delayed 2 second(s)

2021-02-22 16:16:50 - [MESSAGE][PASSED] - Delayed 3 second(s)

2021-02-22 16:16:51 - [MESSAGE][PASSED] - Delayed 1 second(s)

2021-02-22 16:16:52 - [MESSAGE][PASSED] - Delayed 1 second(s)

2021-02-22 16:16:53 - [MESSAGE][PASSED] - Delayed 1 second(s)

2021-02-22 16:16:54 - [MESSAGE][PASSED] - Delayed 1 second(s)

2021-02-22 16:16:58 - [MESSAGE][PASSED] - Delayed 3 second(s)

2021-02-22 16:17:00 - [MESSAGE][PASSED] - Delayed 2 second(s)

2021-02-22 16:17:01 - [MESSAGE][WARNING] - A browser is already opened. Closing browser and opening a new one

2021-02-22 16:17:02 - [MESSAGE][INFO] - Starting 'Chrome' driver

2021-02-22 16:17:02 - [MESSAGE][INFO] - Action delay is set to 0 milliseconds

2021-02-22 16:17:04 - [MESSAGE][PASSED] - Browser is opened with url: ''

2021-02-22 16:17:04 - [MESSAGE][PASSED] - Current window maximized

2021-02-22 16:17:05 - [MESSAGE][PASSED] - Navigate to 'http://123.176.34.15:4041/ProAcc2QA' successfully

2021-02-22 16:17:06 - [MESSAGE][PASSED] - Text 'Seena' is set on object 'Object Repository/ProAcc_Login/input_User Name_Username'

2021-02-22 16:17:06 - [MESSAGE][PASSED] - Text 'a12345@' is set on object 'Object Repository/ProAcc_Login/input_Password_Password'

2021-02-22 16:17:09 - [MESSAGE][PASSED] - Object: 'Object Repository/ProAcc_Login/button_Sign In' is clicked on

2021-02-22 16:17:11 - [MESSAGE][PASSED] - Delayed 2 second(s)

2021-02-22 16:17:12 - [MESSAGE][PASSED] - Text of object '' is: 'Consultant'

2021-02-22 16:17:13 - [MESSAGE][PASSED] - Object: '' is clicked on

2021-02-22 16:17:14 - [MESSAGE][PASSED] - Object: 'Object Repository/ProAcc_Consultant/ProgressMonitor/report_Btn' is clicked on

2021-02-22 16:17:15 - [MESSAGE][PASSED] - All options with label 'Assessment' are selected in object 'Object Repository/ProAcc_Pm/ProAcc_ResourceAllocation/PhaseName'  using regular expression

2021-02-22 16:17:17 - [MESSAGE][PASSED] - Delayed 2 second(s)

2021-02-22 16:17:18 - [MESSAGE][PASSED] - Text of object '' is: 'Consultant'

2021-02-22 16:17:19 - [MESSAGE][PASSED] - All options with label 'Cipla Industries' are selected in object 'Object Repository/ProAcc_Consultant/ProgressMonitor/Select_Customer'  using regular expression

2021-02-22 16:17:20 - [MESSAGE][PASSED] - All options with label 'TestProject' are selected in object 'Object Repository/ProAcc_Consultant/ProgressMonitor/Select_Project'  using regular expression

2021-02-22 16:17:21 - [MESSAGE][PASSED] - All options with label 'TP1' are selected in object 'Object Repository/ProAcc_Consultant/ProgressMonitor/Select_Instance'  using regular expression

2021-02-22 16:17:23 - [MESSAGE][PASSED] - Delayed 2 second(s)

2021-02-22 16:17:23 - [MESSAGE][PASSED] - Object: 'Object Repository/ProAcc_Consultant/ProgressMonitor/edit' is clicked on

2021-02-22 16:17:25 - [MESSAGE][PASSED] - Delayed 2 second(s)

2021-02-22 16:17:28 - [MESSAGE][PASSED] - Delayed 3 second(s)

2021-02-22 16:17:29 - [MESSAGE][PASSED] - Delayed 1 second(s)

2021-02-22 16:17:30 - [MESSAGE][PASSED] - Delayed 1 second(s)

2021-02-22 16:17:31 - [MESSAGE][PASSED] - Delayed 1 second(s)

2021-02-22 16:17:33 - [MESSAGE][PASSED] - Delayed 1 second(s)

2021-02-22 16:17:36 - [MESSAGE][PASSED] - Delayed 3 second(s)

2021-02-22 16:17:38 - [MESSAGE][PASSED] - Delayed 2 second(s)

2021-02-22 16:17:40 - [MESSAGE][PASSED] - Run with 'testRunner.ProgressMonitorConsultant_Runner' was passed]]></system-out>
         <system-err><![CDATA[]]></system-err>
      </testcase>
      <testcase name="Test Cases/Tc_ProAcc_Consultant/Tc_CreateAnalysis" time="47.279" classname="Test Cases/Tc_ProAcc_Consultant/Tc_CreateAnalysis" status="PASSED">
         <system-out><![CDATA[2021-02-22 16:17:40 - [TEST_CASE][PASSED] - Test Cases/Tc_ProAcc_Consultant/Tc_CreateAnalysis: Test Cases/Tc_ProAcc_Consultant/Tc_CreateAnalysis

2021-02-22 16:17:40 - [TEST_STEP][PASSED] - runWithCucumberRunner(testRunner.CreateAnalysis_Runner): Run with 'testRunner.CreateAnalysis_Runner' was passed

2021-02-22 16:17:42 - [MESSAGE][WARNING] - A browser is already opened. Closing browser and opening a new one

2021-02-22 16:17:42 - [MESSAGE][INFO] - Starting 'Chrome' driver

2021-02-22 16:17:42 - [MESSAGE][INFO] - Action delay is set to 0 milliseconds

2021-02-22 16:17:45 - [MESSAGE][PASSED] - Browser is opened with url: ''

2021-02-22 16:17:45 - [MESSAGE][PASSED] - Current window maximized

2021-02-22 16:17:50 - [MESSAGE][PASSED] - Delayed 5 second(s)

2021-02-22 16:17:50 - [MESSAGE][PASSED] - Navigate to 'http://123.176.34.15:4041/PROACC2QA/' successfully

2021-02-22 16:17:51 - [MESSAGE][PASSED] - Text 'seena' is set on object 'Object Repository/ProAcc_Login/input_User Name_Username'

2021-02-22 16:17:52 - [MESSAGE][PASSED] - Text 'a12345@' is set on object 'Object Repository/ProAcc_Login/input_Password_Password'

2021-02-22 16:17:54 - [MESSAGE][PASSED] - Object: 'Object Repository/ProAcc_Login/button_Sign In' is clicked on

2021-02-22 16:17:56 - [MESSAGE][PASSED] - Delayed 2 second(s)

2021-02-22 16:17:58 - [MESSAGE][PASSED] - Object: 'Object Repository/ProAcc_Consultant/ProAcc_CreateAnalysis/CreateAnalysis_Click' is clicked on

2021-02-22 16:17:58 - [MESSAGE][PASSED] - Object: 'Object Repository/ProAcc_Consultant/ProgressMonitor/report_Btn' is clicked on

2021-02-22 16:18:00 - [MESSAGE][PASSED] - All options with label 'Cipla Industries' are selected in object 'Object Repository/ProAcc_Consultant/ProgressMonitor/Select_Customer'  using regular expression

2021-02-22 16:18:01 - [MESSAGE][PASSED] - All options with label 'TestProject' are selected in object 'Object Repository/ProAcc_Consultant/ProgressMonitor/Select_Project'  using regular expression

2021-02-22 16:18:02 - [MESSAGE][PASSED] - All options with label 'TP1' are selected in object 'Object Repository/ProAcc_Consultant/ProgressMonitor/Select_Instance'  using regular expression

2021-02-22 16:18:03 - [MESSAGE][PASSED] - File 'C:/Users/Group10/Desktop/ProAcc_Test/ProAcc_Test_New/Include/ProAcc_InputFile/Activities.xlsx' sent to object: 'Object Repository/ProAcc_Consultant/ProAcc_CreateAnalysis/FileUpload_Btn'

2021-02-22 16:18:05 - [MESSAGE][PASSED] - Delayed 2 second(s)

2021-02-22 16:18:05 - [MESSAGE][PASSED] - File 'C:/Users/Group10/Desktop/ProAcc_Test/ProAcc_Test_New/Include/ProAcc_InputFile/Bwextractors.xlsx' sent to object: 'Object Repository/ProAcc_Consultant/ProAcc_CreateAnalysis/FileUpload_Btn'

2021-02-22 16:18:07 - [MESSAGE][PASSED] - Delayed 2 second(s)

2021-02-22 16:18:08 - [MESSAGE][PASSED] - File 'C:/Users/Group10/Desktop/ProAcc_Test/ProAcc_Test_New/Include/ProAcc_InputFile/CustomCode.xlsx' sent to object: 'Object Repository/ProAcc_Consultant/ProAcc_CreateAnalysis/FileUpload_Btn'

2021-02-22 16:18:10 - [MESSAGE][PASSED] - Delayed 2 second(s)

2021-02-22 16:18:10 - [MESSAGE][PASSED] - File 'C:/Users/Group10/Desktop/ProAcc_Test/ProAcc_Test_New/Include/ProAcc_InputFile/HanaDatabaseTables.xlsx' sent to object: 'Object Repository/ProAcc_Consultant/ProAcc_CreateAnalysis/FileUpload_Btn'

2021-02-22 16:18:12 - [MESSAGE][PASSED] - Delayed 2 second(s)

2021-02-22 16:18:12 - [MESSAGE][PASSED] - File 'C:/Users/Group10/Desktop/ProAcc_Test/ProAcc_Test_New/Include/ProAcc_InputFile/RecommendedFioriApps.xlsx' sent to object: 'Object Repository/ProAcc_Consultant/ProAcc_CreateAnalysis/FileUpload_Btn'

2021-02-22 16:18:14 - [MESSAGE][PASSED] - Delayed 2 second(s)

2021-02-22 16:18:15 - [MESSAGE][PASSED] - File 'C:/Users/Group10/Desktop/ProAcc_Test/ProAcc_Test_New/Include/ProAcc_InputFile/RelevantSimplificationItems.xlsx' sent to object: 'Object Repository/ProAcc_Consultant/ProAcc_CreateAnalysis/FileUpload_Btn'

2021-02-22 16:18:17 - [MESSAGE][PASSED] - Delayed 2 second(s)

2021-02-22 16:18:17 - [MESSAGE][PASSED] - File 'C:/Users/Group10/Desktop/ProAcc_Test/ProAcc_Test_New/Include/ProAcc_InputFile/SAP Readiness Check.pdf' sent to object: 'Object Repository/ProAcc_Consultant/ProAcc_CreateAnalysis/FileUpload_Btn'

2021-02-22 16:18:19 - [MESSAGE][PASSED] - Delayed 2 second(s)

2021-02-22 16:18:20 - [MESSAGE][PASSED] - Object: 'Object Repository/ProAcc_Consultant/ProAcc_CreateAnalysis/ReadinessCheck_Checkbox' is clicked on

2021-02-22 16:18:20 - [MESSAGE][PASSED] - Object: 'Object Repository/ProAcc_Consultant/ProAcc_CreateAnalysis/AcknowldgeCheck_Checkbox' is clicked on

2021-02-22 16:18:21 - [MESSAGE][PASSED] - Object: 'Object Repository/ProAcc_Consultant/ProAcc_CreateAnalysis/StartAnalysis' is clicked on

2021-02-22 16:18:27 - [MESSAGE][PASSED] - Delayed 6 second(s)

2021-02-22 16:18:27 - [MESSAGE][PASSED] - Run with 'testRunner.CreateAnalysis_Runner' was passed]]></system-out>
         <system-err><![CDATA[]]></system-err>
      </testcase>
      <testcase name="Test Cases/Tc_ProAcc_PM/Tc_ResourceAllocation_PreConversion" time="35.756" classname="Test Cases/Tc_ProAcc_PM/Tc_ResourceAllocation_PreConversion" status="PASSED">
         <system-out><![CDATA[2021-02-22 16:18:27 - [TEST_CASE][PASSED] - Test Cases/Tc_ProAcc_PM/Tc_ResourceAllocation_PreConversion: Test Cases/Tc_ProAcc_PM/Tc_ResourceAllocation_PreConversion

2021-02-22 16:18:27 - [TEST_STEP][PASSED] - runWithCucumberRunner(phase_runner.ResourceAllocation_PreConversion_Runner): Run with 'phase_runner.ResourceAllocation_PreConversion_Runner' was passed

2021-02-22 16:18:30 - [MESSAGE][WARNING] - A browser is already opened. Closing browser and opening a new one

2021-02-22 16:18:31 - [MESSAGE][INFO] - Starting 'Chrome' driver

2021-02-22 16:18:31 - [MESSAGE][INFO] - Action delay is set to 0 milliseconds

2021-02-22 16:18:33 - [MESSAGE][PASSED] - Browser is opened with url: ''

2021-02-22 16:18:33 - [MESSAGE][PASSED] - Current window maximized

2021-02-22 16:18:38 - [MESSAGE][PASSED] - Delayed 5 second(s)

2021-02-22 16:18:41 - [MESSAGE][PASSED] - Navigate to 'http://123.176.34.15:4041/PROACC2QA/' successfully

2021-02-22 16:18:42 - [MESSAGE][PASSED] - Text 'TestPM' is set on object 'Object Repository/ProAcc_Login/input_User Name_Username'

2021-02-22 16:18:44 - [MESSAGE][PASSED] - Delayed 2 second(s)

2021-02-22 16:18:44 - [MESSAGE][PASSED] - Text 'a12345@' is set on object 'Object Repository/ProAcc_Login/input_Password_Password'

2021-02-22 16:18:46 - [MESSAGE][PASSED] - Object: 'Object Repository/ProAcc_Login/button_Sign In' is clicked on

2021-02-22 16:18:48 - [MESSAGE][PASSED] - Object: 'Object Repository/ProAcc_Pm/ProAcc_ResourceAllocation/span_Task Monitoring' is clicked on

2021-02-22 16:18:49 - [MESSAGE][PASSED] - Object: 'Object Repository/ProAcc_Pm/ProAcc_ResourceAllocation/a_Click' is clicked on

2021-02-22 16:18:51 - [MESSAGE][PASSED] - Delayed 2 second(s)

2021-02-22 16:18:52 - [MESSAGE][PASSED] - All options with label 'Pre Conversion' are selected in object 'Object Repository/ProAcc_Pm/ProAcc_ResourceAllocation/PhaseName'  using regular expression

2021-02-22 16:18:53 - [MESSAGE][PASSED] - Object: 'Object Repository/ProAcc_Pm/ProAcc_ResourceAllocation/Select_Project' is clicked on

2021-02-22 16:18:54 - [MESSAGE][PASSED] - All options with label 'TestProject' are selected in object 'Object Repository/ProAcc_Pm/ProAcc_ResourceAllocation/Select_Project'  using regular expression

2021-02-22 16:18:55 - [MESSAGE][PASSED] - All options with label 'TP1' are selected in object 'Object Repository/ProAcc_Pm/ProAcc_ResourceAllocation/Select Instance'  using regular expression

2021-02-22 16:18:56 - [MESSAGE][PASSED] - Object: 'Object Repository/ProAcc_Pm/ProAcc_ResourceAllocation/Pull_Data_Btn' is clicked on

2021-02-22 16:18:57 - [MESSAGE][PASSED] - Object: 'Object Repository/ProAcc_Pm/ProAcc_ResourceAllocation/button_Bulk Allocation' is clicked on

2021-02-22 16:18:58 - [MESSAGE][PASSED] - Object: 'Object Repository/ProAcc_Pm/ProAcc_ResourceAllocation/BulkBtn_Cancel' is clicked on

2021-02-22 16:18:59 - [MESSAGE][PASSED] - Object: 'Object Repository/ProAcc_Pm/ProAcc_ResourceAllocation/button_Bulk Allocation' is clicked on

2021-02-22 16:18:59 - [MESSAGE][PASSED] - Text of object '' is: 'Basis Consultant'

2021-02-22 16:19:01 - [MESSAGE][PASSED] - All options with label 'Basis Consultant' are selected in object 'Object Repository/ProAcc_Pm/ProAcc_ResourceAllocation/Select RoleBasis'  using regular expression

2021-02-22 16:19:01 - [MESSAGE][PASSED] - Text of object '' is: 'Seena '

2021-02-22 16:19:02 - [MESSAGE][PASSED] - All options with label 'Seena ' are selected in object 'Object Repository/ProAcc_Pm/ProAcc_ResourceAllocation/Select Ownercon'  using regular expression

2021-02-22 16:19:02 - [MESSAGE][PASSED] - Object: 'Object Repository/ProAcc_Pm/ProAcc_ResourceAllocation/button_Save' is clicked on

2021-02-22 16:19:03 - [MESSAGE][PASSED] - Run with 'phase_runner.ResourceAllocation_PreConversion_Runner' was passed]]></system-out>
         <system-err><![CDATA[]]></system-err>
      </testcase>
      <testcase name="Test Cases/Tc_ProAcc_PM/Tc_ProgressMonitor_PreConversion" time="34.359" classname="Test Cases/Tc_ProAcc_PM/Tc_ProgressMonitor_PreConversion" status="PASSED">
         <system-out><![CDATA[2021-02-22 16:19:03 - [TEST_CASE][PASSED] - Test Cases/Tc_ProAcc_PM/Tc_ProgressMonitor_PreConversion: Test Cases/Tc_ProAcc_PM/Tc_ProgressMonitor_PreConversion

2021-02-22 16:19:03 - [TEST_STEP][PASSED] - runWithCucumberRunner(phase_runner.ProgressMonitor_Pm_PreCon_Runner): Run with 'phase_runner.ProgressMonitor_Pm_PreCon_Runner' was passed

2021-02-22 16:19:05 - [MESSAGE][PASSED] - Object: 'Object Repository/ProAcc_Pm/ProAcc_ResourceAllocation/ProgressMonitor' is clicked on

2021-02-22 16:19:08 - [MESSAGE][PASSED] - Text of object '' is: 'Seena'

2021-02-22 16:19:08 - [MESSAGE][PASSED] - Text of object '' is: 'Seena'

2021-02-22 16:19:09 - [MESSAGE][PASSED] - Text of object '' is: 'Seena'

2021-02-22 16:19:09 - [MESSAGE][PASSED] - Text of object '' is: 'Seena'

2021-02-22 16:19:10 - [MESSAGE][PASSED] - Object: 'Object Repository/ProAcc_Pm/ProAcc_ProjectMonitor/Mail_Icon' is clicked on

2021-02-22 16:19:11 - [MESSAGE][PASSED] - Text 'sainath@promantus.com' is set on object 'Object Repository/ProAcc_Pm/ProAcc_ProjectMonitor/input__Emailid'

2021-02-22 16:19:12 - [MESSAGE][PASSED] - Text 'Test' is set on object 'Object Repository/ProAcc_Pm/ProAcc_ProjectMonitor/input__Subject'

2021-02-22 16:19:12 - [MESSAGE][PASSED] - Text 'Testing' is set on object 'Object Repository/ProAcc_Pm/ProAcc_ProjectMonitor/textarea__Body'

2021-02-22 16:19:13 - [MESSAGE][PASSED] - Object: 'Object Repository/ProAcc_Pm/ProAcc_ProjectMonitor/button_Send Mail' is clicked on

2021-02-22 16:19:14 - [MESSAGE][PASSED] - Object: 'Object Repository/ProAcc_Pm/ProAcc_ProjectMonitor/button_Add Activity' is clicked on

2021-02-22 16:19:14 - [MESSAGE][PASSED] - Object: 'Object Repository/ProAcc_Admin/ProAcc_Activity/input__txtTask' is clicked on

2021-02-22 16:19:15 - [MESSAGE][PASSED] - Text 'PreConMoni' is set on object 'Object Repository/ProAcc_Admin/ProAcc_Activity/input__txtTask'

2021-02-22 16:19:15 - [MESSAGE][PASSED] - Object: 'Object Repository/ProAcc_Admin/ProAcc_Activity/Select Application Area' is clicked on

2021-02-22 16:19:17 - [MESSAGE][PASSED] - All options with label 'Testing' are selected in object 'Object Repository/ProAcc_Admin/ProAcc_Activity/Select Application Area'  using regular expression

2021-02-22 16:19:18 - [MESSAGE][PASSED] - All options with label 'Basis Consultant' are selected in object 'Object Repository/ProAcc_Admin/ProAcc_Activity/Select Role'  using regular expression

2021-02-22 16:19:19 - [MESSAGE][PASSED] - Object: 'Object Repository/ProAcc_Pm/ProAcc_ProjectMonitor/Select_Owner' is clicked on

2021-02-22 16:19:19 - [MESSAGE][PASSED] - All options with label 'Seena' are selected in object 'Object Repository/ProAcc_Pm/ProAcc_ProjectMonitor/Select_Owner' 

2021-02-22 16:19:20 - [MESSAGE][PASSED] - All options with label 'Assessment Reports' are selected in object 'Object Repository/ProAcc_Admin/ProAcc_Activity/Select Building Block'  using regular expression

2021-02-22 16:19:21 - [MESSAGE][PASSED] - Text '11:23' is set on object 'Object Repository/ProAcc_Admin/ProAcc_Activity/input__txtEstimated'

2021-02-22 16:19:22 - [MESSAGE][PASSED] - All options with label 'Sequential' are selected in object 'Object Repository/ProAcc_Admin/ProAcc_Activity/Select Task Type'  using regular expression

2021-02-22 16:19:24 - [MESSAGE][PASSED] - Delayed 2 second(s)

2021-02-22 16:19:25 - [MESSAGE][PASSED] - Object: 'Object Repository/ProAcc_Pm/ProAcc_ProjectMonitor/button_CreateActivity' is clicked on

2021-02-22 16:19:26 - [MESSAGE][PASSED] - Object: 'Object Repository/ProAcc_Pm/ProAcc_ProjectMonitor/btnSeq' is clicked on

2021-02-22 16:19:28 - [MESSAGE][PASSED] - Delayed 2 second(s)

2021-02-22 16:19:28 - [MESSAGE][PASSED] - Object: 'Object Repository/ProAcc_Pm/ProAcc_ProjectMonitor/i_Yet To Start_Edittask' is clicked on

2021-02-22 16:19:30 - [MESSAGE][PASSED] - All options with value '3' are selected in object 'Object Repository/ProAcc_Pm/ProAcc_ProjectMonitor/select_Not Applicable'  using regular expression

2021-02-22 16:19:31 - [MESSAGE][PASSED] - Object: 'Object Repository/ProAcc_Pm/ProAcc_ProjectMonitor/button_Save' is clicked on

2021-02-22 16:19:31 - [MESSAGE][PASSED] - Text 'Test' is set on object 'Object Repository/ProAcc_Pm/ProAcc_ProjectMonitor/textarea_Add Comments_Comments'

2021-02-22 16:19:32 - [MESSAGE][PASSED] - Object: 'Object Repository/ProAcc_Pm/ProAcc_ProjectMonitor/button_SaveComments' is clicked on

2021-02-22 16:19:34 - [MESSAGE][PASSED] - Delayed 2 second(s)

2021-02-22 16:19:35 - [MESSAGE][PASSED] - Text 'PreConMoni' is set on object 'Object Repository/ProAcc_Pm/ProAcc_ProjectMonitor/Search_Task'

2021-02-22 16:19:37 - [MESSAGE][PASSED] - Delayed 2 second(s)

2021-02-22 16:19:37 - [MESSAGE][PASSED] - Run with 'phase_runner.ProgressMonitor_Pm_PreCon_Runner' was passed]]></system-out>
         <system-err><![CDATA[]]></system-err>
      </testcase>
      <testcase name="Test Cases/Tc_ProAcc_Consultant/Tc_ProgressMonitorConsultant_PreConversion" time="165.826" classname="Test Cases/Tc_ProAcc_Consultant/Tc_ProgressMonitorConsultant_PreConversion" status="PASSED">
         <system-out><![CDATA[2021-02-22 16:19:37 - [TEST_CASE][PASSED] - Test Cases/Tc_ProAcc_Consultant/Tc_ProgressMonitorConsultant_PreConversion: Test Cases/Tc_ProAcc_Consultant/Tc_ProgressMonitorConsultant_PreConversion

2021-02-22 16:19:37 - [TEST_STEP][PASSED] - runWithCucumberRunner(phase_runner.ProgressMonitor_Consultant_PreCon_Runner): Run with 'phase_runner.ProgressMonitor_Consultant_PreCon_Runner' was passed

2021-02-22 16:19:44 - [MESSAGE][PASSED] - Delayed 5 second(s)

2021-02-22 16:19:44 - [MESSAGE][WARNING] - A browser is already opened. Closing browser and opening a new one

2021-02-22 16:19:45 - [MESSAGE][INFO] - Starting 'Chrome' driver

2021-02-22 16:19:45 - [MESSAGE][INFO] - Action delay is set to 0 milliseconds

2021-02-22 16:19:47 - [MESSAGE][PASSED] - Browser is opened with url: ''

2021-02-22 16:19:48 - [MESSAGE][PASSED] - Current window maximized

2021-02-22 16:19:48 - [MESSAGE][PASSED] - Navigate to 'http://123.176.34.15:4041/ProAcc2QA' successfully

2021-02-22 16:19:49 - [MESSAGE][PASSED] - Text 'Seena' is set on object 'Object Repository/ProAcc_Login/input_User Name_Username'

2021-02-22 16:19:50 - [MESSAGE][PASSED] - Text 'a12345@' is set on object 'Object Repository/ProAcc_Login/input_Password_Password'

2021-02-22 16:19:53 - [MESSAGE][PASSED] - Object: 'Object Repository/ProAcc_Login/button_Sign In' is clicked on

2021-02-22 16:19:55 - [MESSAGE][PASSED] - Delayed 2 second(s)

2021-02-22 16:19:55 - [MESSAGE][PASSED] - Text of object '' is: 'Consultant'

2021-02-22 16:19:59 - [MESSAGE][PASSED] - Object: '' is clicked on

2021-02-22 16:20:01 - [MESSAGE][PASSED] - Object: 'Object Repository/ProAcc_Consultant/ProgressMonitor/report_Btn' is clicked on

2021-02-22 16:20:02 - [MESSAGE][PASSED] - All options with label 'Pre Conversion' are selected in object 'Object Repository/ProAcc_Pm/ProAcc_ResourceAllocation/PhaseName'  using regular expression

2021-02-22 16:20:04 - [MESSAGE][PASSED] - Delayed 2 second(s)

2021-02-22 16:20:05 - [MESSAGE][PASSED] - Text of object '' is: 'Consultant'

2021-02-22 16:20:06 - [MESSAGE][PASSED] - All options with label 'Cipla Industries' are selected in object 'Object Repository/ProAcc_Consultant/ProgressMonitor/Select_Customer'  using regular expression

2021-02-22 16:20:07 - [MESSAGE][PASSED] - All options with label 'TestProject' are selected in object 'Object Repository/ProAcc_Consultant/ProgressMonitor/Select_Project'  using regular expression

2021-02-22 16:20:08 - [MESSAGE][PASSED] - All options with label 'TP1' are selected in object 'Object Repository/ProAcc_Consultant/ProgressMonitor/Select_Instance'  using regular expression

2021-02-22 16:20:10 - [MESSAGE][PASSED] - Delayed 2 second(s)

2021-02-22 16:20:10 - [MESSAGE][PASSED] - Object: 'Object Repository/ProAcc_Consultant/ProgressMonitor/edit' is clicked on

2021-02-22 16:20:12 - [MESSAGE][PASSED] - Delayed 2 second(s)

2021-02-22 16:20:16 - [MESSAGE][PASSED] - Delayed 3 second(s)

2021-02-22 16:20:17 - [MESSAGE][PASSED] - Delayed 1 second(s)

2021-02-22 16:20:18 - [MESSAGE][PASSED] - Delayed 1 second(s)

2021-02-22 16:20:19 - [MESSAGE][PASSED] - Delayed 1 second(s)

2021-02-22 16:20:20 - [MESSAGE][PASSED] - Delayed 1 second(s)

2021-02-22 16:20:23 - [MESSAGE][PASSED] - Delayed 3 second(s)

2021-02-22 16:20:25 - [MESSAGE][PASSED] - Delayed 2 second(s)

2021-02-22 16:20:27 - [MESSAGE][WARNING] - A browser is already opened. Closing browser and opening a new one

2021-02-22 16:20:28 - [MESSAGE][INFO] - Starting 'Chrome' driver

2021-02-22 16:20:28 - [MESSAGE][INFO] - Action delay is set to 0 milliseconds

2021-02-22 16:20:30 - [MESSAGE][PASSED] - Browser is opened with url: ''

2021-02-22 16:20:30 - [MESSAGE][PASSED] - Current window maximized

2021-02-22 16:20:31 - [MESSAGE][PASSED] - Navigate to 'http://123.176.34.15:4041/ProAcc2QA' successfully

2021-02-22 16:20:32 - [MESSAGE][PASSED] - Text 'Seena' is set on object 'Object Repository/ProAcc_Login/input_User Name_Username'

2021-02-22 16:20:32 - [MESSAGE][PASSED] - Text 'a12345@' is set on object 'Object Repository/ProAcc_Login/input_Password_Password'

2021-02-22 16:20:35 - [MESSAGE][PASSED] - Object: 'Object Repository/ProAcc_Login/button_Sign In' is clicked on

2021-02-22 16:20:37 - [MESSAGE][PASSED] - Delayed 2 second(s)

2021-02-22 16:20:37 - [MESSAGE][PASSED] - Text of object '' is: 'Consultant'

2021-02-22 16:20:39 - [MESSAGE][PASSED] - Object: '' is clicked on

2021-02-22 16:20:40 - [MESSAGE][PASSED] - Object: 'Object Repository/ProAcc_Consultant/ProgressMonitor/report_Btn' is clicked on

2021-02-22 16:20:41 - [MESSAGE][PASSED] - All options with label 'Pre Conversion' are selected in object 'Object Repository/ProAcc_Pm/ProAcc_ResourceAllocation/PhaseName'  using regular expression

2021-02-22 16:20:43 - [MESSAGE][PASSED] - Delayed 2 second(s)

2021-02-22 16:20:43 - [MESSAGE][PASSED] - Text of object '' is: 'Consultant'

2021-02-22 16:20:44 - [MESSAGE][PASSED] - All options with label 'Cipla Industries' are selected in object 'Object Repository/ProAcc_Consultant/ProgressMonitor/Select_Customer'  using regular expression

[...]

2021-02-22 16:49:49 - [MESSAGE][PASSED] - Navigate to 'http://123.176.34.15:4041/ProAcc2QA' successfully

2021-02-22 16:49:50 - [MESSAGE][PASSED] - Text 'Akhil' is set on object 'Object Repository/ProAcc_Login/input_User Name_Username'

2021-02-22 16:49:50 - [MESSAGE][PASSED] - Text 'a12345@' is set on object 'Object Repository/ProAcc_Login/input_Password_Password'

2021-02-22 16:49:53 - [MESSAGE][PASSED] - Object: 'Object Repository/ProAcc_Login/button_Sign In' is clicked on

2021-02-22 16:49:55 - [MESSAGE][PASSED] - Delayed 2 second(s)

2021-02-22 16:49:55 - [MESSAGE][PASSED] - Text of object '' is: 'Consultant'

2021-02-22 16:49:57 - [MESSAGE][PASSED] - Object: '' is clicked on

2021-02-22 16:49:58 - [MESSAGE][PASSED] - Object: 'Object Repository/ProAcc_Consultant/ProgressMonitor/report_Btn' is clicked on

2021-02-22 16:49:59 - [MESSAGE][PASSED] - All options with label 'Post Conversion' are selected in object 'Object Repository/ProAcc_Pm/ProAcc_ResourceAllocation/PhaseName'  using regular expression

2021-02-22 16:50:01 - [MESSAGE][PASSED] - Delayed 2 second(s)

2021-02-22 16:50:01 - [MESSAGE][PASSED] - Text of object '' is: 'Consultant'

2021-02-22 16:50:02 - [MESSAGE][PASSED] - All options with label 'Cipla Industries' are selected in object 'Object Repository/ProAcc_Consultant/ProgressMonitor/Select_Customer'  using regular expression

2021-02-22 16:50:03 - [MESSAGE][PASSED] - All options with label 'TestProject' are selected in object 'Object Repository/ProAcc_Consultant/ProgressMonitor/Select_Project'  using regular expression

2021-02-22 16:50:04 - [MESSAGE][PASSED] - All options with label 'TP1' are selected in object 'Object Repository/ProAcc_Consultant/ProgressMonitor/Select_Instance'  using regular expression

2021-02-22 16:50:06 - [MESSAGE][PASSED] - Delayed 2 second(s)

2021-02-22 16:50:07 - [MESSAGE][PASSED] - Object: 'Object Repository/ProAcc_Consultant/ProgressMonitor/edit' is clicked on

2021-02-22 16:50:09 - [MESSAGE][PASSED] - Delayed 2 second(s)

2021-02-22 16:50:12 - [MESSAGE][PASSED] - Delayed 3 second(s)

2021-02-22 16:50:13 - [MESSAGE][PASSED] - Delayed 1 second(s)

2021-02-22 16:50:14 - [MESSAGE][PASSED] - Delayed 1 second(s)

2021-02-22 16:50:15 - [MESSAGE][PASSED] - Delayed 1 second(s)

2021-02-22 16:50:16 - [MESSAGE][PASSED] - Delayed 1 second(s)

2021-02-22 16:50:20 - [MESSAGE][PASSED] - Delayed 3 second(s)

2021-02-22 16:50:22 - [MESSAGE][PASSED] - Delayed 2 second(s)

2021-02-22 16:50:23 - [MESSAGE][WARNING] - A browser is already opened. Closing browser and opening a new one

2021-02-22 16:50:23 - [MESSAGE][INFO] - Starting 'Chrome' driver

2021-02-22 16:50:23 - [MESSAGE][INFO] - Action delay is set to 0 milliseconds

2021-02-22 16:50:26 - [MESSAGE][PASSED] - Browser is opened with url: ''

2021-02-22 16:50:26 - [MESSAGE][PASSED] - Current window maximized

2021-02-22 16:50:26 - [MESSAGE][PASSED] - Navigate to 'http://123.176.34.15:4041/ProAcc2QA' successfully

2021-02-22 16:50:27 - [MESSAGE][PASSED] - Text 'Akhil' is set on object 'Object Repository/ProAcc_Login/input_User Name_Username'

2021-02-22 16:50:28 - [MESSAGE][PASSED] - Text 'a12345@' is set on object 'Object Repository/ProAcc_Login/input_Password_Password'

2021-02-22 16:50:30 - [MESSAGE][PASSED] - Object: 'Object Repository/ProAcc_Login/button_Sign In' is clicked on

2021-02-22 16:50:32 - [MESSAGE][PASSED] - Delayed 2 second(s)

2021-02-22 16:50:33 - [MESSAGE][PASSED] - Text of object '' is: 'Consultant'

2021-02-22 16:50:34 - [MESSAGE][PASSED] - Object: '' is clicked on

2021-02-22 16:50:35 - [MESSAGE][PASSED] - Object: 'Object Repository/ProAcc_Consultant/ProgressMonitor/report_Btn' is clicked on

2021-02-22 16:50:36 - [MESSAGE][PASSED] - All options with label 'Post Conversion' are selected in object 'Object Repository/ProAcc_Pm/ProAcc_ResourceAllocation/PhaseName'  using regular expression

2021-02-22 16:50:38 - [MESSAGE][PASSED] - Delayed 2 second(s)

2021-02-22 16:50:38 - [MESSAGE][PASSED] - Text of object '' is: 'Consultant'

2021-02-22 16:50:39 - [MESSAGE][PASSED] - All options with label 'Cipla Industries' are selected in object 'Object Repository/ProAcc_Consultant/ProgressMonitor/Select_Customer'  using regular expression

2021-02-22 16:50:41 - [MESSAGE][PASSED] - All options with label 'TestProject' are selected in object 'Object Repository/ProAcc_Consultant/ProgressMonitor/Select_Project'  using regular expression

2021-02-22 16:50:42 - [MESSAGE][PASSED] - All options with label 'TP1' are selected in object 'Object Repository/ProAcc_Consultant/ProgressMonitor/Select_Instance'  using regular expression

2021-02-22 16:50:44 - [MESSAGE][PASSED] - Delayed 2 second(s)

2021-02-22 16:50:44 - [MESSAGE][PASSED] - Object: 'Object Repository/ProAcc_Consultant/ProgressMonitor/edit' is clicked on

2021-02-22 16:50:46 - [MESSAGE][PASSED] - Delayed 2 second(s)

2021-02-22 16:50:49 - [MESSAGE][PASSED] - Delayed 3 second(s)

2021-02-22 16:50:50 - [MESSAGE][PASSED] - Delayed 1 second(s)

2021-02-22 16:50:51 - [MESSAGE][PASSED] - Delayed 1 second(s)

2021-02-22 16:50:52 - [MESSAGE][PASSED] - Delayed 1 second(s)

2021-02-22 16:50:54 - [MESSAGE][PASSED] - Delayed 1 second(s)

2021-02-22 16:50:57 - [MESSAGE][PASSED] - Delayed 3 second(s)

2021-02-22 16:50:59 - [MESSAGE][PASSED] - Delayed 2 second(s)

2021-02-22 16:51:00 - [MESSAGE][WARNING] - A browser is already opened. Closing browser and opening a new one

2021-02-22 16:51:01 - [MESSAGE][INFO] - Starting 'Chrome' driver

2021-02-22 16:51:01 - [MESSAGE][INFO] - Action delay is set to 0 milliseconds

2021-02-22 16:51:03 - [MESSAGE][PASSED] - Browser is opened with url: ''

2021-02-22 16:51:03 - [MESSAGE][PASSED] - Current window maximized

2021-02-22 16:51:04 - [MESSAGE][PASSED] - Navigate to 'http://123.176.34.15:4041/ProAcc2QA' successfully

2021-02-22 16:51:05 - [MESSAGE][PASSED] - Text 'Akhil' is set on object 'Object Repository/ProAcc_Login/input_User Name_Username'

2021-02-22 16:51:05 - [MESSAGE][PASSED] - Text 'a12345@' is set on object 'Object Repository/ProAcc_Login/input_Password_Password'

2021-02-22 16:51:08 - [MESSAGE][PASSED] - Object: 'Object Repository/ProAcc_Login/button_Sign In' is clicked on

2021-02-22 16:51:10 - [MESSAGE][PASSED] - Delayed 2 second(s)

2021-02-22 16:51:11 - [MESSAGE][PASSED] - Text of object '' is: 'Consultant'

2021-02-22 16:51:13 - [MESSAGE][PASSED] - Object: '' is clicked on

2021-02-22 16:51:13 - [MESSAGE][PASSED] - Object: 'Object Repository/ProAcc_Consultant/ProgressMonitor/report_Btn' is clicked on

2021-02-22 16:51:14 - [MESSAGE][PASSED] - All options with label 'Post Conversion' are selected in object 'Object Repository/ProAcc_Pm/ProAcc_ResourceAllocation/PhaseName'  using regular expression

2021-02-22 16:51:16 - [MESSAGE][PASSED] - Delayed 2 second(s)

2021-02-22 16:51:17 - [MESSAGE][PASSED] - Text of object '' is: 'Consultant'

2021-02-22 16:51:18 - [MESSAGE][PASSED] - All options with label 'Cipla Industries' are selected in object 'Object Repository/ProAcc_Consultant/ProgressMonitor/Select_Customer'  using regular expression

2021-02-22 16:51:19 - [MESSAGE][PASSED] - All options with label 'TestProject' are selected in object 'Object Repository/ProAcc_Consultant/ProgressMonitor/Select_Project'  using regular expression

2021-02-22 16:51:20 - [MESSAGE][PASSED] - All options with label 'TP1' are selected in object 'Object Repository/ProAcc_Consultant/ProgressMonitor/Select_Instance'  using regular expression

2021-02-22 16:51:22 - [MESSAGE][PASSED] - Delayed 2 second(s)

2021-02-22 16:51:22 - [MESSAGE][PASSED] - Object: 'Object Repository/ProAcc_Consultant/ProgressMonitor/edit' is clicked on

2021-02-22 16:51:24 - [MESSAGE][PASSED] - Delayed 2 second(s)

2021-02-22 16:51:27 - [MESSAGE][PASSED] - Delayed 3 second(s)

2021-02-22 16:51:28 - [MESSAGE][PASSED] - Delayed 1 second(s)

2021-02-22 16:51:29 - [MESSAGE][PASSED] - Delayed 1 second(s)

2021-02-22 16:51:30 - [MESSAGE][PASSED] - Delayed 1 second(s)

2021-02-22 16:51:32 - [MESSAGE][PASSED] - Delayed 1 second(s)

2021-02-22 16:51:35 - [MESSAGE][PASSED] - Delayed 3 second(s)

2021-02-22 16:51:37 - [MESSAGE][PASSED] - Delayed 2 second(s)

2021-02-22 16:51:39 - [MESSAGE][WARNING] - A browser is already opened. Closing browser and opening a new one

2021-02-22 16:51:39 - [MESSAGE][INFO] - Starting 'Chrome' driver

2021-02-22 16:51:39 - [MESSAGE][INFO] - Action delay is set to 0 milliseconds

2021-02-22 16:51:42 - [MESSAGE][PASSED] - Browser is opened with url: ''

2021-02-22 16:51:42 - [MESSAGE][PASSED] - Current window maximized

2021-02-22 16:51:42 - [MESSAGE][PASSED] - Navigate to 'http://123.176.34.15:4041/ProAcc2QA' successfully

2021-02-22 16:51:43 - [MESSAGE][PASSED] - Text 'Akhil' is set on object 'Object Repository/ProAcc_Login/input_User Name_Username'

2021-02-22 16:51:44 - [MESSAGE][PASSED] - Text 'a12345@' is set on object 'Object Repository/ProAcc_Login/input_Password_Password'

2021-02-22 16:51:47 - [MESSAGE][PASSED] - Object: 'Object Repository/ProAcc_Login/button_Sign In' is clicked on

2021-02-22 16:51:49 - [MESSAGE][PASSED] - Delayed 2 second(s)

2021-02-22 16:51:49 - [MESSAGE][PASSED] - Text of object '' is: 'Consultant'

2021-02-22 16:51:51 - [MESSAGE][PASSED] - Object: '' is clicked on

2021-02-22 16:51:52 - [MESSAGE][PASSED] - Object: 'Object Repository/ProAcc_Consultant/ProgressMonitor/report_Btn' is clicked on

2021-02-22 16:51:53 - [MESSAGE][PASSED] - All options with label 'Post Conversion' are selected in object 'Object Repository/ProAcc_Pm/ProAcc_ResourceAllocation/PhaseName'  using regular expression

2021-02-22 16:51:55 - [MESSAGE][PASSED] - Delayed 2 second(s)

2021-02-22 16:51:55 - [MESSAGE][PASSED] - Text of object '' is: 'Consultant'

2021-02-22 16:51:56 - [MESSAGE][PASSED] - All options with label 'Cipla Industries' are selected in object 'Object Repository/ProAcc_Consultant/ProgressMonitor/Select_Customer'  using regular expression

2021-02-22 16:51:58 - [MESSAGE][PASSED] - All options with label 'TestProject' are selected in object 'Object Repository/ProAcc_Consultant/ProgressMonitor/Select_Project'  using regular expression

2021-02-22 16:51:59 - [MESSAGE][PASSED] - All options with label 'TP1' are selected in object 'Object Repository/ProAcc_Consultant/ProgressMonitor/Select_Instance'  using regular expression

2021-02-22 16:52:01 - [MESSAGE][PASSED] - Delayed 2 second(s)

2021-02-22 16:52:01 - [MESSAGE][PASSED] - Object: 'Object Repository/ProAcc_Consultant/ProgressMonitor/edit' is clicked on

2021-02-22 16:52:03 - [MESSAGE][PASSED] - Delayed 2 second(s)

2021-02-22 16:52:06 - [MESSAGE][PASSED] - Delayed 3 second(s)

2021-02-22 16:52:07 - [MESSAGE][PASSED] - Delayed 1 second(s)

2021-02-22 16:52:08 - [MESSAGE][PASSED] - Delayed 1 second(s)

2021-02-22 16:52:09 - [MESSAGE][PASSED] - Delayed 1 second(s)

2021-02-22 16:52:11 - [MESSAGE][PASSED] - Delayed 1 second(s)

2021-02-22 16:52:14 - [MESSAGE][PASSED] - Delayed 3 second(s)

2021-02-22 16:52:16 - [MESSAGE][PASSED] - Delayed 2 second(s)

2021-02-22 16:52:17 - [MESSAGE][WARNING] - A browser is already opened. Closing browser and opening a new one

2021-02-22 16:52:18 - [MESSAGE][INFO] - Starting 'Chrome' driver

2021-02-22 16:52:18 - [MESSAGE][INFO] - Action delay is set to 0 milliseconds

2021-02-22 16:52:20 - [MESSAGE][PASSED] - Browser is opened with url: ''

2021-02-22 16:52:20 - [MESSAGE][PASSED] - Current window maximized

2021-02-22 16:52:21 - [MESSAGE][PASSED] - Navigate to 'http://123.176.34.15:4041/ProAcc2QA' successfully

2021-02-22 16:52:22 - [MESSAGE][PASSED] - Text 'Seena' is set on object 'Object Repository/ProAcc_Login/input_User Name_Username'

2021-02-22 16:52:23 - [MESSAGE][PASSED] - Text 'a12345@' is set on object 'Object Repository/ProAcc_Login/input_Password_Password'

2021-02-22 16:52:25 - [MESSAGE][PASSED] - Object: 'Object Repository/ProAcc_Login/button_Sign In' is clicked on

2021-02-22 16:52:27 - [MESSAGE][PASSED] - Delayed 2 second(s)

2021-02-22 16:52:27 - [MESSAGE][PASSED] - Text of object '' is: 'Consultant'

2021-02-22 16:52:29 - [MESSAGE][PASSED] - Object: '' is clicked on

2021-02-22 16:52:30 - [MESSAGE][PASSED] - Object: 'Object Repository/ProAcc_Consultant/ProgressMonitor/report_Btn' is clicked on

2021-02-22 16:52:31 - [MESSAGE][PASSED] - All options with label 'Post Conversion' are selected in object 'Object Repository/ProAcc_Pm/ProAcc_ResourceAllocation/PhaseName'  using regular expression

2021-02-22 16:52:33 - [MESSAGE][PASSED] - Delayed 2 second(s)

2021-02-22 16:52:33 - [MESSAGE][PASSED] - Text of object '' is: 'Consultant'

2021-02-22 16:52:34 - [MESSAGE][PASSED] - All options with label 'Cipla Industries' are selected in object 'Object Repository/ProAcc_Consultant/ProgressMonitor/Select_Customer'  using regular expression

2021-02-22 16:52:36 - [MESSAGE][PASSED] - All options with label 'TestProject' are selected in object 'Object Repository/ProAcc_Consultant/ProgressMonitor/Select_Project'  using regular expression

2021-02-22 16:52:37 - [MESSAGE][PASSED] - All options with label 'TP1' are selected in object 'Object Repository/ProAcc_Consultant/ProgressMonitor/Select_Instance'  using regular expression

2021-02-22 16:52:39 - [MESSAGE][PASSED] - Delayed 2 second(s)

2021-02-22 16:52:39 - [MESSAGE][PASSED] - Object: 'Object Repository/ProAcc_Consultant/ProgressMonitor/edit' is clicked on

2021-02-22 16:52:41 - [MESSAGE][PASSED] - Delayed 2 second(s)

2021-02-22 16:52:44 - [MESSAGE][PASSED] - Delayed 3 second(s)

2021-02-22 16:52:45 - [MESSAGE][PASSED] - Delayed 1 second(s)

2021-02-22 16:52:46 - [MESSAGE][PASSED] - Delayed 1 second(s)

2021-02-22 16:52:47 - [MESSAGE][PASSED] - Delayed 1 second(s)

2021-02-22 16:52:49 - [MESSAGE][PASSED] - Delayed 1 second(s)

2021-02-22 16:52:52 - [MESSAGE][PASSED] - Delayed 3 second(s)

2021-02-22 16:52:54 - [MESSAGE][PASSED] - Delayed 2 second(s)

2021-02-22 16:52:55 - [MESSAGE][WARNING] - A browser is already opened. Closing browser and opening a new one

2021-02-22 16:52:56 - [MESSAGE][INFO] - Starting 'Chrome' driver

2021-02-22 16:52:56 - [MESSAGE][INFO] - Action delay is set to 0 milliseconds

2021-02-22 16:52:59 - [MESSAGE][PASSED] - Browser is opened with url: ''

2021-02-22 16:52:59 - [MESSAGE][PASSED] - Current window maximized

2021-02-22 16:52:59 - [MESSAGE][PASSED] - Navigate to 'http://123.176.34.15:4041/ProAcc2QA' successfully

2021-02-22 16:53:00 - [MESSAGE][PASSED] - Text 'Seena' is set on object 'Object Repository/ProAcc_Login/input_User Name_Username'

2021-02-22 16:53:01 - [MESSAGE][PASSED] - Text 'a12345@' is set on object 'Object Repository/ProAcc_Login/input_Password_Password'

2021-02-22 16:53:04 - [MESSAGE][PASSED] - Object: 'Object Repository/ProAcc_Login/button_Sign In' is clicked on

2021-02-22 16:53:06 - [MESSAGE][PASSED] - Delayed 2 second(s)

2021-02-22 16:53:06 - [MESSAGE][PASSED] - Text of object '' is: 'Consultant'

2021-02-22 16:53:08 - [MESSAGE][PASSED] - Object: '' is clicked on

2021-02-22 16:53:08 - [MESSAGE][PASSED] - Object: 'Object Repository/ProAcc_Consultant/ProgressMonitor/report_Btn' is clicked on

2021-02-22 16:53:10 - [MESSAGE][PASSED] - All options with label 'Post Conversion' are selected in object 'Object Repository/ProAcc_Pm/ProAcc_ResourceAllocation/PhaseName'  using regular expression

2021-02-22 16:53:12 - [MESSAGE][PASSED] - Delayed 2 second(s)

2021-02-22 16:53:12 - [MESSAGE][PASSED] - Text of object '' is: 'Consultant'

2021-02-22 16:53:13 - [MESSAGE][PASSED] - All options with label 'Cipla Industries' are selected in object 'Object Repository/ProAcc_Consultant/ProgressMonitor/Select_Customer'  using regular expression

2021-02-22 16:53:14 - [MESSAGE][PASSED] - All options with label 'TestProject' are selected in object 'Object Repository/ProAcc_Consultant/ProgressMonitor/Select_Project'  using regular expression

2021-02-22 16:53:15 - [MESSAGE][PASSED] - All options with label 'TP1' are selected in object 'Object Repository/ProAcc_Consultant/ProgressMonitor/Select_Instance'  using regular expression

2021-02-22 16:53:17 - [MESSAGE][PASSED] - Delayed 2 second(s)

2021-02-22 16:53:17 - [MESSAGE][PASSED] - Object: 'Object Repository/ProAcc_Consultant/ProgressMonitor/edit' is clicked on

2021-02-22 16:53:19 - [MESSAGE][PASSED] - Delayed 2 second(s)

2021-02-22 16:53:22 - [MESSAGE][PASSED] - Delayed 3 second(s)

2021-02-22 16:53:23 - [MESSAGE][PASSED] - Delayed 1 second(s)

2021-02-22 16:53:25 - [MESSAGE][PASSED] - Delayed 1 second(s)

2021-02-22 16:53:26 - [MESSAGE][PASSED] - Delayed 1 second(s)

2021-02-22 16:53:27 - [MESSAGE][PASSED] - Delayed 1 second(s)

2021-02-22 16:53:30 - [MESSAGE][PASSED] - Delayed 3 second(s)

2021-02-22 16:53:32 - [MESSAGE][PASSED] - Delayed 2 second(s)

2021-02-22 16:53:33 - [MESSAGE][WARNING] - A browser is already opened. Closing browser and opening a new one

2021-02-22 16:53:34 - [MESSAGE][INFO] - Starting 'Chrome' driver

2021-02-22 16:53:34 - [MESSAGE][INFO] - Action delay is set to 0 milliseconds

2021-02-22 16:53:36 - [MESSAGE][PASSED] - Browser is opened with url: ''

2021-02-22 16:53:37 - [MESSAGE][PASSED] - Current window maximized

2021-02-22 16:53:37 - [MESSAGE][PASSED] - Navigate to 'http://123.176.34.15:4041/ProAcc2QA' successfully

2021-02-22 16:53:38 - [MESSAGE][PASSED] - Text 'Abhi' is set on object 'Object Repository/ProAcc_Login/input_User Name_Username'

2021-02-22 16:53:39 - [MESSAGE][PASSED] - Text 'a12345@' is set on object 'Object Repository/ProAcc_Login/input_Password_Password'

2021-02-22 16:53:41 - [MESSAGE][PASSED] - Object: 'Object Repository/ProAcc_Login/button_Sign In' is clicked on

2021-02-22 16:53:43 - [MESSAGE][PASSED] - Delayed 2 second(s)

2021-02-22 16:53:43 - [MESSAGE][PASSED] - Text of object '' is: 'Consultant'

2021-02-22 16:53:45 - [MESSAGE][PASSED] - Object: '' is clicked on

2021-02-22 16:53:46 - [MESSAGE][PASSED] - Object: 'Object Repository/ProAcc_Consultant/ProgressMonitor/report_Btn' is clicked on

2021-02-22 16:53:47 - [MESSAGE][PASSED] - All options with label 'Post Conversion' are selected in object 'Object Repository/ProAcc_Pm/ProAcc_ResourceAllocation/PhaseName'  using regular expression

2021-02-22 16:53:49 - [MESSAGE][PASSED] - Delayed 2 second(s)

2021-02-22 16:53:49 - [MESSAGE][PASSED] - Text of object '' is: 'Consultant'

2021-02-22 16:53:50 - [MESSAGE][PASSED] - All options with label 'Cipla Industries' are selected in object 'Object Repository/ProAcc_Consultant/ProgressMonitor/Select_Customer'  using regular expression

2021-02-22 16:53:51 - [MESSAGE][PASSED] - All options with label 'TestProject' are selected in object 'Object Repository/ProAcc_Consultant/ProgressMonitor/Select_Project'  using regular expression

2021-02-22 16:53:53 - [MESSAGE][PASSED] - All options with label 'TP1' are selected in object 'Object Repository/ProAcc_Consultant/ProgressMonitor/Select_Instance'  using regular expression

2021-02-22 16:53:55 - [MESSAGE][PASSED] - Delayed 2 second(s)

2021-02-22 16:53:55 - [MESSAGE][PASSED] - Object: 'Object Repository/ProAcc_Consultant/ProgressMonitor/edit' is clicked on

2021-02-22 16:53:57 - [MESSAGE][PASSED] - Delayed 2 second(s)

2021-02-22 16:54:00 - [MESSAGE][PASSED] - Delayed 3 second(s)

2021-02-22 16:54:01 - [MESSAGE][PASSED] - Delayed 1 second(s)

2021-02-22 16:54:02 - [MESSAGE][PASSED] - Delayed 1 second(s)

2021-02-22 16:54:03 - [MESSAGE][PASSED] - Delayed 1 second(s)

2021-02-22 16:54:05 - [MESSAGE][PASSED] - Delayed 1 second(s)

2021-02-22 16:54:08 - [MESSAGE][PASSED] - Delayed 3 second(s)

2021-02-22 16:54:10 - [MESSAGE][PASSED] - Delayed 2 second(s)

2021-02-22 16:54:11 - [MESSAGE][PASSED] - Run with 'phase_runner.ProgressMonitor_Consultant_PostCon_Runner' was passed]]></system-out>
         <system-err><![CDATA[]]></system-err>
      </testcase>
      <system-out><![CDATA[2021-02-22 16:08:28 - [TEST_SUITE][PASSED] - ProAcc_Suite: Test Cases/Tc_ProAcc_Consultant/Tc_ProgressMonitorConsultant_PostConversion]]></system-out>
      <system-err><![CDATA[]]></system-err>
   </testsuite>
</testsuites>
